
/*
Autor: xiantia
Version : 1.2
Date : 16/09/07

Comment :
	
	List of string can be parsing

	Structure :
	[balise]
	..
	..
	[/balise]

	Data :
	[unique_id]String_Rexg

	unique_id can be :
	1xxxx : for generique info
	2xxxx : for error from Gdb
*/


[know_errors_list_gdb]
//
// generic info 
//
[0]^\(gdb\)\s
// when load target
[10000]^Using host libthread_db library .*\.
// when start target
[10001]^\[Thread debugging using libthread_db .*\]
// when start target
[10002]^\[New Thread .* \(LWP .*\)\]
// when start target
[10003]^\[Switching to Thread .* \(LWP .*\)\]
//
[10004]^Reading symbols from .*\(no debugging symbols found\).*
[10005]^Reading symbols from .*done\.
[10006]^\[Current thread is [0-9]{1,} \(.*\)\]
[10007]^Program exited normally\.
// break hit
[10009]^Breakpoint [0-9]{1,}, .* at .*:[0-9]{1,}
//
[10010]^Starting program: .*
[10011]^Continuing at 
[10012]^Continuing\.
[10013]^Continuing with no signal\.
[10014]^Continuing with signal .*\.
//[10015]^Kill the program being debugged\? \(y or n\).
[10016]^Kill the program being debugged\? \(y or n\) \[answered Y; input not from terminal\]
[10017]^\[.* exited\]
[10018]^Breakpoint [0-9]{1,} now unconditional\.
[10019]^Load new symbol table from ".*"\? \(y or n\) \[answered Y; input not from terminal\]
//
// error
//
//
// when -aaaaa
[20000]^Undefined command: .*.  Try "help".
// -file-exec-and-symbols tagetName
[20001].*: No such file or directory.
// when ?
[20002]^Couldn't read floating-point and SSE registers: No such process.
// when -exec-next
[20003]^ptrace: No such process.
// when -data-evaluate-expression t
[20004]^No symbol .* in specified context.
[20005][0-1]{1,}: Unknown section type in a\.out\.adobe file: [a-fA-F0-9]{1,}
[20006].*: Invalid relocation type exported: [0-9]{1,}
[20007][0-1]{1,}: Invalid relocation type imported: [0-9]{1,}
[20008][0-1]{1,}: Bad relocation record imported: [0-9]{1,}
[20009].*: can not represent section `.*' in a\.out object file format
[20010].*: relocatable link from .* to .* not supported
//[20011]^Warning: writing archive was slow: rewriting timestamp
//[20012]^Reading archive file mod timestamp
//[20013]^Writing updated armap timestamp
[20014]^BFD .* assertion fail .*:[0-9]{1,}
[20015]^BFD .* internal error, aborting at .* line [0-9]{1,} in .*
[20016]^BFD .* internal error, aborting at .* line [0-9]{1,}
[20017]^Please report this bug\.
[20018]^not mapping: data=%lx mapped=[0-9]{1,}
[20019]^not mapping: env var not set
[20020]^Program received signal SIGABRT, .*\.
//Program received signal SIGSEGV, Segmentation fault.
[20021]^Program received signal SIGSEGV, .*\.
[20022][0-1]{1,}: Cannot handle compressed Alpha binaries\.   Use compiler flags, or objZ, to generate uncompressed binaries\.
[20023][0-1]{1,}: unknown/unsupported relocation type [0-9]{1,}
[20024]^Program received signal SIGTRAP,.*\.
[20025]^GP relative relocation used when GP not defined
[20026]^using multiple gp values
[20027][0-1]{1,}: unsupported relocation: ALPHA_R_GPRELHIGH
[20028][0-1]{1,}: unsupported relocation: ALPHA_R_GPRELLOW
[20029][0-1]{1,}: unknown relocation type [0-9]{1,}
[20030]^GP relative relocation used when GP not defined
[20031][0-1]{1,}: unable to find THUMB glue '.*' for `.*'
[20032][0-1]{1,}: unable to find ARM glue '.*' for `.*'
[20033][0-1]{1,}\(.*\): warning: interworking not enabled\.  first occurrence: [0-1]{1,}: arm call to thumb
[20034][0-1]{1,}\(.*\): warning: interworking not enabled\.  first occurrence: [0-1]{1,}: thumb call to arm  consider relinking with \-\-support\-old\-code enabled
[20035][0-1]{1,}: bad reloc address 0x%lx in section `.*'
[20036][0-1]{1,}: illegal symbol index in reloc: [0-9]{1,}
[20037]^ERROR: [0-1]{1,} is compiled for APCS\-[0-9]{1,}, whereas [0-1]{1,} is compiled for APCS\-[0-9]{1,}
[20038]^ERROR: [0-1]{1,} passes floats in float registers, whereas [0-1]{1,} passes them in integer registers
[20039]^ERROR: [0-1]{1,} passes floats in integer registers, whereas [0-1]{1,} passes them in float registers
[20040]^ERROR: [0-1]{1,} is compiled as position independent code, whereas target [0-1]{1,} is absolute position
[20041]^ERROR: [0-1]{1,} is compiled as absolute position code, whereas target [0-1]{1,} is position independent
//[20042]^Warning: [0-1]{1,} supports interworking, whereas [0-1]{1,} does not
//[20043]^Warning: [0-1]{1,} does not support interworking, whereas [0-1]{1,} does
//[20044]^Warning: Not setting interworking flag of [0-1]{1,} since it has already been specified as non\-interworking
//[20045]^Warning: Clearing the interworking flag of [0-1]{1,} due to outside request
[20046]^cannot handle R_MEM_INDIRECT reloc when using .* output
[20047]^Relocation `.*' not yet implemented
//[20048][0-1]{1,}: warning: illegal symbol index .* in relocs
[20049]^uncertain calling convention for non\-COFF symbol
[20050]^uncertain calling convention for non\-COFF symbol
[20051]^unsupported reloc type
[20052]^Can't Make it a Short Jump
[20053]^Exceeds Long Jump Range
[20054]^Absolute address Exceeds 16 bit Range
[20055]^Absolute address Exceeds 8 bit Range
//[20056]
[20057]^Unrecognized Reloc Type
[20058][0-1]{1,}: Relocation .* \([0-9]{1,}\) is not currently supported\.
[20059][0-1]{1,}: unsupported relocation type 0x%02x
[20060]^Warning: unsupported reloc .* <file [0-1]{1,}, section .*>sym .* \(.*\), r_vaddr .* \(%lx\)
[20061]^GP relative relocation when _gp not defined
[20062]^GP relative relocation used when GP not defined
[20063]^Unrecognized reloc
[20064]^File .*, line [0-9]{1,}, Hash check failure, bad eye %8s
[20065]^Unimplemented Relocation \-\- .*
[20066]^TOC overflow
[20067][0-1]{1,}: unsupported relocation type 0x%02x
[20068][0-1]{1,}: Relocation for .* of %lx exceeds Toc size limit
[20069][0-1]{1,}: Relocation exceeds allocated TOC \(%lx\)
[20070]^Warning: unsupported reloc .* <file [0-1]{1,}, section .*>sym .* \(.*\), r_vaddr .* \(%lx\)
[20071][0-1]{1,}: Out of order IMGLUE reloc for .*
[20072]^Out of bounds!
[20073]^Warning: Unsupported reloc .* \[[0-9]{1,}\] used \-\- it may not work\.
//[20074]
[20075].*: unsupported relocation type 0x%02x
[20076].*: TOC reloc at 0x[a-fA-F0-9]{1,} to symbol `.*' with no TOC entry
[20077][0-1]{1,}: symbol `.*' has unrecognized smclas [0-9]{1,}
[20078]^Unrecognized reloc type 0x[a-fA-F0-9]{1,}
[20079].*: warning: illegal symbol index .* in relocs
[20080]^Unrecognized reloc type 0x[a-fA-F0-9]{1,}
[20081][0-1]{1,}: warning: illegal symbol index .* in relocs
[20082]^Unrecognized reloc type 0x[a-fA-F0-9]{1,}
[20083][0-1]{1,}: bad reloc address 0x%lx in section `.*'
[20084]^ignoring reloc .*
[20085][0-1]{1,}: symbol `.*' has unrecognized smclas [0-9]{1,}
[20086][0-1]{1,}: warning: COMDAT symbol '.*' does not match section name '.*'
[20087][0-1]{1,}: Warning: Ignoring section flag IMAGE_SCN_MEM_NOT_PAGED in section .*
[20088][0-1]{1,} \(.*\): Section flag .* \(0x[a-fA-F0-9]{1,}\) ignored
[20089]^Unrecognized TI COFF target id '0x[a-fA-F0-9]{1,}'
[20090][0-1]{1,}: reloc against a non\-existant symbol index: .*
[20091][0-1]{1,}: warning: line number table read failed
[20092][0-1]{1,}: warning: illegal symbol index .* in line numbers
[20093][0-1]{1,}: warning: duplicate line number information for `.*'
[20094][0-1]{1,}: Unrecognized storage class [0-9]{1,} for .* symbol `.*'
[20095]^warning: [0-1]{1,}: local symbol `.*' has no section
[20096][0-1]{1,}: warning: illegal symbol index .* in relocs
[20097][0-1]{1,}: illegal relocation type [0-9]{1,} at address 0x%lx
[20098][0-1]{1,}: bad string table size %lu
[20099]^Warning: type of symbol `.*' changed from [0-9]{1,} to [0-9]{1,} in [0-1]{1,}
[20100][0-1]{1,}: relocs in section `.*', but it has no contents
[20101].*: .*: reloc overflow: 0x%lx > 0xffff
[20102].*: warning: .*: line number overflow: 0x%lx > 0xffff
[20103][0-1]{1,}: bad reloc address 0x%lx in section `.*'
[20104].*: warning: .*: line number overflow: 0x%lx > 0xffff
[20105].*: .*: reloc overflow: 0x%lx > 0xffff
[20106]^ERROR: [0-1]{1,} is compiled for the EP9312, whereas [0-1]{1,} is compiled for XScale
//[20107]
[20108]^warning: unable to update contents of .* section in .*
[20109]^Dwarf Error: Can't find \.debug_str section\.
[20110]^Dwarf Error: DW_FORM_strp offset \(%lu\) greater than or equal to \.debug_str size \(%lu\)\.
[20111]^Dwarf Error: Can't find \.debug_abbrev section\.
[20112]^Dwarf Error: Abbrev offset \(%lu\) greater than or equal to \.debug_abbrev size \(%lu\)\.
[20113]^Dwarf Error: Invalid or unhandled FORM value: [0-9]{1,}\.
[20114]^Dwarf Error: mangled line number section \(bad file number\)\.
[20115]^Dwarf Error: Can't find \.debug_line section\.
[20116]^Dwarf Error: Line offset \(%lu\) greater than or equal to \.debug_line size \(%lu\)\.
[20117]^Dwarf Error: mangled line number section\.
[20118]^Dwarf Error: Can't find \.debug_ranges section\.
[20119]^Dwarf Error: Could not find abbrev number [0-9]{1,}\.
[20120]^Dwarf Error: Could not find abbrev number [0-9]{1,}\.
[20121]^Dwarf Error: found dwarf version '[0-9]{1,}', this reader only handles version 2 information\.
[20122]^Dwarf Error: found address size '[0-9]{1,}', this reader can not handle sizes greater than '[0-9]{1,}'\.
[20123]^Dwarf Error: Bad abbrev number: [0-9]{1,}\.
[20124]^Dwarf Error: Could not find abbrev number [0-9]{1,}\.
[20125][0-1]{1,}\(.*\): warning: unresolvable relocation against symbol `.*'
[20126]^internal error: out of range error
[20127]^internal error: unsupported relocation error
[20128]^internal error: dangerous error
[20129]^internal error: unknown error
[20130][0-1]{1,}\(.*+0x%lx\): unresolvable .* relocation against symbol `.*'
[20131]^internal error: out of range error
//[20132]
//[20133]
//[20134]
[20135]^dynamic variable `.*' is zero size
[20136][0-1]{1,}: invalid SHT_GROUP entry
[20137][0-1]{1,}: no group info for section .*
[20138][0-1]{1,}: warning: sh_link not set for section `.*'
[20139][0-1]{1,}: sh_link \[[0-9]{1,}\] in section `.*' is incorrect
[20140][0-1]{1,}: unknown \[[0-9]{1,}\] section `.*' in group \[.*\]
[20141][0-1]{1,}: invalid link %lu for reloc section .* \(index [0-9]{1,}\)
[20142][0-1]{1,}: don't know how to handle section `.*' \[0x%8x\]
[20143][0-1]{1,}: sh_link of section `.*' points to discarded section `.*' of `[0-1]{1,}'
[20144][0-1]{1,}: sh_link of section `.*' points to removed section `.*' of `[0-1]{1,}'
[20145][0-1]{1,}: warning: sh_link not set for section `.*'
[20146][0-1]{1,}: The first section in the PT_DYNAMIC segment is not the \.dynamic section
[20147][0-1]{1,}: Not enough room for program headers, try linking with \-N
[20148][0-1]{1,}: section .* lma 0x%lx overlaps previous sections
[20149][0-1]{1,}: symbol `.*' required but not present
[20150][0-1]{1,}: warning: Empty loadable segment detected, is this intentional \?
[20151][0-1]{1,}: unsupported relocation type .*
[20152]^unable to find THUMB glue '.*' for '.*'
[20153]^unable to find ARM glue '.*' for '.*'
[20154][0-1]{1,}: BE8 images only valid in big\-endian mode\.
[20155]^Invalid TARGET2 relocation type '.*'\.
[20156][0-1]{1,}\(.*\): warning: interworking not enabled\.  first occurrence: [0-1]{1,}: thumb call to arm
[20157][0-1]{1,}\(.*\): warning: interworking not enabled\.  first occurrence: [0-1]{1,}: arm call to thumb
[20158]^out of range
[20159]^unsupported relocation
[20160]^unknown error
[20161]^Warning: Not setting interworking flag of [0-1]{1,} since it has already been specified as non\-interworking
[20162]^Warning: Clearing the interworking flag of [0-1]{1,} due to outside request
[20163]^Warning: Clearing the interworking flag of [0-1]{1,} because non\-interworking code in [0-1]{1,} has been linked with it
[20164]^ERROR: [0-1]{1,} uses VFP register arguments, [0-1]{1,} does not
[20165]^ERROR: [0-1]{1,}: Conflicting architecture profiles ./.
[20166]^Warning: [0-1]{1,}: Conflicting platform configuration
[20167]^ERROR: [0-1]{1,}: Conflicting use of R9
[20168]^ERROR: [0-1]{1,}: SB relative addressing conflicts with use of R9
[20169]^ERROR: [0-1]{1,}: Conflicting definitions of wchar_t
[20170]^ERROR: [0-1]{1,}: Conflicting enum sizes
[20171]^ERROR: [0-1]{1,} uses iWMMXt register arguments, [0-1]{1,} does not
[20172]^ERROR: [0-1]{1,}: Must be processed by '.*' toolchain
[20173]^ERROR: [0-1]{1,}: Incompatible object tag '.*':[0-9]{1,}
[20174]^ERROR: [0-1]{1,}: Incompatible object tag '.*':[0-9]{1,}
[20175]^Warning: [0-1]{1,}: Unknown EABI object attribute [0-9]{1,}
[20176]^ERROR: Source object [0-1]{1,} has EABI version [0-9]{1,}, but target [0-1]{1,} has EABI version [0-9]{1,}
[20177]^ERROR: [0-1]{1,} is compiled for APCS\-[0-9]{1,}, whereas target [0-1]{1,} uses APCS\-[0-9]{1,}
[20178]^ERROR: [0-1]{1,} passes floats in float registers, whereas [0-1]{1,} passes them in integer registers
[20179]^ERROR: [0-1]{1,} passes floats in integer registers, whereas [0-1]{1,} passes them in float registers
[20180]^ERROR: [0-1]{1,} uses VFP instructions, whereas [0-1]{1,} does not
[20181]^ERROR: [0-1]{1,} uses FPA instructions, whereas [0-1]{1,} does not
[20182]^ERROR: [0-1]{1,} uses Maverick instructions, whereas [0-1]{1,} does not
[20183]^ERROR: [0-1]{1,} does not use Maverick instructions, whereas [0-1]{1,} does
[20184]^ERROR: [0-1]{1,} uses software FP, whereas [0-1]{1,} uses hardware FP
[20185]^ERROR: [0-1]{1,} uses hardware FP, whereas [0-1]{1,} uses software FP
[20186]^Warning: [0-1]{1,} supports interworking, whereas [0-1]{1,} does not
[20187]^Warning: [0-1]{1,} does not support interworking, whereas [0-1]{1,} does
[20188]^<Unrecognised flag bits set>
[20189][0-1]{1,}: bad symbol index: [0-9]{1,}
[20190]^dynamic variable `.*' is zero size
[20191]^Errors encountered processing file .*
[20192]^internal error: out of range error
[20193]^internal error: unsupported relocation error
[20194]^internal error: dangerous relocation
[20195]^internal error: unknown error
[20196][0-1]{1,}: cannot create stub entry .*
[20197][0-1]{1,}: relocation at `.*+0x[a-fA-F0-9]{1,}' references symbol `.*' with nonzero addend
[20198]^relocation references symbol not defined in the module
[20199]^R_BFIN_FUNCDESC references dynamic symbol with nonzero addend
[20200]^cannot emit fixups in read\-only section
[20201]^cannot emit dynamic relocations in read\-only section
[20202]^R_BFIN_FUNCDESC_VALUE references dynamic symbol with nonzero addend
[20203]^cannot emit fixups in read\-only section
[20204]^cannot emit dynamic relocations in read\-only section
[20205]^internal error: out of range error
[20206]^internal error: unsupported relocation error
[20207]^internal error: dangerous relocation
[20208]^internal error: unknown error
[20209][0-1]{1,}: unsupported relocation type [0-9]{1,}
[20210].*: cannot link non\-fdpic object file into fdpic executable
[20211].*: cannot link fdpic object file into non\-fdpic executable
[20212]^unsupported reloc type
[20213]^internal error: out of range error
[20214]^internal error: unsupported relocation error
[20215]^internal error: dangerous error
[20216]^internal error: unknown error
[20217][0-1]{1,}, section .*: relocation .* with no GOT created
[20218][0-1]{1,}: Internal inconsistency; no relocation section .*
[20219]^internal error: out of range error
[20220]^internal error: unsupported relocation error
[20221]^internal error: dangerous relocation
[20222]^internal error: unknown error
[20223]^dynamic variable `.*' is zero size
[20224][0-1]{1,}, section .*:  v10/v32 compatible object .* must not contain a PIC relocation
[20225][0-1]{1,}, section .*:  relocation .* should not be used in a shared object; recompile with \-fPIC
[20226][0-1]{1,}, section .*:  relocation .* should not be used in a shared object; recompile with \-fPIC
[20227]^Unexpected machine number
[20228]^internal error: out of range error
[20229]^internal error: unsupported relocation error
[20230]^internal error: dangerous error
[20231]^internal error: unknown error
[20232]^internal error: out of range error
[20233]^internal error: unsupported relocation error
[20234]^internal error: dangerous error
[20235]^internal error: unknown error
[20236]^internal error: out of range error
[20237]^internal error: unsupported relocation error
[20238]^internal error: dangerous relocation
[20239]^internal error: unknown error
[20240]^relocation requires zero addend
[20241]^relocation requires zero addend
[20242]^relocation references symbol not defined in the module
[20243]^R_FRV_GETTLSOFF not applied to a call instruction
[20244]^R_FRV_GOTTLSDESC12 not applied to an lddi instruction
[20245]^R_FRV_GOTTLSDESCHI not applied to a sethi instruction
[20246]^R_FRV_GOTTLSDESCLO not applied to a setlo or setlos instruction
[20247]^R_FRV_TLSDESC_RELAX not applied to an ldd instruction
[20248]^R_FRV_GETTLSOFF_RELAX not applied to a calll instruction
[20249]^R_FRV_GOTTLSOFF12 not applied to an ldi instruction
[20250]^R_FRV_GOTTLSOFFHI not applied to a sethi instruction
[20251]^R_FRV_GOTTLSOFFLO not applied to a setlo or setlos instruction
[20252]^R_FRV_TLSOFF_RELAX not applied to an ld instruction
[20253]^R_FRV_TLSMOFFHI not applied to a sethi instruction
[20254]^R_FRV_TLSMOFFLO not applied to a setlo or setlos instruction
[20255]^R_FRV_FUNCDESC references dynamic symbol with nonzero addend
[20256]^cannot emit fixups in read\-only section
[20257]^cannot emit dynamic relocations in read\-only section
[20258]^R_FRV_FUNCDESC_VALUE references dynamic symbol with nonzero addend
[20259]^cannot emit fixups in read\-only section
[20260]^cannot emit dynamic relocations in read\-only section
[20261]^relocation references a different segment
[20262]^internal error: out of range error
[20263]^internal error: unsupported relocation error
[20264]^internal error: dangerous relocation
[20265]^internal error: unknown error
[20266][0-1]{1,}\(.*+0x%lx\): reloc against `.*': .*
[20267].*: compiled with .* and linked with modules compiled with .*
[20268].*: cannot link non\-fdpic object file into fdpic executable
[20269].*: cannot link fdpic object file into non\-fdpic executable
[20270][0-1]{1,}: Relocations in generic ELF \(EM: [0-9]{1,}\)
[20271]^internal error: out of range error
[20272]^internal error: unsupported relocation error
[20273]^internal error: dangerous error
[20274]^internal error: unknown error
[20275][0-1]{1,}: cannot create stub entry .*
[20276][0-1]{1,}: relocation .* can not be used when making a shared object; recompile with \-fPIC
[20277]^Could not find relocation section for .*
[20278]^dynamic variable `.*' is zero size
[20279][0-1]{1,}: duplicate export stub .*
[20280]^\.got section not immediately after \.plt section
[20281]^dynamic variable `.*' is zero size
[20282][0-1]{1,}: invalid relocation type [0-9]{1,}
[20283][0-1]{1,}: bad symbol index: [0-9]{1,}
[20284][0-1]{1,}: bad relocation section name `.*
[20285]^dynamic variable `.*' is zero size
[20286][0-1]{1,}: unrecognized relocation \(0x[a-fA-F0-9]{1,}\) in section `.*'
[20287][0-1]{1,}: relocation R_386_GOTOFF against protected function `.*' can not be used when making a shared object
[20288]^internal error: out of range error
[20289]^internal error: unsupported relocation error
[20290]^internal error: dangerous relocation
[20291]^internal error: unknown error
[20292]^ip2k relaxer: switch table without complete matching relocation information\.
[20293]^ip2k relaxer: switch table header corrupt\.
[20294]^unsupported relocation between data/insn address spaces
[20295].*: compiled with .* and linked with modules compiled with .*
[20296]^SDA relocation when _SDA_BASE_ not defined
[20297]^dynamic variable `.*' is zero size
[20298][0-1]{1,}: unknown relocation type [0-9]{1,}
[20299][0-1]{1,}: The target \(.*\) of an .* relocation is in the wrong section \(.*\)
[20300][0-1]{1,}: Instruction set mismatch with previous modules
[20301][0-1]{1,}: cannot create stub entry .*
[20302]^Reference to the far symbol `.*' using a wrong relocation may result in incorrect execution
[20303][0-1]{1,}: linking files compiled for 16\-bit integers \(\-mshort\) and others for 32\-bit integers
[20304][0-1]{1,}: linking files compiled for 32\-bit double \(\-fshort\-double\) and others for 64\-bit double
[20305][0-1]{1,}: linking files compiled for HCS12 with others compiled for HC12
[20306]^unknown
[20307]^dynamic variable `.*' is zero size
[20308]^unsupported reloc type
[20309][0-1]{1,}: Relocation .* \([0-9]{1,}\) is not currently supported\.
[20310][0-1]{1,}: Unknown relocation type [0-9]{1,}
[20311]^GP relative relocation when _gp not defined
[20312]^literal relocation occurs for an external symbol
[20313]^32bits gp relative relocation occurs for an external symbol
[20314]^generic linker can't handle .*
[20315]^corrupt or empty .* section in [0-1]{1,}
[20316]^unable to read in .* section from [0-1]{1,}
[20317]^corrupt .* section in [0-1]{1,}
[20318]^warning: unable to set size of .* section in [0-1]{1,}
[20319]^failed to allocate space for new APUinfo section\.
[20320]^failed to compute new APUinfo section\.
[20321]^failed to install new APUinfo section\.
[20322][0-1]{1,}: relocation .* cannot be used when making a shared object
[20323][0-1]{1,}: compiled with \-mrelocatable and linked with modules compiled normally
[20324][0-1]{1,}: compiled normally and linked with modules compiled with \-mrelocatable
[20325][0-1]{1,}: unknown relocation type [0-9]{1,} for symbol .*
[20326][0-1]{1,}: relocation .* is not yet supported for symbol .*\.
[20327][0-1]{1,}: invalid relocation type [0-9]{1,}
[20328][0-1]{1,}: bad symbol index: [0-9]{1,}
[20329][0-1]{1,}: `.*' accessed both as normal and thread local symbol
[20330][0-1]{1,}: bad relocation section name `.*
[20331]^dynamic variable `.*' is zero size
[20332]^GP relative relocation when _gp not defined
[20333]^32bits gp relative relocation occurs for an external symbol
[20334]^not enough GOT space for local GOT entries
[20335].*: Malformed reloc detected for section .*
[20336][0-1]{1,}: CALL15 reloc at 0x%lx not against global symbol
[20337]^ \[pic\]
[20338]^ \[fix dep\]
[20339][0-1]{1,}: warning: linking PIC files with non\-PIC files
[20340][0-1]{1,}: IMPORT AS directive for .* conceals previous IMPORT AS
[20341][0-1]{1,}: Unrecognised \.directive command: .*
[20342][0-1]{1,}: Failed to add renamed symbol .*
[20343]^Unexpected STO_SH5_ISA32 on local symbol is not handled
[20344][0-1]{1,}: `.*' accessed both as normal and thread local symbol
[20345][0-1]{1,}: TLS local exec code cannot be linked into shared objects
[20346].*: compiled as 32\-bit object and .* is 64\-bit
[20347].*: compiled as 64\-bit object and .* is 32\-bit
[20348].*: object size does not match that of target .*
[20349].*: encountered datalabel symbol in input
[20350]^PTB mismatch: a SHmedia address \(bit 0 == 1\)
[20351]^PTA mismatch: a SHcompact address \(bit 0 == 0\)
[20352].*: GAS error: unexpected PTB insn with R_SH_PT_16
[20353][0-1]{1,}: error: unaligned relocation type [0-9]{1,} at %08x reloc %p
[20354].*: could not write out added \.cranges entries
[20355].*: could not write out sorted \.cranges entries
[20356][0-1]{1,}: compiled for a 64 bit system and target is 32 bit
[20357][0-1]{1,}: linking little endian files with big endian files
[20358]^warning: call to non\-function symbol .* defined in [0-1]{1,}
[20359][0-1]{1,} is not allowed to define .*
[20360].* in overlay section
[20361]^overlay stub relocation overflow
[20362]^Variable `.*' cannot occupy in multiple small data regions
[20363]^Variable `.*' can only be in one of the small, zero, and tiny data regions
[20364]^Variable `.*' cannot be in both small and zero data regions simultaneously
[20365]^Variable `.*' cannot be in both small and tiny data regions simultaneously
[20366]^Variable `.*' cannot be in both zero and tiny data regions simultaneously
[20367]^FAILED to find previous HI16 reloc
[20368]^internal error: out of range error
[20369]^internal error: unsupported relocation error
[20370]^internal error: dangerous relocation
[20371]^could not locate special linker symbol __gp
[20372]^could not locate special linker symbol __ep
[20373]^could not locate special linker symbol __ctbp
[20374]^internal error: unknown error
[20375][0-1]{1,}: Architecture mismatch with previous modules
[20376]^private flags = %lx: 
[20377].*: warning: GOT addend of .* to `.*' does not match previous GOT addend of .*
[20378]^dynamic variable `.*' is zero size
[20379].*: warning: PLT addend of [0-9]{1,} to `.*' from .* section ignored
[20380].*: warning: .* relocation against symbol `.*' from .* section
[20381].*: warning: .* relocation to 0x[a-fA-F0-9]{1,} from .* section
[20382]^non\-zero addend in @fptr reloc
[20383][0-1]{1,}\(.*\): invalid property table
[20384][0-1]{1,}: bad symbol index: [0-9]{1,}
[20385]^dynamic relocation in read\-only section
[20386]^internal inconsistency in size of \.got\.loc section
[20387][0-1]{1,}: incompatible machine type\. Output is 0x[a-fA-F0-9]{1,}\. Input is 0x[a-fA-F0-9]{1,}
[20388]^Attempt to convert L32R/CALLX to CALL failed
[20389]^invalid relocation address
[20390]^overflow after relaxation
[20391]^GPDISP relocation did not find ldah and lda instructions
[20392][0-1]{1,}: \.got subsegment exceeds 64K \(size [0-9]{1,}\)
[20393][0-1]{1,}: unknown relocation type [0-9]{1,}
[20394][0-1]{1,}: unknown relocation type [0-9]{1,}
[20395][0-1]{1,}: gp\-relative relocation against dynamic symbol .*
[20396][0-1]{1,}: gp\-relative relocation against dynamic symbol .*
[20397][0-1]{1,}: pc\-relative relocation against dynamic symbol .*
[20398][0-1]{1,}: change in gp: BRSGP .*
[20399][0-1]{1,}: !samegp reloc against symbol without \.prologue: .*
[20400][0-1]{1,}: unhandled dynamic relocation against .*
[20401][0-1]{1,}: pc\-relative relocation against dynamic symbol .*
[20402][0-1]{1,}: pc\-relative relocation against undefined weak symbol .*
[20403][0-1]{1,}: dtp\-relative relocation against dynamic symbol .*
[20404][0-1]{1,}: TLS local exec code cannot be linked into shared objects
[20405][0-1]{1,}: tp\-relative relocation against dynamic symbol .*
[20406][0-1]{1,}: Relocations in generic ELF \(EM: [0-9]{1,}\)
[20407]^stub entry for .* cannot load \.plt, dp offset = .*
[20408]^GP relative relocation when _gp not defined
[20409]^literal relocation occurs for an external symbol
[20410]^32bits gp relative relocation occurs for an external symbol
[20411].*: base\-plus\-offset relocation against register symbol: \(unknown\) in .*
[20412].*: base\-plus\-offset relocation against register symbol: .* in .*
[20413].*: register relocation against non\-register symbol: \(unknown\) in .*
[20414].*: register relocation against non\-register symbol: .* in .*
[20415].*: directive LOCAL valid only with a register or absolute value
[20416].*: LOCAL directive: Register $.* is not a local register\.  First global register is $.*\.
[20417].*: Error: multiple definition of `.*'; start of .* is set in a earlier linked file
[20418]^Register section has contents
[20419]^Internal inconsistency: remaining [0-9]{1,} != max [0-9]{1,}\.  Please report this bug\.
[20420][0-1]{1,}: invalid relocation type [0-9]{1,}
[20421][0-1]{1,}: compiled for a big endian system and target is little endian
[20422][0-1]{1,}: compiled for a little endian system and target is big endian
[20423][0-1]{1,}: cannot create stub entry .*
[20424][0-1]{1,}: bad relocation section name `.*
[20425]^copy reloc against `.*' requires lazy plt linking; 
[20426]^dynamic variable `.*' is zero size
[20427]^dynreloc miscount for [0-1]{1,}, section .*
[20428][0-1]{1,}: \.opd is not a regular array of opd entries
[20429][0-1]{1,}: unexpected reloc type [0-9]{1,} in \.opd section
[20430][0-1]{1,}: undefined sym `.*' in \.opd section
[20431].* defined in removed toc entry
[20432].* defined in removed toc entry
[20433]^long branch stub `.*' offset overflow
[20434]^can't find branch stub `.*'
[20435]^linkage table error against `.*'
[20436]^linkage table error against `.*'
[20437]^can't build branch stub `.*'
[20438][0-1]{1,} section .* exceeds stub group size
[20439]^stubs don't match calculated size
[20440][0-1]{1,}: unknown relocation type [0-9]{1,} for symbol .*
[20441][0-1]{1,}: relocation .* is not supported for symbol .*\.
[20442][0-1]{1,}: error: relocation .* not a multiple of [0-9]{1,}
[20443][0-1]{1,}: invalid relocation type [0-9]{1,}
[20444][0-1]{1,}: bad symbol index: [0-9]{1,}
[20445][0-1]{1,}: `.*' accessed both as normal and thread local symbol
[20446][0-1]{1,}: bad relocation section name `.*
[20447]^dynamic variable `.*' is zero size
[20448]^Unexpected STO_SH5_ISA32 on local symbol is not handled
[20449].*: compiled as 32\-bit object and .* is 64\-bit
[20450].*: compiled as 64\-bit object and .* is 32\-bit
[20451].*: object size does not match that of target .*
[20452].*: encountered datalabel symbol in input
[20453]^dynamic variable `.*' is zero size
[20454]^Symbol `.*' has differing types: REGISTER in [0-1]{1,}, previously .* in [0-1]{1,}
[20455]^Symbol `.*' has differing types: .* in [0-1]{1,}, previously REGISTER in [0-1]{1,}
[20456][0-1]{1,}: linking UltraSPARC specific with HAL specific code
[20457][0-1]{1,}: invalid relocation type [0-9]{1,}
[20458][0-1]{1,}: bad symbol index: [0-9]{1,}
[20459][0-1]{1,}: relocation .* against `.*' can not be used when making a shared object; recompile with \-fPIC
[20460][0-1]{1,}: relocation .* against `.*' can not be used when making a shared object; recompile with \-fPIC
[20461][0-1]{1,}: bad relocation section name `.*
[20462][0-1]{1,}: relocation R_X86_64_GOTOFF64 against protected function `.*' can not be used when making a shared object
[20463][0-1]{1,}: relocation R_X86_64_PC32 against protected function `.*' can not be used when making a shared object
[20464][0-1]{1,}: relocation .* against `.*' can not be used when making a shared object; recompile with \-fPIC
[20465]^warning: .* has a corrupt string table index \- ignoring
[20466].*: version count \(.*\) does not match symbol count \(.*\)
[20467].*\(.*\): relocation [0-9]{1,} has invalid symbol index .*
[20468].*: TLS definition in [0-1]{1,} section .* mismatches non\-TLS definition in [0-1]{1,} section .*
[20469].*: TLS reference in [0-1]{1,} mismatches non\-TLS reference in [0-1]{1,}
[20470].*: TLS definition in [0-1]{1,} section .* mismatches non\-TLS reference in [0-1]{1,}
[20471].*: TLS reference in [0-1]{1,} mismatches non\-TLS definition in [0-1]{1,} section .*
[20472][0-1]{1,}: unexpected redefinition of indirect versioned symbol `.*'
[20473][0-1]{1,}: undefined versioned symbol name .*
[20474][0-1]{1,}: relocation size mismatch in [0-1]{1,} section .*
[20475]^warning: type and size of dynamic symbol `.*' are not defined
[20476][0-1]{1,}: .*: invalid version [0-9]{1,} \(max [0-9]{1,}\)
[20477][0-1]{1,}: .*: invalid needed version [0-9]{1,}
[20478]^Warning: alignment [0-9]{1,} of common symbol `.*' in [0-1]{1,} is greater than the alignment \([0-9]{1,}\) of its section .*
[20479]^Warning: alignment [0-9]{1,} of symbol `.*' in [0-1]{1,} is smaller than [0-9]{1,} in [0-1]{1,}
[20480]^Warning: type of symbol `.*' changed from [0-9]{1,} to [0-9]{1,} in [0-1]{1,}
[20481].*: invalid DSO for symbol `.*' definition
[20482].*: undefined version: .*
[20483][0-1]{1,}: \.preinit_array section is not allowed in DSO
[20484]^Not enough memory to sort relocations
[20485][0-1]{1,}: Too many sections: [0-9]{1,} \(>= [0-9]{1,}\)
[20486][0-1]{1,}: could not find output section .* for input section .*
[20487]^error: [0-1]{1,} contains a reloc \(0x.*\) for section .* that references a non\-existent global symbol
[20488]^%X`.*' referenced in section `.*' of [0-1]{1,}: defined in discarded section `.*' of [0-1]{1,}
[20489][0-1]{1,}: warning: sh_link not set for section `.*'
[20490].* has both ordered \[`.*' in [0-1]{1,}\] and unordered \[`.*' in [0-1]{1,}\] sections
[20491].* has both ordered and unordered sections
[20492][0-1]{1,}: could not find output section .*
[20493]^warning: .* section has zero size
[20494][0-1]{1,}: could not find output section .*
[20495]^warning: creating a DT_TEXTREL in a shared object\.
[20496]^Removing unused section '.*' in file '[0-1]{1,}'
[20497]^Warning: gc\-sections option ignored
[20498][0-1]{1,}: ignoring duplicate section `.*'
[20499][0-1]{1,}: duplicate section `.*' has different size
[20500][0-1]{1,}: duplicate section `.*' has different size
[20501][0-1]{1,}: warning: could not read contents of section `.*'
[20502][0-1]{1,}: warning: could not read contents of section `.*'
[20503][0-1]{1,}: warning: duplicate section `.*' has different contents
[20504]^GP relative relocation when _gp not defined
[20505]^literal relocation occurs for an external symbol
[20506]^32bits gp relative relocation occurs for an external symbol
[20507][0-1]{1,}: Can't relax br at 0x%lx in section `.*'\. Please use brl or indirect branch\.
[20508]^@pltoff reloc against local symbol
[20509]^non\-zero addend in @fptr reloc
[20510].*: __gp does not cover short data segment
[20511][0-1]{1,}: unknown relocation type [0-9]{1,}
[20512][0-1]{1,}: non\-pic code with imm relocation against dynamic symbol `.*'
[20513][0-1]{1,}: @gprel relocation against dynamic symbol .*
[20514][0-1]{1,}: linking non\-pic code in a position independent executable
[20515][0-1]{1,}: @internal branch to dynamic symbol .*
[20516][0-1]{1,}: speculation fixup to dynamic symbol .*
[20517][0-1]{1,}: @pcrel relocation against dynamic symbol .*
[20518]^unsupported reloc
[20519][0-1]{1,}: linking trap\-on\-NULL\-dereference with non\-trapping files
[20520][0-1]{1,}: linking big\-endian files with little\-endian files
[20521][0-1]{1,}: linking 64\-bit files with 32\-bit files
[20522][0-1]{1,}: linking constant\-gp files with non\-constant\-gp files
[20523][0-1]{1,}: linking auto\-pic files with non\-auto\-pic files
[20524]^static procedure \(no name\)
[20525]^not enough GOT space for local GOT entries
[20526][0-1]{1,}: Warning: bad `.*' option size [0-9]{1,} smaller than its header
[20527][0-1]{1,}: Warning: bad `.*' option size [0-9]{1,} smaller than its header
[20528][0-1]{1,}: Malformed reloc detected for section .*
[20529][0-1]{1,}: GOT reloc at 0x%lx not expected in executables
[20530][0-1]{1,}: CALL16 reloc at 0x%lx not against global symbol
[20531]^internal error: unsupported relocation error
[20532].*: illegal section name `.*'
[20533][0-1]{1,}: endianness incompatible with that of the selected emulation
[20534][0-1]{1,}: ABI is incompatible with that of the selected emulation
[20535][0-1]{1,}: warning: linking PIC files with non\-PIC files
[20536][0-1]{1,}: linking 32\-bit code with 64\-bit code
[20537][0-1]{1,}: linking .* module with previous .* modules
[20538][0-1]{1,}: ABI mismatch: linking .* module with previous .* modules
[20539][0-1]{1,}: uses different e_flags \(0x%lx\) fields than previous modules \(0x%lx\)
[20540]^invalid relocation type [0-9]{1,}
[20541][0-1]{1,}: bad symbol index: [0-9]{1,}
[20542]^dynamic variable `.*' is zero size
[20543][0-1]{1,}: probably compiled without \-fPIC\?
[20544]^Output file requires shared library `.*'
[20545]^Output file requires shared library `.*\.so\..*'
[20546]^Symbol .* not defined for fixups
[20547]^Warning: fixup count mismatch
[20548].*: string too long \([0-9]{1,} chars, max 65535\)
[20549].*: unrecognized symbol `.*' flags 0x[a-fA-F0-9]{1,}
[20550][0-1]{1,}: unimplemented ATI record [0-9]{1,} for symbol [0-9]{1,}
[20551][0-1]{1,}: unexpected ATN type [0-9]{1,} in external part
[20552][0-1]{1,}: unexpected type after ATN
[20553][0-1]{1,}:[0-9]{1,}: unexpected character `.*' in Intel Hex file
[20554][0-1]{1,}:[0-9]{1,}: bad checksum in Intel Hex file \(expected [0-9]{1,}, found [0-9]{1,}\)
[20555][0-1]{1,}:[0-9]{1,}: bad extended address record length in Intel Hex file
[20556][0-1]{1,}:[0-9]{1,}: bad extended start address length in Intel Hex file
[20557][0-1]{1,}:[0-9]{1,}: bad extended linear address record length in Intel Hex file
[20558][0-1]{1,}:[0-9]{1,}: bad extended linear start address length in Intel Hex file
[20559][0-1]{1,}:[0-9]{1,}: unrecognized ihex type [0-9]{1,} in Intel Hex file
[20560][0-1]{1,}: internal error in ihex_read_section
[20561][0-1]{1,}: bad section length in ihex_read_section
[20562].*: address 0x.* out of range for Intel Hex file
[20563][0-1]{1,}: compiled for a big endian system and target is little endian
[20564][0-1]{1,}: compiled for a little endian system and target is big endian
[20565]^Deprecated .* called at .* line [0-9]{1,} in .*
[20566]^Deprecated .* called
[20567][0-1]{1,}: indirect symbol `.*' to `.*' is a loop
[20568]^Attempt to do relocatable link with .* input and .* output
[20569][0-1]{1,}: warning: ignoring duplicate section `.*'
[20570][0-1]{1,}: warning: duplicate section `.*' has different size
[20571]^Output file requires shared library `.*'
[20572]^Output file requires shared library `.*\.so\..*'
[20573]^Symbol .* not defined for fixups
[20574]^Symbol .* not defined for fixups
[20575]^Warning: fixup count mismatch
[20576].*: access beyond end of merged section \(.*\)
[20577].*: No core to allocate section name .*
[20578].*: No core to allocate a symbol [0-9]{1,} bytes long
[20579].*: invalid mmo file: initialization value for $255 is not `Main'
[20580].*: invalid mmo file: unsupported lopcode `[0-9]{1,}'
[20581].*: invalid mmo file: expected YZ = 1 got YZ = [0-9]{1,} for lop_quote
[20582].*: invalid mmo file: expected z = 1 or z = 2, got z = [0-9]{1,} for lop_loc
[20583].*: invalid mmo file: expected z = 1 or z = 2, got z = [0-9]{1,} for lop_fixo
[20584].*: invalid mmo file: expected y = 0, got y = [0-9]{1,} for lop_fixrx
[20585].*: invalid mmo file: expected z = 16 or z = 24, got z = [0-9]{1,} for lop_fixrx
[20586].*: invalid mmo file: leading byte of operand word must be 0 or 1, got [0-9]{1,} for lop_fixrx
[20587].*: cannot allocate file name for file number [0-9]{1,}, [0-9]{1,} bytes
[20588].*: invalid mmo file: file number [0-9]{1,} `.*', was already entered as `.*'
[20589].*: invalid mmo file: file name for number [0-9]{1,} was not specified before use
[20590].*: invalid mmo file: fields y and z of lop_stab non\-zero, y: [0-9]{1,}, z: [0-9]{1,}
[20591].*: invalid mmo file: lop_end not last item in file
[20592].*: invalid mmo file: YZ of lop_end \(.*\) not equal to the number of tetras to the preceding lop_stab \(.*\)
[20593].*: invalid symbol table: duplicate symbol `.*'
[20594].*: Bad symbol definition: `Main' set to .* rather than the start address .*
[20595].*: warning: symbol table too large for mmo, larger than 65535 32\-bit words: [0-9]{1,}\.  Only `Main' will be emitted\.
[20596].*: internal error, symbol table changed size from [0-9]{1,} to [0-9]{1,} words
[20597].*: internal error, internal register section .* had contents
[20598].*: no initialized registers; section length 0
[20599].*: too many initialized registers; section length .*
[20600].*: can not represent section `.*' in oasys
[20601]^Unhandled OSF/1 core file section type [0-9]{1,}
[20602][0-1]{1,}: `ld \-r' not supported with PE MIPS objects
[20603][0-1]{1,}: unimplemented .*
[20604][0-1]{1,}: jump too far away
[20605][0-1]{1,}: bad pair/reflo after refhi
[20606][0-1]{1,}: Unhandled import type; [a-fA-F0-9]{1,}
[20607][0-1]{1,}: Unrecognised import type; [a-fA-F0-9]{1,}
[20608][0-1]{1,}: Unrecognised import name type; [a-fA-F0-9]{1,}
[20609][0-1]{1,}: Unrecognised machine type \(0x[a-fA-F0-9]{1,}\) in Import Library Format archive
[20610][0-1]{1,}: Recognised but unhandled machine type \(0x[a-fA-F0-9]{1,}\) in Import Library Format archive
[20611][0-1]{1,}: size field is zero in Import Library Format header
[20612][0-1]{1,}: string not null terminated in ILF object file\.
[20613]^There is an import table, but the section containing it could not be found
[20614]^There is an import table in .* at 0x%lx
[20615]^Function descriptor located at the start address: %04lx
[20616]^code\-base %08lx toc \(loadable/actual\) %08lx/%08lx
[20617]^No reldata section! Function descriptor not decoded\.
[20618]^The Import Tables \(interpreted .* section contents\)
[20619]^There is a first thunk, but the section containing it could not be found
[20620]^There is an export table, but the section containing it could not be found
[20621]^There is an export table in .*, but it does not fit into that section
[20622]^There is an export table in .* at 0x%lx
[20623]^The Export Tables \(interpreted .* section contents\)
[20624][0-1]{1,}: unable to fill in DataDictionary\[1\] because \.idata$2 is missing
[20625][0-1]{1,}: unable to fill in DataDictionary\[1\] because \.idata$4 is missing
[20626][0-1]{1,}: unable to fill in DataDictionary\[12\] because \.idata$5 is missing
[20627][0-1]{1,}: unable to fill in DataDictionary\[PE_IMPORT_ADDRESS_TABLE \(12\)\] because \.idata$6 is missing
[20628][0-1]{1,}: unable to fill in DataDictionary\[9\] because __tls_used is missing
[20629]^Output file requires shared library `.*'
[20630]^Output file requires shared library `.*\.so\..*'
[20631]^Symbol .* not defined for fixups
[20632]^Warning: fixup count mismatch
[20633][0-1]{1,}:[0-9]{1,}: Unexpected character `.*' in S\-record file
[20634]^Unsupported \.stab relocation
[20635]^bfd_make_section \(.*\) failed
[20636]^bfd_set_section_flags \(.*, [a-fA-F0-9]{1,}\) failed
[20637]^Size mismatch section .*=%lx, .*=%lx
[20638]^unknown gsd/egsd subtype [0-9]{1,}
[20639]^Object module NOT error\-free !
[20640]^Stack overflow \([0-9]{1,}\) in _bfd_vms_push
[20641]^Stack underflow in _bfd_vms_pop
[20642]^_bfd_vms_output_counted called with zero bytes
[20643]^_bfd_vms_output_counted called with too many bytes
[20644]^Symbol .* replaced by .*
[20645]^failed to enter .*
[20646]^No Mem !
[20647]^bad section index in .*
[20648]^unsupported STA cmd .*
[20649]^reserved STA cmd [0-9]{1,}
[20650].*: no symbol .*
[20651].*: not supported
[20652].*: not implemented
[20653]^reserved STO cmd [0-9]{1,}
[20654]^reserved OPR cmd [0-9]{1,}
[20655]^reserved CTL cmd [0-9]{1,}
[20656]^stack\-from\-image not implemented
[20657]^stack\-entry\-mask not fully implemented
[20658]^PASSMECH not fully implemented
[20659]^stack\-local\-symbol not fully implemented
[20660]^stack\-literal not fully implemented
[20661]^stack\-local\-symbol\-entry\-point\-mask not fully implemented
[20662]^reserved STA cmd [0-9]{1,}
[20663]^reserved STO cmd [0-9]{1,}
[20664].*: not fully implemented
[20665]^reserved OPR cmd [0-9]{1,}
[20666]^reserved CTL cmd [0-9]{1,}
[20667]^obj code [0-9]{1,} not found
[20668]^SEC_RELOC with no relocs in section .*
[20669]^Unhandled relocation .*
[20670].*: XCOFF shared object when not producing XCOFF output
[20671].*: dynamic object with no \.loader section
[20672][0-1]{1,}: `.*' has line numbers but no enclosing section
[20673][0-1]{1,}: class [0-9]{1,} symbol `.*' has no aux entries
[20674][0-1]{1,}: symbol `.*' has unrecognized csect type [0-9]{1,}
[20675][0-1]{1,}: bad XTY_ER symbol `.*': class [0-9]{1,} scnum [0-9]{1,} scnlen [0-9]{1,}
[20676][0-1]{1,}: XMC_TC0 symbol `.*' is class [0-9]{1,} scnlen [0-9]{1,}
[20677][0-1]{1,}: csect `.*' not in enclosing section
[20678][0-1]{1,}: misplaced XTY_LD `.*'
[20679][0-1]{1,}: reloc .*:[0-9]{1,} not in csect
[20680].*: no such symbol
[20681]^warning: attempt to export undefined symbol `.*'
[20682]^error: undefined symbol __rtinit
[20683][0-1]{1,}: loader reloc in unrecognized section `.*'
[20684][0-1]{1,}: `.*' in loader reloc but not loader sym
[20685][0-1]{1,}: loader reloc in read\-only section .*
[20686].*: loader reloc in unrecognized section `.*'
[20687].*: `.*' in loader reloc but not loader sym
[20688]^ABug monitor
[20689]^Debug via the ABug monitor\.Specify the serial device it is connected to \(e\.g\. /dev/ttya\)\.
[20690]^Invalid conversion
[20691]^Type required for qualification
[20692]^Cannot slice a type
[20693]^Type required within braces in coercion
[20694]^Right operand of 'in' must be type
[20695]^Prefix must be type
[20696]^NEW not implemented\.
[20697]^Error in expression, near `.*'\.
[20698]^Invalid operator symbol `.*'
[20699]^Could not find renamed symbol
[20700]^Could not find renamed variable: .*
[20701]^Could not find .*
[20702]^Internal error in encoding of renaming declaration: .*
[20703]^No file or function .*\.
[20704]^No function .* in specified context\.
[20705]^Function name .* ambiguous here
[20706]^`.*' matches only void type name\(s\)
[20707]^Invalid attempt to select from type: .*\.
[20708]^No definition of .* found\.
[20709]^No symbol table is loaded\.  Use the "file" command\.
[20710]^No definition of .* in current context\.
[20711]^No definition of .* in specified context\.
[20712]^Could not find renamed symbol .*
[20713]^Invalid use of type\.
[20714]^Invalid conversion
[20715]^Type required for qualification
[20716]^Cannot slice a type
[20717]^Type required within braces in coercion
[20718]^Right operand of 'in' must be type
[20719]^Right operand of 'in' must be type
[20720]^Prefix must be type
[20721]^NEW not implemented\.
[20722]^Error in expression, near `.*'\.
[20723]^Invalid operator symbol `.*'
[20724]^Could not find renamed symbol
[20725]^Could not find renamed variable: .*
[20726]^Could not find .*
[20727]^Internal error in encoding of renaming declaration: .*
[20728]^No file or function .*\.
[20729]^No function .* in specified context\.
[20730]^Function name .* ambiguous here
[20731]^`.*' matches only void type name\(s\)
[20732]^Invalid attempt to select from type: .*\.
[20733]^No definition of .* found\.
//[20734]
[20735]^No definition of .* in current context\.
[20736]^No definition of .* in specified context\.
[20737]^Could not find renamed symbol .*
[20738]^Invalid use of type\.
[20739]^Unable to find field .* in struct .*\.  Aborting
[20740]^object size is larger than varsize\-limit
[20741]^Unexpected type in discrete_type_high_bound\.
[20742]^Unexpected type in discrete_type_low_bound\.
[20743]^Invalid address for Ada main program name\.
[20744]^invalid Ada operator name: .*
[20745]^Bad GNAT array descriptor
[20746]^Bad GNAT array descriptor bounds
[20747]^Bounds unavailable for null array pointer\.
[20748]^could not find bounds information on packed array
[20749]^could not understand bounds information on packed array
[20750]^could not understand bit size information on packed array
[20751]^can't unpack array
[20752]^attempt to do packed indexing of something other than a packed array
[20753]^don't know bounds of array
[20754]^packed array index .* out of bounds
[20755]^Left operand of assignment is not a modifiable lvalue\.
[20756]^too many subscripts \([0-9]{1,} expected\)
[20757]^too many subscripts \([0-9]{1,} expected\)
[20758]^Could not find operator name for opcode
[20759]^Unexpected operator during name resolution
[20760]^No definition found for .*
[20761]^Could not find a match for .*
[20762]^Multiple matches for .*
[20763]^Could not find a match for .*
[20764]^Multiple matches for .*
[20765]^Request to select 0 symbols!
[20766]^\[[0-9]{1,}\] .* at <no source file available>:[0-9]{1,}
[20767]^one or more choice numbers
[20768]^Argument must be choice number
[20769]^Select no more than [0-9]{1,} of the above
[20770]^Improperly encoded renaming\.
[20771]^Cannot assign this kind of variant record
[20772]^There is no member named .*\.
[20773]^Attempt to extract a component of a value that is not a record\.
[20774]^Type \(null\) is not a structure or union type
[20775]^ is not a structure or union type
[20776]^ has no component named <null>
[20777]^Type .* has no component named .*\.
[20778]^Invalid type size for `.*' detected: [0-9]{1,}\.
[20779]^Invalid type size for <unnamed> detected: [0-9]{1,}\.
[20780]^record type with dynamic size is larger than varsize\-limit
[20781]^array type with dynamic size is larger than varsize\-limit
[20782]^'POS only defined on discrete types
[20783]^enumeration value is invalid: can't find 'POS
[20784]^'VAL only defined on discrete types
[20785]^'VAL requires integral argument
[20786]^argument to 'VAL out of range
[20787]^Incompatible types in assignment
[20788]^second operand of .* must not be zero\.
[20789]^Attempt to compare array with non\-array
[20790]^Left operand of assignment is not a modifiable lvalue\.
[20791]^Left\-hand side must be array or record\.
[20792]^Misplaced 'others' clause
[20793]^Internal error: bad aggregate clause
[20794]^Extra components in aggregate ignored\.
[20795]^Invalid record component association\.
[20796]^Unknown component name: .*\.
[20797]^Index in component association out of bounds\.
[20798]^Internal error: miscounted aggregate components\.
[20799]^Fixed\-point values must be assigned to fixed\-point variables
[20800]^Operands of fixed\-point addition must have the same type
[20801]^Operands of fixed\-point subtraction must have the same type
[20802]^Unexpected unresolved symbol, .*, during evaluation
[20803]^Unexpected unresolved symbol, .*, during evaluation
[20804]^cannot subscript or call something of type `.*'
[20805]^cannot subscript or call a record
[20806]^wrong number of subscripts; expecting [0-9]{1,}
[20807]^element type of array unknown
[20808]^element type of array unknown
[20809]^Attempt to index or call something other than an array or function
[20810]^cannot slice a packed array
[20811]^cannot take slice of non\-array
[20812]^Membership test incompletely implemented; 
[20813]^invalid dimension number to 'range
[20814]^Invalid operand to '.*
[20815]^invalid dimension number to '.*
[20816]^attempt to take bound of something that is not an array
[20817]^unexpected attribute encountered
[20818]^unexpected attribute encountered
[20819]^the 'length attribute applies only to array types
[20820]^unimplemented type attribute
[20821]^invalid dimension number to '.*
[20822]^attempt to take bound of something that is not an array
[20823]^unexpected attribute encountered
[20824]^'modulus must be applied to modular type
[20825]^Attempt to dereference null array pointer\.
[20826]^Attempt to take contents of a non\-pointer value\.
[20827]^Attempt to use a type name as an expression
[20828]^Undefined name, ambiguous name, or renaming used in component association: .*\.
[20829]^Aggregates only allowed on the right of an assignment
[20830]^aggregate apparently mangled
[20831]^invalid VAX floating\-point type
[20832]^Unknown lower bound, using 1\.
[20833]^Unknown upper bound, using .*\.
[20834]^internal error: no Ada fundamental type [0-9]{1,}
[20835]^Based real literals not implemented yet\.
[20836]^Based real literals not implemented yet\.
[20837]^ill\-formed or non\-terminated string literal
// when -data-evaluate-expression 
[20838]^Invalid character '.*' in expression\.
[20839]^Invalid base: [0-9]{1,}\.
[20840]^Integer literal out of range
[20841]^Invalid digit `.' in based literal
[20842]^Integer literal out of range
[20843]^ambiguous attribute name: `.*'
[20844]^unrecognized attribute: `.*'
[20845]^<undecipherable array type>
[20846]^ <incomplete type> end record
[20847]^internal error: unhandled type in ada_print_scalar
[20848]^Invalid type code in symbol table\.
[20849]^ptrace \([0-9]{1,}, [0-9]{1,}\) = [0-9]{1,} \(errno = [0-9]{1,}\)
[20850]^ returning PDC_FAILURE
[20851]^  symbols\[[0-9]{1,}\]\.addr = .*
[20852]^aix\-thread resume: unknown pthread .*
[20853]^aix\-thread resume: no tid for pthread .*
[20854]^aix\-thread: fetch_registers: pthdb_pthread_context returned .*
[20855]^aix\-thread: store_registers: pthdb_pthread_context returned .*
[20856]^aix\-thread: store_registers: pthdb_pthread_setcontext returned .*
[20857]^Register .* not found in core file\.
[20858]^Core file register section too small \([0-9]{1,} bytes\)\.
[20859]^Cannot retrieve value from floating point register
[20860]^Cannot store value in floating point register
[20861]^unknown floating point width
[20862]^Cannot set a 128\-bit long double return value\.
[20863]^unknown floating point width
[20864]^Hit beginning of text section without finding enclosing function for address 0x.*
[20865]^Hit heuristic\-fence\-post without finding enclosing function for address 0x.*
[20866]^This warning occurs if you are debugging a function without any symbols\(for example, in a stripped executable\)\.  In that case, you may wish toincrease the size of the search with the `set heuristic\-fence\-post' command\.Otherwise, you told GDB there was a function where there isn't one, or\(more likely\) you have encountered a bug in GDB\.
[20867]^Set the distance searched for the start of a function\."\), _\("Show the distance searched for the start of a function\."\), _\("If you are debugging a stripped executable, GDB needs to search through theprogram for the start of a function\.  This command sets the distance of thesearch\.  The only need to set it is when debugging a stripped executable\.
// a tester
[20868]^Couldn't get registers\: No such process\.
[20869]^Couldn't write registers
[20870]^Couldn't get floating point status
[20871]^Couldn't write floating point status
[20872]^Couldn't get floating point status
[20873]^Couldn't get registers
[20874]^Couldn't write registers
[20875]^Couldn't get floating point status
[20876]^Couldn't write floating point status
[20877]^Couldn't read debug register
[20878]^Couldn't write debug register
[20879]^Unmapped DWARF Register #[0-9]{1,} encountered\.
[20880]^Couldn't get registers
[20881]^Couldn't get floating point status
[20882]^Couldn't get registers
[20883]^Couldn't write registers
[20884]^Couldn't get floating point status
[20885]^Couldn't write floating point status
[20886]^offsetof \(struct sigcontext, sc_rip\) yields [0-9]{1,} instead of [0-9]{1,}\.Please report this to <bug\-gdb@gnu\.org>\.
[20887]^default_float_format: bad byte order
[20888]^default_double_format: bad byte order
[20889]^No virtual frame pointer available
[20890]^The target is assumed to be big endian
[20891]^The target is assumed to be little endian
[20892]^set_endian: architecture update failed
[20893]^Little endian target not supported by GDB
[20894]^Big endian target not supported by GDB
[20895]^set_endian: bad value
[20896]^The target architecture is set automatically \(currently .*\)
[20897]^The target architecture is assumed to be .*
[20898]^could not select an architecture automatically
[20899]^set_architecture: bfd_scan_arch failed
[20900]^Architecture `.*' not recognized\.
[20901]^Architecture of file not recognized\.
[20902]^initialize_current_architecture: No arch
[20903]^initialize_current_architecture: Arch not found
[20904]^initialize_current_architecture: Selection of initial architecture failed
[20905]^Unable to fetch floating point register\.
[20906]^Unable to fetch the floating point registers\.
[20907]^Unable to fetch the floating point registers\.
[20908]^Unable to store floating point register\.
[20909]^Unable to fetch the floating point registers\.
[20910]^Unable to store floating point registers\.
[20911]^Unable to fetch general register\.
[20912]^Unable to fetch general registers\.
[20913]^Unable to fetch general registers\.
[20914]^Unable to store general register\.
[20915]^Unable to fetch general registers\.
[20916]^Unable to store general registers\.
[20917]^Unable to determine GNU/Linux version\.
[20918]^unknown type alignment
[20919]^Infinite loop detected
[20920]^Invalid update to pc in instruction
[20921]^Bad bit\-field extraction
[20922]^arm_extract_return_value: Floating point model not supported
[20923]^arm_store_return_value: Floating point model not supported
[20924]^set arm must be followed by an apporpriate subcommand\.
[20925]^Invalid fp model accepted: .*\.
[20926]^Invalid ABI accepted: .*\.
[20927]^unknown ARM EABI version 0x[a-fA-F0-9]{1,}
[20928]^arm_gdbarch_init: bad byte order for float format
[20929]^arm_gdbarch_init: bad byte order for float format
[20930]^unable to fetch floating\-point register
[20931]^unable to fetch general registers
[20932]^unable to fetch general registers
[20933]^unable to write register [0-9]{1,} to inferior
[20934]^unable to store general registers
[20935]^unable to fetch floating\-point registers
[20936]^unable to write register [0-9]{1,} to inferior
[20937]^unable to store floating\-point registers
[20938]^wrong size of register set in core file
[20939]^wrong size of FPA register set in core file
[20940]^arm_gdbarch_init: bad byte order for float format
[20941]^Entry should be ignored
[20942]^The program has no auxiliary information now\.
[20943]^No auxiliary vector found, or failed reading it\.
[20944]^Auxiliary vector is empty\.
[20945]^Num pushes too large: [0-9]{1,}
[20946]^Hit end of prologue while scanning pushes
[20947]^ERR: info io_registers NOT supported by current target
[20948]^Error fetching number of io registers
[20949]^gen_fetch: bad type code
[20950]^gen_var_ref: LOC_CONST_BYTES symbols are not supported
[20951]^Couldn't resolve symbol `.*'\.
[20952]^Cannot find value of botched symbol `.*'\.
[20953]^Invalid type cast: intended type must be scalar\.
[20954]^Casts to requested type are not yet implemented\.
[20955]^Invalid combination of types in .*\.
[20956]^Invalid combination of types in subtraction\.
[20957]^Invalid combination of types in .*\.
[20958]^Invalid type of operand to `!'\.
[20959]^Invalid type of operand to `~'\.
[20960]^gen_deref: expected a pointer
[20961]^Operand of `&' is an rvalue, which has no address\.
[20962]^Operand of `&' is in a register, and has no address\.
[20963]^find_field: derived classes supported
[20964]^find_field: anonymous unions not supported
[20965]^Couldn't find member named `.*' in struct/union `.*'
[20966]^gen_bitfield_ref: bitfield too wide
[20967]^The left operand of `.*' is not a .*\.
[20968]^Structure does not live in memory\.
[20969]^Left operand of `@' must be an object in memory\.
[20970]^Right operand of `@' must be a constant, in agent expressions\.
[20971]^Right operand of `@' must be an integer\.
[20972]^Right operand of `@' must be positive\.
[20973]^Invalid combination of types in array subscripting\.
[20974]^gen_expr: op case sets don't match
[20975]^GDB agent expressions cannot use convenience variables\.
[20976]^gen_expr: OP_MEMVAL operand isn't an rvalue\?\?\?
[20977]^Argument of unary `\*' is not a pointer\.
[20978]^gen_expr: unhandled struct case
[20979]^Attempt to use a type name as an expression\.
[20980]^Unsupported operator in expression\.
[20981]^Expression does not denote an object in memory\.
[20982]^GDB can't do agent expression translation with overlays\.
[20983]^GDB bug: ax\-general\.c \(read_const\): incomplete constant
[20984]^GDB bug: ax\-general\.c \(generic_ext\): bit count out of range
[20985]^GDB bug: ax\-general\.c \(generic_ext\): opcode has inadequate range
[20986]^GDB bug: ax\-general\.c \(ax_trace_quick\): size out of range for trace_quick
[20987]^GDB bug: ax\-general\.c \(ax_label\): label target out of range
[20988]^GDB bug: ax\-general\.c \(ax_const_d\): floating point not supported yet
[20989]^GDB bug: ax\-general\.c \(ax_reg\): register number out of range
[20990]^GDB bug: ax\-general\.c \(ax_print\): opcode map out of sync
[20991]^BFD backed target
[20992]^You should never see this
[20993]^Debugger's willingness to use watchpoint hardware is .*\.
[20994]^Debugger's behavior regarding pending breakpoints is .*\.
[20995]^Convenience variable must have integer value\.
[20996]^inverted range
[20997]^negative value
[20998]^breakpoint number
[20999]^Bad breakpoint argument: '.*'
//[21000]
[21001]^Junk at end of expression
[21002]^No breakpoint number [0-9]{1,}\.
[21003]^Can't use the commands command among a breakpoint's commands\.
[21004]^Unexpected extra arguments following breakpoint number\.
[21005]^Type commands for when breakpoint [0-9]{1,} is hit, one per line\.
[21006]^reading through apparently deleted breakpoint #[0-9]{1,}\?
[21007]^unknown breakpoint type
[21008]^hardware breakpoint [0-9]{1,} not supported in overlay!
[21009]^Overlay breakpoint [0-9]{1,} failed: in ROM\?
[21010]^Error accessing memory address 0x[a-fA-F0-9]{1,}: Input/output error\.
[21011]^Temporarily disabling shared library breakpoints:
[21012]^breakpoint #[0-9]{1,}
[21013]^Cannot insert hardware breakpoint [0-9]{1,}\.
[21014]^Cannot insert breakpoint [-,][0-9]{1,}\.
[21015]^Error accessing memory address 
[21016]^Could not insert hardware watchpoint [0-9]{1,}\.
[21017]^Hardware watchpoint [0-9]{1,} deleted because the program has left the block in which its expression is valid\.
[21018]^Cannot insert catchpoint [0-9]{1,}; disabling it\.
[21019]^Error accessing memory address 
[21020]^Error inserting catchpoint [0-9]{1,}:
[21021]^Cannot insert catchpoint [0-9]{1,}; disabling it\.
[21022]^Could not insert hardware breakpoints:You may have requested too many hardware breakpoints/watchpoints\.
[21023]^The same program may be running in another process\.
[21024]^Cannot detach breakpoints of inferior_ptid
[21025]^attempted to remove apparently deleted breakpoint #[0-9]{1,}\?
[21026]^Could not remove hardware watchpoint [0-9]{1,}\.
[21027]^Internal error, .* line [0-9]{1,}\.
[21028]^Exception catchpoints from last run were deleted\.You must reinsert them explicitly\.
[21029]^No step_resume breakpoint found\.
[21030]^Stopped due to shared library event
[21031]^Thread Event Breakpoint: gdb should not stop!
[21032]^Overlay Event Breakpoint: gdb should not stop!
[21033]^Catchpoint [0-9]{1,} \(loaded .*\), 
[21034]^Catchpoint [0-9]{1,} \(unloaded .*\), 
[21035]^Catchpoint [0-9]{1,} \(forked process [0-9]{1,}\), 
[21036]^Catchpoint [0-9]{1,} \(vforked process [0-9]{1,}\), 
[21037]^Catchpoint [0-9]{1,} \(exec'd .*\), 
[21038]^Catchpoint [0-9]{1,} \(exception caught\), 
[21039]^throw location .*:[0-9]{1,}, 
[21040]^throw location unknown, 
[21041]^catch location .*:[0-9]{1,}
[21042]^catch location unknown
[21043]^Catchpoint [0-9]{1,} \(exception thrown\), 
[21044]^throw location .*:[0-9]{1,}, 
[21045]^throw location unknown, 
[21046]^catch location .*:[0-9]{1,}
[21047]^catch location unknown
[21048]^print_bp_stop_message: unrecognized enum value
[21049]^Error evaluating expression for watchpoint [0-9]{1,}
[21050]^Watchpoint [0-9]{1,} deleted\.
[21051]^Error evaluating expression for watchpoint [0-9]{1,}
[21052]^Watchpoint [0-9]{1,} deleted\.
[21053]^bptypes table does not describe type #[0-9]{1,}\.
[21054]^print_one_breakpoint: bp_none encountered
[21055]^Note: breakpoint 
[21056]^Note: breakpoints 
[21057]^also set at pc 
[21058]^allegedly permanent breakpoint is not actually inserted
[21059]^another breakpoint was inserted on top of a permanent breakpoint
[21060]^Breakpoint [0-9]{1,} address previously adjusted from .* to .*\.
[21061]^Breakpoint address adjusted from .* to .*\.
[21062]^unknown breakpoint type
[21063]^Pending breakpoint .* resolved
[21064]^Temporarily disabling shared library breakpoints:
[21065]^breakpoint #[0-9]{1,} 
[21066]^Temporarily disabling breakpoints for unloaded shared library .*
[21067]^Unable to set a breakpoint on dynamic linker callback\.Suggest linking with /opt/langtools/lib/end\.o\.GDB will be unable to track shl_load/shl_unload calls\.
[21068]^Unable to set unique breakpoint on dynamic linker callback\.GDB will be unable to track shl_load/shl_unload calls\.
[21069]^\(apparently deleted\?\) Eventpoint [0-9]{1,}: 
[21070]^Breakpoint [0-9]{1,}
[21071]^Hardware assisted breakpoint [0-9]{1,}
[21072]^No hardware breakpoint support in the target\.
[21073]^Hardware breakpoints used exceeds limit\.
[21074]^Junk at end of pending breakpoint condition expression
[21075]^No default breakpoint address now\.
[21076]^Cannot break without a running program\.
[21077]^Cannot break on .* without a running program\.
[21078]^Junk after thread keyword\.
[21079]^Unknown thread [0-9]{1,}\.
[21080]^Junk at end of arguments\.
[21081]^Multiple breakpoints were set\.Use the delete command to delete unwanted breakpoints\.
[21082]^Garbage .* following breakpoint address
[21083]^Garbage .* follows condition
// when -break-insert main.cpp:1000
[21084]^No line [0-9]{1,} in file .*\.
[21085]^Usage: stop in <function | address>
[21086]^Usage: stop at <line>
[21087]^Junk at end of command\.
[21088]^Expression cannot be implemented with read/access watchpoint\.
[21089]^Target does not support this type of hardware watchpoint\.
[21090]^Target can only support one kind of HW watchpoint at a time\.
[21091]^can't do that without a running program; try break main\), run first
[21092]^Couldn't get information on specified line\.
[21093]^Junk at end of arguments\.
[21094]^unsupported or unknown fork kind; cannot catch it
[21095]^Internal error \-\- invalid catchpoint kind
[21096]^Catchpoint [0-9]{1,} \(exception thrown\)
[21097]^Catchpoint [0-9]{1,} \(exception caught\)
[21098]^Catchpoint [0-9]{1,} \(throw\)
[21099]^Catchpoint [0-9]{1,} \(catch\)
[21100]^Junk at end of arguments\.
[21101]^Unsupported or unknown exception event; cannot catch it
[21102]^Unsupported with this platform/compiler combination\.
[21103]^Catch requires an event name\.
[21104]^catch requires an event
[21105]^Catch of signal not yet implemented
[21106]^Catch of thread_start not yet implemented
[21107]^Catch of thread_exit not yet implemented
[21108]^Catch of thread_join not yet implemented
[21109]^Catch of start not yet implemented
[21110]^Catch of exit not yet implemented
[21111]^Catch of stop not yet implemented
[21112]^Unknown event kind specified for catch
[21113]^No source file specified\.
[21114]^No breakpoint at .*\.
[21115]^No breakpoint at this line\.
[21116]^Deleted breakpoint 
[21117]^Deleted breakpoints 
[21118]^Error in deleting catchpoint [0-9]{1,}:
[21119]^another breakpoint was inserted on top of a permanent breakpoint
[21120]^Cannot insert hardware breakpoint [0-9]{1,}\.You may have requested too many hardware breakpoints\.
[21121]^Cannot insert breakpoint [0-9]{1,}\.
[21122]^Error accessing memory address 
[21123]^The same program may be running in another process\.
[21124]^Delete all breakpoints\? 
[21125]^attempted to reset apparently deleted breakpoint #[0-9]{1,}\?
[21126]^Deleting unknown breakpoint type [0-9]{1,}
[21127]^Error in re\-setting breakpoint [0-9]{1,}:
[21128]^Will stop next time breakpoint [0-9]{1,} is reached\.
[21129]^Will ignore next crossing of breakpoint [0-9]{1,}\.
[21130]^Will ignore next [0-9]{1,} crossings of breakpoint [0-9]{1,}\.
[21131]^No breakpoint number [0-9]{1,}\.
[21132]^a breakpoint number
[21133]^bad breakpoint number: '.*'
[21134]^Second argument \(specified ignore\-count\) is missing\.
[21135]^one or more breakpoint numbers
[21136]^warning: bad breakpoint number at or near '.*'
[21137]^No breakpoint number [0-9]{1,}\.
[21138]^attempted to disable apparently deleted breakpoint #[0-9]{1,}\?
[21139]^No hardware breakpoint support in the target\.
[21140]^Hardware breakpoints used exceeds limit\.
[21141]^Cannot enable watchpoint [0-9]{1,} because the block in which its expressionis valid is not currently in scope\.
[21142]^Cannot enable watchpoint [0-9]{1,} because target watch resourceshave been allocated for other watchpoints\.
[21143]^attempted to enable apparently deleted breakpoint #[0-9]{1,}\?
[21144]^Empty line specification\.
[21145]^Junk at end of line specification: .*
[21146]^Could not insert single\-step breakpoint at 0x.*
//[21147]
[21148]^Break in function or address\.
[21149]^Break at a line in the current file\.
[21150]^Using the kernel crash dump .*\.
[21151]^Cannot find a valid PCB
[21152]^No kernel memory image\.
[21153]^Kernel memory interface
[21154]^Use a kernel virtual memory image as a target\.Optionally specify the filename of a core dump\.
[21155]^Set current context from proc address
[21156]^Set current context from pcb address
[21157]^Bad magic
[21158]^block end address less than block start address in .* \(patched it\)
[21159]^block end address 0x.* less than block start address 0x.* \(patched it\)
[21160]^inner block not inside outer block in .*
[21161]^block at .* out of order
[21162]^failed internal consistency check
[21163]^Context stack not empty in end_symtab
[21164]^ <repeats [0-9]{1,} times>
[21165]^internal error: no C/C++ fundamental type [0-9]{1,}
[21166]^type not handled in c_type_print_varspec_prefix\(\)
[21167]^<incomplete type>
[21168]^<no data fields>
[21169]^<undefined type> .*;
[21170]^<badly mangled name '.*'>
[21171]^<unknown type>
[21172]^<range type>
[21173]^<invalid type code [0-9]{1,}>
//[21174]
//[21175]
[21176]^not implemented: member type in c_val_print
[21177]^<error type>
[21178]^<incomplete type>
[21179]^Invalid C/C++ type code [0-9]{1,} in symbol table\.
[21180]^Error closing `iconv' descriptor for `.*'\-to\-`.*' character conversion: .*
[21181]^Error converting character `[0-9]{1,}' from `.*' to `.*' character set: .*
[21182]^GDB doesn't know of any character set named `.*'\.
[21183]^GDB can't use `.*' as its host character set\.
[21184]^GDB can't convert from the `.*' character set to `.*'\.
[21185]^GDB can't convert from the `.*' character set to `.*'\.
//[21186]
[21187]^Argument required \(.*\)\.
[21188]^info must be followed by the name of an info command\.
[21189]^The pwd command does not take an argument: .*
[21190]^source command requires file name of file to source\.
[21191]^Cannot execute .*: .*
[21192].* exited with status [0-9]{1,}
[21193]^Fork failed
[21194]^No default source file yet\.
[21195]^Junk at end of line specification\.
[21196]^No source file for address .*\.
[21197]^No line number known for .*\.
[21198]Undefined .* command: ".*"\.  Try "help .*"\.
[21199]^Junk at end of line specification\.
[21200]^Specified start and end are in different files\.
[21201]^Two empty args do not say what lines to list\.
[21202]^No source file for address .*\.
[21203]^No line number known for .*\.
[21204]^No default source file yet\.  Do help list\.
[21205]^No default source file yet\.  Do help list\.
[21206]^No frame selected\.
[21207]^No function contains program counter for selected frame\.
[21208]^No function contains specified address\.
[21209]^Not a user command\.
[21210]^REGEXP string is empty
[21211]^Error in regular expression:.*
[21212]^file: .*, line number: [0-9]{1,}
[21213]^set debug must be followed by the name of a print subcommand\.
//[21214]
[21215]^Timeout limit to wait for target to respond is .*\.
[21216]^The max call depth for user\-defined commands is .*\.
[21217]^This command has a hook \(or hooks\) defined:
[21218]^This command is run after  : .* \(pre hook\)
[21219]^This command is run before : .* \(post hook\)
[21220]^Unclassified commands
[21221]^Lack of needed .*command
[21222]^Ambiguous command .*: .*\.
[21223]^Invalid command
[21224]^Missing filename\.
[21225]^Failed to open .*: .*\.
[21226]^'.*' is not a recognized file format\.
[21227]^bfd_openw_with_cleanup: .*\.
[21228]^bfd_openw does not work with append\.
[21229]^bfd_openw_with_cleanup: unknown mode .*\.
[21230]^dump must be followed by a subcommand\.
[21231]^append must be followed by a subcommand\.
[21232]^Missing start address\.
[21233]^Missing stop address\.
[21234]^Invalid memory address range \(start >= end\)\.
[21235]^No value to .*\."\), \*mode == 'a' \? "append" : "dump
[21236]^Invalid expression\.
[21237]^value is not an lval: address assumed to be zero
[21238]^skipping section .*\.\.\.
[21239]^Failed to read bfd file .*: '.*'\.
[21240]^restore: memory write failed \(.*\)\.
[21241]^Start address is greater than length of binary file .*\.
[21242]^restore: memory write failed \(.*\)\.
[21243]^Start must be less than end\.
[21244]^Error reading in control structure\.
[21245]^Max user call depth exceeded \-\- command aborted\.
[21246]^Error in control structure\.
[21247]^Invalid control type in command structure\.
[21248]^arg_cleanup called with no user args\.
[21249]^user defined function may only have [0-9]{1,} arguments\.
[21250]^Missing argument [0-9]{1,} in user function\.
[21251]^Control nesting too deep!
[21252]^Recursed on a simple control type\.
[21253]^Allocated body is smaller than this command type needs\.
[21254]^bad switch
[21255]^called with NULL file pointer!
[21256].*:[0-9]{1,}: Error in sourced command file:.*
[21257]^bad reason
[21258]^Ambiguous item .*\.
[21259]^gdb internal error: bad var_type in do_setshow_command
[21260]^do_setshow_command: invalid var_auto_boolean
[21261]^gdb internal error: bad var_type in do_setshow_command
[21262]^gdb internal error: bad cmd_type in do_setshow_command
[21263].*: error reading line numbers\.
[21264].*: can't get string table
[21265]^The debugging information in `.*' is corrupted\.The file has a `\.stabs' section, but no `\.stabstr' section\.
[21266]^Bad n_sclass for symbol .*
[21267]^`\.bf' symbol [0-9]{1,} has no aux entry
[21268]^Bad coff function information\.
[21269]^`\.ef' symbol without matching `\.bf' symbol ignored starting at symnum [0-9]{1,}
[21270]^Unmatched \.ef symbol\(s\) ignored starting at symnum [0-9]{1,}
[21271]^`\.ef' symbol [0-9]{1,} has no aux entry
[21272]^`\.eb' symbol without matching `\.bb' symbol ignored starting at symnum [0-9]{1,}
[21273]^Mismatched \.eb symbol ignored starting at symnum [0-9]{1,}
[21274]^thumb symbol .*, class 0x[a-fA-F0-9]{1,}
[21275]^Line number pointer .* lower than start of line numbers
[21276]^Symbol table entry for .* has bad tagndx value
[21277]^Unexpected type for symbol .*
[21278]^Max number of complaints about incorrect symbols is .*\.
[21279]^Register .* not found in core file\.
[21280]^Invalid register number [0-9]{1,}\.
[21281]^Wrong size gregset in core file\.
[21282]^Wrong size fpregset in core file\.
[21283]^GDB can't read core files on this machine\.
[21284]^core file may not match specified executable file\.
[21285]^exec file is newer than core file\.
[21286]^No executable file specified\.Use the file or exec\-file command\.
// when gdb can't access memory
[21287]^Cannot access memory at address 0x[a-fA-F0-9]{1,}
[21288]^Error accessing memory address 
[21289].*: ambiguous core format, [0-9]{1,} handlers match
[21290].*: no core file handler recognizes format, using default
[21291]^cannot close .*: .*
[21292]^No core file specified\.  \(Use `detach' to stop debugging a core file\.\)
[21293]^No core file specified\.
[21294].* is not a core dump: .*
[21295].*: Can't find sections: .*
[21296]^Core was generated by `.*'\.
[21297]^Program terminated with signal [0-9]{1,}, .*\.
[21298]^Too many arguments
[21299]^No core file now\.
[21300]^Couldn't find .* registers in core file\.
[21301]^Couldn't read .* registers from `.*' section in core file\.
[21302]^Couldn't recognize .* registers in core file\.
[21303]^Can't fetch registers from this type of core file
[21304]^Couldn't read NT_AUXV note in core file\.
[21305]^Couldn't read StackGhost cookie in core file\.
[21306]^ABI doesn't define required function is_constructor_name
[21307]^ABI doesn't define required function is_destructor_name
[21308]^ABI doesn't define required function is_vtable_name
[21309]^ABI doesn't define required function is_operator_name
[21310]^ABI doesn't define required function baseclass_offset
[21311]^Too many C++ ABIs, please increase CP_ABI_MAX in cp\-abi\.c
[21312]^Cannot find C++ ABI .* to set it as auto default\.
[21313]^Could not find .* in ABI list
[21314]^cp\-abi", class_obscure, set_cp_abi_cmd, _\("Set the ABI used for inspecting C++ objects\.set cp\-abi with no arguments will list the available ABIs\.
[21315]^Show the ABI used for inspecting C++ objects\.
[21316]^cp_lookup_nested_type called on a non\-aggregate type\.
[21317]^Possible namespaces:
[21318]^Print the list of possible C++ namespaces\.
[21319]^RTTI symbol not found for class '.*'
[21320]^RTTI symbol for class '.*' is not a type
[21321]^RTTI symbol for class '.*' is a namespace
[21322]^RTTI symbol for class '.*' has bad type
[21323]^maintenance cplus must be followed by the name of a command\.
[21324]^invalid pointer to member function
[21325]^<badly mangled name .*>
[21326]^<No data fields>
[21327]^<invalid address>
[21328]^Couldn't recognize signal trampoline\.
[21329]^We don't do this
[21330]^crisv32_register_type: unknown regno [0-9]{1,}
[21331]^cris_store_return_value: type length too large\.
[21332]^Unmapped DWARF Register #[0-9]{1,} encountered\.
[21333]^cris_extract_return_value: type length too large
[21334]^CRIS software single step could not find a step target\.
[21335]^Warning: PC in delay slot
[21336]^wrong size gregset struct in core file
[21337]^cris_gdbarch_update: failed to update architecture\.
[21338]^cris_gdbarch_update: failed to update architecture\.
[21339]^cris_gdbarch_init: big endian byte order in info
[21340]^cris_gdbarch_init: unknown byte order in info
[21341]^cris_gdbarch_init: unsupported CRIS version
[21342]^cris_gdbarch_init: unknown CRIS version
[21343]^unknown symbol type .*
[21344]^N_LBRAC/N_RBRAC symbol mismatch at symtab pos [0-9]{1,}
[21345]^repeated header file .* not previously seen, at symtab pos [0-9]{1,}
[21346]^Can't find any code sections in symbol file
[21347]^Can't find \.text section in symbol file
[21348]^ridiculous string table size \([0-9]{1,} bytes\)\.
[21349]^Premature end of file reading symbol table
[21350]^bad string table offset in symbol [0-9]{1,}
[21351]^function `.*' appears to be defined outside of all compilation units
[21352]^string table offset backs up at [0-9]{1,}
[21353]^N_BINCL .* not in entries for any file, at symtab pos [0-9]{1,}
[21354]^unknown symbol descriptor `.'
[21355]^Had to reallocate dependency list\.
[21356]^New dependencies allocated: [0-9]{1,}
[21357]^Psymtab for .* already read in\.  Shouldn't happen\.
[21358]^Psymtab for .* already read in\.  Shouldn't happen\.
[21359]^First symbol in segment of executable not a source symbol
[21360]^misplaced N_LBRAC entry; discarding local symbols which have 
[21361]^block start larger than block end
[21362]^failed internal consistency check
[21363]^unmatched N_LBRAC before symtab pos [0-9]{1,}
[21364]^stabsect_build_psymtabs:  Found stabs \(.*\), but not string section \(.*\)
[21365]^Can't find .* section in symbol file
[21366]^Cache use for remote targets is .*\.
[21367]^Unknown demangling style `.*'\.
[21368]^Unrecognized [0-9]{1,}\-bit floating\-point type\.
[21369]^Can't convert floating\-point number to desired type\.
[21370]^Unable to open file .*
[21371]^File is not an object file
[21372]^Canceled the download
[21373]^make_srec:  Bad address \(0x.*\), or bad flags \(0x[a-fA-F0-9]{1,}\)\.
[21374]^fetch_bitmapped_register: regno out of bounds
[21375]^Unable to open file .*\.
[21376]^File is not an object file\.
[21377]^Support for DW_OP_fbreg is unimplemented
[21378]^Support for DW_OP_GNU_push_tls_address is unimplemented
[21379]^incomplete CFI data; DW_CFA_restore unspecified
[21380]^bad CFI data; mismatched DW_CFA_restore_state at 0x.*
[21381]^Unknown CFI encountered\.
[21382]^Unknown CFA rule\.
[21383]^incomplete CFI data; unspecified registers \(e\.g\., .*\) at 0x.*
[21384]^Unknown register rule\.
[21385]^Unsupported address size
[21386]^Invalid or unsupported encoding
[21387]^Unsupported encoding: DW_EH_PE_indirect
[21388]^Invalid or unsupported encoding
[21389]^Corrupt data in .*:.*; align 4 workaround apparently succeeded
[21390]^Corrupt data in .*:.*; align 8 workaround apparently succeeded
[21391]^Corrupt data in .*:.*
[21392]^dwarf expression stack underflow
[21393]^read_uleb128: Corrupted DWARF expression\.
[21394]^read_sleb128: Corrupted DWARF expression\.
[21395]^dwarf2_read_address: Corrupted DWARF expression\.
[21396]^Unsupported address size\.
[21397]^Not enough elements for DW_OP_rot\. Need 3, have [0-9]{1,}\.
[21398]^Can't be reached\.
[21399]^Unhandled dwarf expression opcode 0x[a-fA-F0-9]{1,}
[21400]^Could not find the frame base for .*\.
[21401]^Symbol .* has been optimized out\.
[21402]^Unexpected opcode after DW_OP_fbreg for symbol .*\.
[21403]^Unexpected opcode after DW_OP_breg[0-9]{1,} for symbol .*\.
[21404]^Unsupported DWARF opcode 0x[a-fA-F0-9]{1,} in the location of .*\.
[21405]^Variable .* is not available\.
[21406]^statement list doesn't fit in \.debug_line section
[21407]^location expression too complex
[21408]^const value length mismatch for '.*', got [0-9]{1,}, expected [0-9]{1,}
[21409]^macro info runs off end of `\.debug_macinfo' section
[21410]^macro debug info contains a malformed macro definition:`.*'
[21411]^invalid attribute class or form for '.*' in '.*'
[21412]^read_comp_unit_head: dwarf from non elf file
[21413]^Dwarf Error: wrong version in compilation unit header \(is [0-9]{1,}, should be [0-9]{1,}\) \[in module .*\]
[21414]^unhandled containing DIE tag [0-9]{1,} for DIE at [0-9]{1,}
[21415]^malformed enumerator DIE ignored
[21416]^Dwarf Error: Could not find abbrev number [0-9]{1,} \[in module .*\]
[21417]^ignoring absolute DW_AT_sibling
[21418]^Dwarf Error: Cannot handle .* in DWARF reader \[in module .*\]
[21419]^bug: psymtab for .* is already read in\.
[21420]^Offset [0-9]{1,} out of bounds for DW_AT_ranges attribute
[21421]^Invalid \.debug_ranges data \(no base address\)
[21422]^unsupported accessibility [0-9]{1,}
[21423]^member function type missing for '.*'
[21424]^invalid pointer size [0-9]{1,}
[21425]^unsupported DW_AT_encoding: '.*'
[21426]^DW_AT_type missing from DW_TAG_subrange_type
[21427]^Dwarf Error: Can't read DWARF data from '.*'
[21428]^malformed enumerator DIE ignored
[21429]^ignoring absolute DW_AT_sibling
[21430]^could not find partial DIE 0x%lx in cache \[from module .*\]
[21431]^Dwarf Error: could not find abbrev number [0-9]{1,} \[in module .*\]
[21432]^Dwarf Error: Cannot handle .* in DWARF reader \[in module .*\]
[21433]^read_address: bad switch, signed \[in module .*\]
[21434]^read_address: bad switch, unsigned \[in module .*\]
[21435]^intermixed 32\-bit and 64\-bit DWARF sections
[21436]^read_offset: bad switch \[in module .*\]
[21437]^DW_FORM_strp used without \.debug_str section \[in module .*\]
[21438]^DW_FORM_strp pointing outside of \.debug_str section \[in module .*\]
[21439]^missing \.debug_line section
[21440]^line number info header doesn't fit in `\.debug_line' section
[21441]^mangled \.debug_line section
[21442]^unsupported tag: '.*'
[21443]^unsupported const value attribute form: '.*'
[21444]^Dwarf Error: Problem turning type die at offset into gdb type \[in module .*\]
[21445]^Dwarf Error: Problem turning containing type into gdb type \[in module .*\]
[21446]^Dwarf Error: Cannot find type of die \[in module .*\]
[21447]^unexpected tag in read_type_die: '.*'
[21448]^Die: .* \(abbrev = [0-9]{1,}, offset = [0-9]{1,}\)
[21449]^unexpected attribute form: DW_FORM_indirect
[21450]^unsupported attribute form: [0-9]{1,}\.
[21451]^unsupported die ref attribute form: '.*'
[21452]^Attribute value is not a constant \(.*\)
[21453]^Dwarf Error: internal error \- invalid fundamental type id [0-9]{1,} \[in module .*\]
[21454]^unsupported stack op: '.*'
[21455]^bad file number in macro information \([0-9]{1,}\)
[21456]^missing \.debug_macinfo section
[21457]^macro debug info has an unmatched `close_file' directive
[21458]^no terminating 0\-type entry for macros in `\.debug_macinfo' section
[21459]^Location list used without specifying the CU base address\.
[21460]^invalid dwarf2 offset .*
[21461]^no compilation unit with offset .*\.
[21462]^internal error \- invalid fundamental type id [0-9]{1,}
[21463]^can't read DWARF data from '.*'
[21464]^DIE @ 0x[a-fA-F0-9]{1,} .*, internal error: duplicate user type allocation
[21465]^DIE @ 0x[a-fA-F0-9]{1,} .*, missing class, structure, or union tag
[21466]^DIE @ 0x[a-fA-F0-9]{1,} .*, can't decode subscript data items
[21467]^DIE @ 0x[a-fA-F0-9]{1,} .*, array subscript format 0x[a-fA-F0-9]{1,} not handled yet
[21468]^DIE @ 0x[a-fA-F0-9]{1,} .*, unknown array subscript format [a-fA-F0-9]{1,}
[21469]^DIE @ 0x[a-fA-F0-9]{1,} .*, array not row major; not handled correctly
[21470]^DIE @ 0x[a-fA-F0-9]{1,}, AT_name tag missing
[21471]^DIE @ 0x[a-fA-F0-9]{1,} .*, OP_DEREF2 address 0x%lx not handled
[21472]^DIE @ 0x[a-fA-F0-9]{1,} .*, OP_DEREF4 address 0x%lx not handled
[21473]^can't read DWARF data
[21474]^can't read DWARF line number table size
[21475]^can't read DWARF line numbers
[21476]^psymtab for .* already read in\.  Shouldn't happen\.
[21477][0-9]{1,} DIE's, sorting\.\.\.
[21478]^DIE @ 0x[a-fA-F0-9]{1,} .*, botched modified type decoding \(mtype 0x[a-fA-F0-9]{1,}\)
[21479]^DIE @ 0x[a-fA-F0-9]{1,} .*, type modifier 'const' ignored
[21480]^DIE @ 0x[a-fA-F0-9]{1,} .*, type modifier 'volatile' ignored
[21481]^DIE @ 0x[a-fA-F0-9]{1,} .*, unknown type modifier [0-9]{1,}
[21482]^DIE @ 0x[a-fA-F0-9]{1,} .*, unexpected fundamental type 0x[a-fA-F0-9]{1,}
[21483]^DIE @ 0x[a-fA-F0-9]{1,} .*, malformed DIE, bad length \(.* bytes\)
[21484]^DIE @ 0x[a-fA-F0-9]{1,} .*, unknown attribute length, skipped remaining attributes
[21485]^DIE @ 0x[a-fA-F0-9]{1,} .*, no bfd support for [0-9]{1,} byte data object
[21486]^elf/stab section information .* without a preceding file symbol
[21487]^duplicated elf/stab section information for .*
[21488]^Can't read symbols from .*: .*
[21489]^There is no field named .*
[21490]^too many initializers
[21491]^don't know which variant you want to set
[21492]^tuple range index out of range
[21493]^tuple index out of range
[21494]^Value of register .* not available\.
[21495]^Too many array elements
[21496]^\(power\)set type with unknown size
[21497]^POWERSET tuple elements of different mode
[21498]^incompatible POWERSET tuple elements
[21499]^empty POWERSET tuple range
[21500]^POWERSET tuple element out of range
[21501]^no 'respondsTo:' or 'respondsToSelector:' method
[21502]^no 'methodFor:' or 'methodForSelector:' method
[21503]^Target does not respond to this message selector\.
[21504]^method address has symbol information with non\-function type; skipping
[21505]^Expression of type other than method returning \.\.\. used as a method
[21506]^Not implemented: function invocation through pointer to method with HP aCC
[21507]^virtual function at index [0-9]{1,} not found
[21508]^Cannot evaluate function \-\- may be inlined
[21509]^Expression of type other than Function returning \.\.\. used as function
[21510]^Cannot perform substring on this type
[21511]^Pointers to methods not supported with HP aCC
[21512]^Attempted dereference of null pointer\-to\-member
[21513]^not implemented: pointer\-to\-method in pointer\-to\-member construct
[21514]^non\-pointer\-to\-member value used in pointer\-to\-member construct
[21515]^Assignment to pointers to methods not implemented with HP aCC
[21516]^':' operator used in invalid context
[21517]^cannot subscript something of type `.*'
[21518]^cannot subscript requested type
[21519]^Too many subscripts for F77 \([0-9]{1,} Max\)
[21520]^Wrong number of subscripts
[21521]^Cannot obtain dynamic upper bound
[21522]^Cannot obtain dynamic lower bound
[21523]^Non\-integral right operand for @ operator\.
[21524]^Attempt to dereference pointer to member without an object
[21525]^Attempt to take contents of a non\-pointer value\.
[21526]^Attempt to use a type name as an expression
[21527]^GDB does not \(yet\) know how to evaluate that kind of expression
[21528]^Attempt to take address of non\-lval
[21529]^Attempt to take address of register or constant\.
[21530]^Attempt to take address of non\-lval
[21531]^Attempt to take contents of a non\-pointer value\.
[21532]^Internal error in eval_type\.
[21533]^Can't get dimensions for a non\-array type
[21534]^use_poll without HAVE_POLL
[21535]^Hangup detected on fd [0-9]{1,}
[21536]^Error detected on fd [0-9]{1,}
[21537]^Invalid or non\-`poll'able fd [0-9]{1,}
[21538]^use_poll without HAVE_POLL
[21539]^Exception condition detected on fd [0-9]{1,}
[21540]^Command has same effect as set annotate
[21541]^error detected on stdin
[21542]^Space used: .* \(..* for this command\)
[21543]^Erroneous arithmetic operation\.
[21544]^bad state
[21545]^bad switch
[21546]^Bad switch\.
[21547]^cannot close .*: .*
[21548]^No executable file now\.
[21549].*: could not open as an executable file: .*
[21550].*: not in executable format: .*
[21551].*: can't find the file sections: .*
[21552]^No executable file name was specified
[21553]^failed internal consistency check
[21554]^Must specify section name and its virtual address
[21555]^Section .* not found
[21556]^Can't create a corefile
[21557]^bad selector
[21558]^Invalid expression
[21559]^print_subexp:  Not implemented\.
[21560]^Dump of expression @ 
[21561]^History element .*
[21562]^Field name: `%\.\*s'
[21563]^Unknown format
[21564]^Dump of expression @ 
[21565]^internal error: no F77 fundamental type [0-9]{1,}
[21566]^Malformed function STAB found in add_common_block\(\)
[21567]^Attempt to add COMMON entry with no block open!
[21568]^cannot get \.bf node off empty list
[21569]^Invalid type code \([0-9]{1,}\) in symbol table\.
[21570]^Lower bound may not be '\*' in F77
[21571]^Cannot obtain valid array lower bound
[21572]^Cannot obtain valid array upper bound
[21573]^<assumed size array> 
[21574]^Cannot obtain dynamic upper bound
[21575]^Cannot obtain dynamic lower bound
[21576]^Type node corrupt! F77 arrays cannot have [0-9]{1,} subscripts \([0-9]{1,} Max\)
[21577]^<error type>
[21578]^<range type>
[21579]^Logicals of length [0-9]{1,} bytes not supported
[21580]^Cannot print out complex\*[0-9]{1,} variables
[21581]^<incomplete type>
[21582]^Invalid F77 type code [0-9]{1,} in symbol table\.
[21583]^All COMMON blocks visible at this level:
[21584]^No frame selected
[21585]^Contents of blank COMMON block:
[21586]^Contents of F77 COMMON block '.*':
[21587]^Cannot locate the common block .* in function '.*'
[21588]^Cannot deal with NULL common name!
[21589]^Print out the values contained in a Fortran COMMON block\.
[21590]^Couldn't open .*\.
[21591]^That operation is not available on integers of more than [0-9]{1,} bytes\.
[21592]^extract_typed_address: type is not a pointer or reference
[21593]^store_typed_address: type is not a pointer or reference
[21594]^Attempt to access variable defined in different shared object or load module whenaddresses have not been bound by the dynamic loader\. Try again when executable is running\.
[21595]^Value of base register not available\.
[21596]^Cannot look up value of a typedef
[21597]^Value of register variable not available\.
[21598]^Cannot look up value of a botched symbol\.
[21599]^Address of .* is unknown\.
[21600]^Can't take address of .* which isn't an lvalue\.
[21601]^Cannot exec .*: .*\.
[21602]^Cannot exec .* 
[21603]^Got error .*\.
[21604]^frame_unwind_find_by_frame failed
[21605]^Whether backtraces should continue past main is .*\.
[21606]^Whether backtraces should continue past the entry point of a program is .*\.
[21607]^<unknown type>
[21608]^<NULL frame>
[21609]^<unknown>
[21610]^No unwind_pc method
[21611]^Attempt to assign to a value that was optimized out\.
[21612]^Attempt to assign to an unmodifiable value\.
[21613]^No registers\.
[21614]^No stack\.
[21615]^No memory\.
[21616]^Missing unwind SP method
[21617]^unwinder did not report frame ID
[21618]^previous frame inner to this frame \(corrupt stack\?\)
[21619]^previous frame identical to this frame \(corrupt stack\?\)
[21620]^frame did not save the PC
[21621]^Can't read realtime sigtramp frame\.
[21622]^not a signal trampoline
[21623]^Bad register number [0-9]{1,}
[21624]^Illegal return value length: [0-9]{1,}
[21625]^Don't know how to return a [0-9]{1,}\-byte value\.
[21626]^Failed to open '.*' for output\.
[21627]^Failed to create 'note' section for corefile: .*
[21628]^gcore: failed to get corefile memory sections from target\.
[21629]^Can't find default bfd machine type \(need execfile\)\.
[21630]^Can't find bfd architecture for corefile \(need execfile\)\.
[21631]^Ignore segment, .* bytes at 0x.*
[21632]^Couldn't make gcore segment: .*
[21633]^Not enough memory to create corefile\.
[21634]^Memory read failed for corefile section, .* bytes at 0x.*\.
[21635]^Failed to write corefile contents \(.*\)\.
[21636]^find_arch_by_info: No matching architecture
[21637]^find_arch_by_info: Target rejected architecture
[21638]^Unknown address space specifier: .*
[21639]^No type named .*\.
[21640]^No struct type named .*\.
[21641]^This context has class, union or enum .*, not a struct\.
[21642]^No union type named .*\.
[21643]^ is not a structure or union type\.
[21644]^ has no component named 
[21645]^stub type has NULL name
[21646]^Internal: Cannot demangle mangled name `.*'\.
[21647]^internal error \- invalid fundamental type id [0-9]{1,}
[21648]^\(unknown bound type\)
[21649]^ <same as already seen type>
[21650]^ \(unknown data form\)
[21651]^Error setting exception port for .*: .*
[21652]^Couldn't request notification for port [0-9]{1,}: .*
[21653]^Error allocating event port: .*
[21654]^Error getting task for pid [0-9]{1,}: .*
[21655]^Additional task suspend count left untouched\.
[21656]^Can't modify tracing state for pid [0-9]{1,}: .*
[21657]^Can't forward spontaneous exception \(.*\)\.
[21658]^Can't deliver signal .*: No signal thread\.
[21659]^Can't continue process: .*
[21660]^There are no threads; try again later\.
[21661]^wait request failed: .*
[21662]^Couldn't wait for an event: .*
[21663]^Got a strange event, msg id = [0-9]{1,}\.
[21664]^Handling event, msgid = [0-9]{1,}: .*
[21665]^Pid [0-9]{1,} died with unknown exit status, using SIGKILL\.
[21666]^illegal rpc: .*
[21667]^Can't wait for pid [0-9]{1,}: .*
[21668]^Signal delivery failed: .*
[21669]^Aborting .* with unforwarded exception .*\.
[21670]^Can't run single thread id [0-9]{1,}: no such thread!
[21671]^Can't step thread id [0-9]{1,}: no such thread\.
[21672]^ptrace \(PTRACE_TRACEME\) failed!
[21673]^I refuse to debug myself!
[21674]^to_stop target function not implemented
[21675]^to_pid_to_exec_file target function not implemented
[21676]^Read from inferior faulted: .*
[21677]^gnu_read_inferior vm_deallocate failed: .*
[21678]^No memory at 0x[a-fA-F0-9]{1,}\. Nothing written
[21679]^Memory at address 0x[a-fA-F0-9]{1,} is unwritable\. Nothing written
[21680]^vm_region failed: .*
[21681]^Illegal argument for .* command, should be an integer\.
[21682]^Illegal argument for .* command, should be .* or .*\.
[21683]^Garbage after .* command: `.*'
[21684]^No current thread\.
[21685]^No current process\.
[21686]^No inferior task\.
[21687]^Couldn't extract send right [0-9]{1,} from inferior: .*
[21688]^Can't set exception port for .*: .*
[21689]^No argument to set task exception\-port command\.
[21690]^Illegal argument to set signal\-thread command\.Should be an integer thread ID, or `none'\.
[21691]^Thread ID .* not known\.  Use the info threads command tosee the IDs of currently known threads\.
[21692]^Error flushing inferior's cache : .*
[21693]^I'm confused:  virtual function table has bad type
[21694]^can't find linker symbol for virtual table for `.*' value
[21695]^Only classes can have virtual functions\.
[21696]^Expected a negative vbase offset \(old compiler\?\)
[21697]^You cannot attach to a running program on this platform\.Use the `run' command to run DJGPP programs\.
[21698]^Invalid register no\. [0-9]{1,} in fetch_register\.
[21699]^Invalid register no\. [0-9]{1,} in store_register\.
[21700]^Cannot allocate redirection storage: not enough memory\.
[21701]^Syntax error in command line\.
[21702]^Command line too long\.
[21703]^Invalid register [0-9]{1,} in go32_set_dr\.
[21704]^Cannot redirect standard handles for program: .*\.
[21705]^Cannot redirect standard handles for debugger: .*\.
[21706]^Cannot allocate redirection storage: not enough memory\.
[21707]^Invalid \(negative\) IDT entry .*\.
[21708]^Entry .* is outside valid limits \[0\.\.1023\]\.
[21709]^No floating\-point info available for this processor\.
[21710]^Address of object is null; object may not have been created\.
[21711]^Address of virtual function is null; error in virtual table\?
[21712]^Retrieved null typeinfo pointer in trying to determine run\-time type
[21713]^Retrieved null type name from typeinfo
[21714]^Could not find run\-time type: invalid type name .* in typeinfo\?\?
[21715]^Couldn't read register .* \(#[0-9]{1,}\): .*
[21716]^Couldn't read register .* \(#[0-9]{1,}\): .*
[21717]^Couldn't write register .* \(#[0-9]{1,}\): .*
[21718]^Couldn't write register .* \(#[0-9]{1,}\): .*
[21719]^Unable to find branch in parameter relocation stub\.
[21720]^Unable to find branch in linker stub
[21721]^Unable to find ldil X,%%r1 before ble Y\(%.*r4,%%r1\)\.
[21722]^Unable to find symbol for 0x%lx
[21723]^Unable to find library symbol for .*\.
[21724]^Unable to find restore of %%rp before bv \(%%rp\)\.
[21725]^Unable to find __d_pid symbol in object file\.Suggest linking executable with \-g \(links in /opt/langtools/lib/end\.o\)\.
[21726]^Unable to write __d_pid\.Suggest linking executable with \-g \(links in /opt/langtools/lib/end\.o\)\.
[21727]^call to __d_shl_get failed, error code is [0-9]{1,}
[21728]^Unable to find exception callback hook \(.*\)\.Executable may not have been compiled debuggable with HP aCC\.GDB will be unable to intercept exception events\.
[21729]^Unable to find exception callback routine \(.*\)\.Suggest linking executable with \-g \(links in /opt/langtools/lib/end\.o\)\.GDB will be unable to intercept exception events\.
[21730]^Error while finding exception callback hook:
[21731]^Couldn't find a plabel \(indirect function label\) for the exception callback\.GDB will not be able to intercept exception events\.
[21732]^Unable to find exception callback routine to set breakpoint \(.*\)\.Suggest linking executable with \-g \(link in /opt/langtools/lib/end\.o\)\.GDB will be unable to intercept exception events\.
[21733]^Unable to enable interception of exception catches\.Executable may not have been compiled debuggable with HP aCC\.Suggest linking executable with \-g \(link in /opt/langtools/lib/end\.o\)\.
[21734]^Unable to enable interception of exception throws\.Executable may not have been compiled debuggable with HP aCC\.Suggest linking executable with \-g \(link in /opt/langtools/lib/end\.o\)\.
[21735]^Could not write to target memory for exception event callback\.Interception of exception events may not work\.
[21736]^Internal error: Invalid inferior pid\?  Cannot intercept exception events\.
[21737]^Couldn't enable exception throw interception\.
[21738]^Couldn't enable exception catch interception\.
[21739]^Request to enable unknown or unsupported exception event\.
[21740]^Internal error creating objfile private data\.
[21741]^Internal error creating objfile private data\.
[21742]^Cannot find suitable address to place dummy breakpoint; nested 
[21743]^Cannot call external function not referenced by application \(no import stub\)\.
[21744]^Cannot make interspace call from here\.
[21745]^Register set contents too small
[21746]^Invalid register number [0-9]{1,}\.
[21747]^Couldn't read register .* \(#[0-9]{1,}\): .*\.
[21748]^Couldn't write register .* \(#[0-9]{1,}\): .*\.
[21749]^Unmapped DWARF Register #[0-9]{1,} encountered\.
[21750]^Internal error reading unwind information\.
[21751]^Cannot read instruction at 0x.*\.
[21752]^Cannot resolve PLT stub at 0x.*\.
[21753]^Unsupported address size: [0-9]{1,}
[21754]^bad switch
[21755]^Couldn't get registers
[21756]^Couldn't get floating point status
[21757]^Couldn't get registers
[21758]^Couldn't write registers
[21759]^Couldn't get floating point status
[21760]^Couldn't write floating point status
[21761]^unmatched N_LBRAC before symtab pos [0-9]{1,}
[21762]^N_LBRAC/N_RBRAC symbol mismatch at symtab pos [0-9]{1,}
[21763]^bad string table offset in symbol [0-9]{1,}
[21764]^File not processed by pxdb\-\-about to process now\.
[21765]^pxdb not found at standard location: /opt/langtools/bingdb will not be able to debug .*\.Please install pxdb at the above location and then restart gdb\.You can also run pxdb on .* with the commandpxdb .* and then restart gdb\.
[21766]^bfd_get_section_contents\.
[21767]^file debug header info invalid\.
[21768]^invalid $HEADER$ size in executable\.
[21769]^bfd_get_section_contents\.
[21770]^file debug header invalid\.
[21771]^Procedure .* \[0x[a-fA-F0-9]{1,}\] spans file or module boundaries\.
[21772]^Module .* \[0x.*\] has non\-standard addresses\.  It starts at 0x.*, ends at 0x.*, and will be skipped\.
[21773]^Found procedure .* \[0x[a-fA-F0-9]{1,}\] that is not in any file or module\.
[21774]^File .* \[0x[a-fA-F0-9]{1,}\] has ending address after starting address of next file; adjusting ending address down\.
[21775]^File .* \[0x[a-fA-F0-9]{1,}\] has ending address after starting address of next module; adjusting ending address down\.
[21776]^No symbols in psymtab for file .* \[0x[a-fA-F0-9]{1,}\]\.
[21777]^File .* \[0x[a-fA-F0-9]{1,}\] crosses beginning of module .*\.
[21778]^File .* \[0x[a-fA-F0-9]{1,}\] crosses end of module .*\.
[21779]^Module .* \[0x[a-fA-F0-9]{1,}\] has ending address after starting address of next module; adjusting ending address down\.
[21780]^Module .* \[0x[a-fA-F0-9]{1,}\] has ending address after starting address of next file; adjusting ending address down\.
[21781]^Found procedure .* \[0x[a-fA-F0-9]{1,}\] that is not in any file or module\.
[21782]^No symbols in psymtab for module .* \[0x[a-fA-F0-9]{1,}\]\.
[21783]^File .* not processed by pxdb!
[21784]^Psymtab for .* already read in\.  Shouldn't happen\.
[21785]^error in hpread_type_translate\.
[21786]^hpread_type_translate: unhandled type code\.
[21787]^Invalid debug info: Template argument entry is of wrong kind
[21788]^Two classes to fix up for method\?\?  Type information may be incorrect for some classes\.
[21789]^Two methods to be fixed up at once\?\? Type information may be incorrect for some classes\.
[21790]^Debug info inconsistent: FIELD of anonymous union doesn't have a_union bit set
[21791]^Debug info inconsistent: SVAR field in anonymous union doesn't have a_union bit set
[21792]^Internal error: Unexpected debug record kind [0-9]{1,} found following DNTT_GENFIELD
[21793]^Internal error: unexpected DNTT kind [0-9]{1,} encountered as field of struct
[21794]^Skipping remaining fields of struct
[21795]^error in hpread_array_type\.
[21796]^error in hpread_type_lookup\(\)\.
[21797]^unhandled symbol in hp\-symtab\-read\.c: DNTT_TYPE_COMMON/DNTT_TYPE_END\.
[21798]^internal error in hp\-symtab\-read\.c: Unexpected DNTT_TYPE_END kind\.
[21799]^Internal error in reading shared library information\.
[21800]^error processing class tagdef
[21801]^unhandled symbol in hp\-symtab\-read\.c: DNTT_TYPE_COMMON\.
[21802]^unhandled symbol in hp\-symtab\-read\.c: DNTT_TYPE_BLOCKDATA\.
[21803]^Can't find TCB [0-9]{1,}
[21804]^This version of Solaris can't start inactive threads\.
[21805]^Couldn't read register .* \(#[0-9]{1,}\): .*\.
[21806]^Couldn't write register .* \(#[0-9]{1,}\): .*\.
[21807]^Couldn't get registers
[21808]^Couldn't get registers
[21809]^Couldn't write registers
[21810]^Couldn't get floating point status
[21811]^Couldn't write floating point status
[21812]^Couldn't read floating\-point and SSE registers
[21813]^Couldn't write floating\-point and SSE registers
[21814]^Got request for bad register number [0-9]{1,}\.
[21815]^Got request to store bad register number [0-9]{1,}\.
[21816]^Couldn't read debug register
[21817]^Couldn't write debug register
[21818]^Couldn't recognize signal trampoline\.
[21819]^Invalid hardware breakpoint type [0-9]{1,} in i386_length_and_rw_bits\.
[21820]^Invalid hardware breakpoint length [0-9]{1,} in i386_length_and_rw_bits\.
[21821]^Invalid value [0-9]{1,} of operation in i386_handle_nonaligned_watchpoint\.
[21822]^Set whether to show variables that mirror the x86 debug registers\.Use on to enable, off to disable\.If enabled, the debug registers values are shown when GDB insertsor removes a hardware breakpoint or watchpoint, and when the inferiortriggers a breakpoint or watchpoint\.
[21823]^Cannot find floating\-point return value\.
[21824]^Cannot extract return value of [0-9]{1,} bytes long\.
[21825]^Cannot set floating\-point return value\.
[21826]^Cannot store return value of [0-9]{1,} bytes long\.
[21827]^Couldn't get registers
[21828]^Couldn't get floating point status
[21829]^Couldn't write registers
[21830]^Couldn't write XMM registers
[21831]^Couldn't get floating point status
[21832]^Couldn't write floating point status
[21833]^Couldn't get debug registers
[21834]^Couldn't write debug registers
[21835]^Couldn't read debug registers
[21836]^offsetof \(struct sigcontext, sc_pc\) yields [0-9]{1,} instead of [0-9]{1,}\.Please report this to <bug\-gdb@gnu\.org>\.
[21837]^Couldn't fetch floating\-point state from .*
[21838]^Can't fetch registers from thread [0-9]{1,}: No such thread
[21839]^Couldn't fetch registers from .*
[21840]^Couldn't fetch floating\-point state from .*
[21841]^Couldn't store floating\-point state into .*
[21842]^Couldn't store registers into thread [0-9]{1,}: No such thread
[21843]^Couldn't store registers into .*
[21844]^Register .* changed after the thread was aborted
[21845]^\.\.\. also writing this register!  Suspicious\.\.\.
[21846]^Cannot convert floating\-point register value to non\-floating\-point type\.
[21847]^Cannot convert non\-floating\-point type to floating\-point register value\.
[21848]^Invalid register number [0-9]{1,}\.
[21849]^Can't fetch instructions for slot numbers greater than 2\.Using slot 0 instead
[21850]^Can't insert breakpoint for slot numbers greater than 2\.
[21851]^Use the run command to start a Unix child process\.
[21852]^error detected from target\.
[21853]^Event type not recognized\.
[21854]^completed\.
[21855]^process\-id to attach
[21856]^Illegal process\-id: .*\.
[21857]^I refuse to debug myself!
[21858]^This system does not support attaching to a process
[21859]^This system does not support detaching from a process
[21860]^Child process unexpectedly missing: .*\.
[21861]^Couldn't read register .* \(#[0-9]{1,}\): .*\.
[21862]^Couldn't write register .* \(#[0-9]{1,}\): .*\.
[21863]^Attaching after fork to child process .*\.
[21864]^Detaching after fork from child process .*\.
[21865]^process\-id to attach
[21866]^Illegal process\-id: .*\.
[21867]^Coercion of floats to doubles when calling functions is .*\.
[21868]^Unwinding of stack if a signal is received while in a call dummy is .*\.
[21869]^Invalid data type for function to be called\.
[21870]^This target does not support function calls
[21871]^bad switch
[21872]^too few arguments in function call
[21873]^You cannot use function <.*> as argument\. You must use a pointer to function type variable\. Command ignored\.
[21874]^The program is not being run\.
[21875]^can't handle command\-line argument containing whitespace
[21876]^Program not restarted\.
[21877]^Asynchronous execution not supported on this target\.
[21878]^No symbol table loaded\.  Use the file command\.
[21879]^Asynchronous execution not supported on this target\.
//[21880]^Continuing\.
[21881]^No current frame
[21882]^Cannot find bounds of current function
[21883]^Single stepping until exit from function .*, which has no line number information\.
[21884]^No current frame
[21885]^Cannot find bounds of current function
[21886]^Asynchronous execution not supported on this target\.
[21887]^starting address
[21888]^Unreasonable jump request
[21889]^No source file has been specified\.
[21890]^Not confirmed\.
//[21891]^Continuing at 
//[21892]^Continuing with no signal\.
//[21893]^Continuing with signal .*\.
[21894]^Execution is not within a known function\.
[21895]^The program is not running\.
[21896]^finish_command: function has no target type
[21897]^The finish command does not take any arguments\.
[21898]^No selected frame\.
[21899]^finish not meaningful in the outermost frame\.
[21900]^finish_command: function has no target type
[21901]^The program being debugged is not being run\.
[21902]^Program stopped at .*\.
[21903]^It stopped after being stepped\.
[21904]^It stopped at a breakpoint that has since been deleted\.
[21905]^It stopped at breakpoint [0-9]{1,}\.
[21906]^It stopped with signal .*, .*\.
[21907]^Type info stack or info registers for more information\.
[21908]^\*value not available\*
[21909]^The program has no registers now\.
[21910]^No selected frame\.
[21911]^Missing register name
[21912]^Invalid register `%\.\*s'
//[21913]
[21914]^No selected frame\.
[21915]^No vector information
[21916]^Not killed\.
[21917]^No floating\-point info available for this processor\.
[21918]^unset must be followed by the name of an unset subcommand\.
[21919]^Interrupt the execution of the debugged program\.
[21920]^\[.* failed in terminal_inferior: .*\]
[21921]^\[tcsetpgrp failed in terminal_ours: .*\]
[21922]^This GDB does not control a terminal\.
[21923]^Inferior's terminal status \(currently saved by GDB\):
[21924]^The program is not being run\.
[21925]^Not confirmed\.
[21926]^failed internal consistency check
[21927]^Print inferior's saved terminal status\.
[21928]^Kill execution of program being debugged\.
[21929]^This system does not support attaching to a process
[21930]^This system does not support detaching from a process
[21931]^Couldn't read register .* \(#[0-9]{1,}\): .*\.
[21932]^Couldn't write register .* \(#[0-9]{1,}\): .*\.
//[21933]
[21934]^Don't know how large ``struct user'' is in this version of gdb\.
[21935]^Print contents of kernel ``struct user'' for current child\.
[21936]^The program is stopped at a permanent breakpoint, but GDB does not knowhow to step past a permanent breakpoint on this architecture\.  Try usinga command like `return' or ^Target '.*' cannot support this command\.
[21937]^print_stop_reason: unrecognized enum value
[21938]^Cannot remove breakpoints because program is no longer writable\.It might be running in another process\.Further execution is probably impossible\.
[21939]^Unknown value\.
[21940]^Unrecognized or ambiguous flag word: .*\.
[21941]^Not confirmed, unchanged\.
[21942]^Invalid signal handling flag\.
[21943]^Use the handle command to change these tables\.
[21944]^Unable to restore previously selected frame\.
[21945]^Child process unexpectedly missing: .*\.
[21946]^Illegal process\-id: .*\.
[21947]^unable to parse arguments
[21948]^usage: interpreter\-exec <interpreter> \[ <command> \.\.\. \]
[21949]^Could not find interpreter .*\.
[21950]^Could not switch to interpreter .*\.
[21951]^error in command: .*\.
[21952]^Execute a command in an interpreter\.  It takes two arguments:The first argument is the name of the interpreter to use\.The second argument is the command to execute\.
[21953]^wrong size gregset struct in core file
[21954]^Form of method invocation not implemented
[21955]^Invalid cast expression
[21956]^Numeric constant too large
[21957]^Empty character constant
[21958]^Unmatched single quote
[21959]^Invalid character constant
[21960]^Invalid number .*
[21961]^Unterminated string in expression
[21962]^Invalid character '.' in expression
[21963].*: near `.*'
[21964]^error in expression, near `.*'
[21965]^No class named `.*'
[21966]^unknown type `%\.\*s'
[21967]^0x[a-fA-F0-9]{1,}:.*Cannot access memory at address 0x[a-fA-F0-9]{1,}
[21968]^No symbol .* in current context
[21969]^Invalid cast expression
[21970]^Numeric constant too large
[21971]^Empty character constant
[21972]^Unmatched single quote
[21973]^Invalid character constant
[21974]^Invalid number .*
[21975]^Unterminated string in expression
[21976]^Invalid character '.' in expression
[21977]^cannot find java\.lang\.Object
[21978]^unknown signature '.' for primitive type
[21979]^not implemented \- java_value_string
[21980]^array index \(.*\) out of bounds \(length: .*\)
[21981]^cannot subscript something of type `.*'
[21982]^cannot subscript requested type
[21983]^<undefined type> .*;
[21984]^The currently understood settings are:local or auto    Automatic setting based on source file
[21985]^Unknown language `.*'\.
[21986]^Unrecognized type check setting: .*
[21987]^Unrecognized range check setting: .*
[21988]^Unrecognized case\-sensitive setting: .*
[21989]^Unrecognized type check setting\.
[21990]^Unrecognized range check setting\.
[21991]^Unrecognized case\-sensitive setting\.
[21992]^Current language:  .*
[21993]^Type checking:     .*
[21994]^Range checking:    .*
[21995]^Case sensitivity:  .*
[21996]^failed internal consistency check
[21997]^bad switch
[21998]^Magic number of .* language struct wrong
[21999]^failed internal consistency check
[22000]^Attempted to parse an expression with unknown language
[22001]^internal error \- unimplemented function unk_lang_emit_char called\.
[22002]^internal error \- unimplemented function unk_lang_printchar called\.
[22003]^internal error \- unimplemented function unk_lang_printstr called\.
[22004]^internal error \- unimplemented function unk_lang_create_fundamental_type called\.
[22005]^internal error \- unimplemented function unk_lang_print_type called\.
[22006]^internal error \- unimplemented function unk_lang_val_print called\.
[22007]^internal error \- unimplemented function unk_lang_value_print called\.
[22008]^language", class_support, &language, _\("Set the current source language\."\), _\("Show the current source language\.
[22009]^Can't get libunwind sp register\.
[22010]^Arguments must be choice numbers\.
[22011]^No choice number [0-9]{1,}\.
[22012]^duplicate request for [0-9]{1,} ignored\.
[22013]^Unmatched single quote\.
[22014]^malformed template specification in command
[22015]^debugging symbol .* does not match selector; ignoring
[22016]^malformed template specification in command
[22017]^No source file named .*\.
[22018]^History values used in line specs must have integer values\.
[22019]^Convenience variables used in line specs must have integer values\.
//[22020]
[22021]^Function .* not defined\.
[22022].* is not a function
[22023]^Line number not known for symbol .*
[22024]^Requires argument \(fork/checkpoint id to delete\)
[22025]^No such fork/checkpoint id, .*
[22026]^Please switch to another fork/checkpoint before deleting the current one
[22027]^Unable to kill pid .*
[22028]^Requires argument \(fork id to detach\)
[22029]^No such fork id, .*
[22030]^Please switch to another fork before detaching the current one
[22031]^Unable to detach .*
[22032]^No fork number [0-9]{1,}\.
[22033]^No forks\.
[22034]^checkpoint: can't find fork function in inferior\.
[22035]^checkpoint: call_function_by_hand returned null\.
[22036]^checkpoint: fork returned pid .*\.
[22037]^Failed to find new fork
[22038]^No such fork/process
[22039]^Requires argument \(process id to switch to\)
[22040]^Not found: process id .*
[22041]^Requires argument \(fork id to switch to\)
[22042]^Not found: fork id .*
[22043]^Requires argument \(checkpoint id to restart\)
[22044]^Not found: checkpoint id .*
[22045]^wait returned unexpected PID [0-9]{1,}
[22046]^wait returned unexpected status 0x[a-fA-F0-9]{1,}
[22047]^unknown ptrace event [0-9]{1,}
[22048]^Your system does not support fork catchpoints\.
[22049]^Your system does not support vfork catchpoints\.
[22050]^Your system does not support exec catchpoints\.
[22051]^Can't attach .*: .*
[22052]^No current process: you must name one\.
[22053]^No /proc directory: '.*'
[22054]^unable to open /proc file '.*'
[22055]^unable to read link '.*'
[22056]^unable to read link '.*'
[22057]^Process: [0-9]{1,}
[22058]^Minor faults \(no memory page\): [0-9]{1,}
[22059]^Minor faults, children: [0-9]{1,}
[22060]^Major faults \(memory page faults\): [0-9]{1,}
[22061]^Major faults, children: [0-9]{1,}
[22062]^Could not parse signal set: .*
[22063]^Could not parse signal set: .*
[22064]^Could not open .*
[22065]^Cannot find thread .*: .*
[22066]^Cannot find user\-level thread for LWP .*: .*
[22067]^Symbol .* not found in libthread_db: .*
[22068]^dlopen failed on '.*' \- .*
[22069]^GDB will not be able to debug pthreads\.
[22070]^Cannot initialize libthread_db: .*
[22071]^Unable to set global thread event mask: .*
[22072]^Unable to get location for thread creation breakpoint: .*
[22073]^Unable to get location for thread death breakpoint: .*
[22074]^Cannot initialize thread debugging library: .*
[22075]^Cannot enable thread event reporting for .*: .*
[22076]^Cannot get thread event message: .*
[22077]^Cannot get thread info: .*
[22078]^find_new_threads_callback: cannot get thread info: .*
[22079]^Cannot find new threads: .*
[22080]^No TLS library support
[22081]^TLS not allocated yet
[22082]^TLS not supported on this target
[22083]^Child process unexpectedly missing: .*\.
[22084]^internal error: no Modula fundamental type [0-9]{1,}
[22085]^long_set failed to find discrete bounds for its subtype
[22086]^expecting long_set
[22087]^bit test is out of range
[22088]^not implemented: member type in m2_val_print
[22089]^<incomplete type>
[22090]^<error value>
[22091]^<error type>
[22092]^<incomplete type>
[22093]^Invalid m2 type code [0-9]{1,} in symbol table\.
[22094]^No virtual frame pointer available
[22095]^Couldn't get registers
[22096]^Couldn't write registers
[22097]^Got request for bad register number [0-9]{1,}\.
[22098]^Got request to store bad register number [0-9]{1,}\.
[22099]^Unable to open file .*\.
[22100]^File is not an object file\.
[22101]^No ethernet connection!
[22102]^Couldn't initialize WINSOCK\.
[22103]^return of value > 4 is not supported\.
[22104]^bad size for return value
[22105]^m68k_register_name: illegal register number [0-9]{1,}
[22106]^Cannot convert floating\-point register value to non\-floating\-point type\.
[22107]^Cannot convert non\-floating\-point type to floating\-point register value\.
[22108]^Cannot extract return value of [0-9]{1,} bytes long\.
[22109]^Cannot store return value of [0-9]{1,} bytes long\.
[22110]^m68k_get_longjmp_target: not implemented
[22111]^Couldn't get registers
[22112]^Couldn't write registers
[22113]^Couldn't get floating point status
[22114]^Couldn't write floating point status
[22115]^Couldn't get registers
[22116]^Couldn't get registers
[22117]^Couldn't write registers
[22118]^Got request for bad register number [0-9]{1,}\.
[22119]^Got request to store bad register number [0-9]{1,}\.
[22120]^Wrong size gregset in core file\.
[22121]^Wrong size fpregset in core file\.
[22122]^You must follow the `macro expand' command with the expression youwant to expand\.
[22123]^You must follow the `macro expand\-once' command with the expressionyou want to expand\.
[22124]^Command not implemented yet\.
[22125]^List all the macros defined using the `macro define' command\.
[22126]^Unterminated comment in macro expansion\.
[22127]^Unmatched single quote\.
[22128]^A character constant must contain at least one character\.
[22129]^Unterminated string in expression\.
[22130]^Newline characters may not appear in string constants\.
[22131]^unable to avoid splicing tokens during macro expansion
[22132]^Malformed argument list for macro `.*'\.
[22133]^Stringification is not implemented yet\.
[22134]^Token splicing is not implemented yet\.
[22135]^Variable\-arity macros not implemented yet\.
[22136]^Varargs macros not implemented yet\.
[22137]^Wrong number of arguments to macro `.*' \(expected [0-9]{1,}, got [0-9]{1,}\)\.
[22138]^bad macro definition kind
[22139]^Expand\-once not implemented yet\.
[22140]^symtab found for `.*', but that file"is not covered in the compilation unit's macro information
[22141]^both `.*' and `.*' allegedly #included at .*:[0-9]{1,}
[22142]^macro `.*' redefined at .*:[0-9]{1,}; original definition at .*:[0-9]{1,}
[22143]^macro '.*' is #undefined twice, at .*:[0-9]{1,} and .*:[0-9]{1,}
[22144]^no definition for macro `.*' in scope to #undef at .*:[0-9]{1,}
[22145].*: unable to load tclcommand file .*
[22146]^warning: could not set baud rate to `.*'\.
[22147]^warning: could not set timeout limit to `.*'\.
[22148]^Use `.* \-\-help' for a complete list of options\.
[22149].*: `\-\-args' specified but no program specified
[22150]^Interpreter `.*' unrecognized
[22151]^Interpreter `.*' failed to initialize\.
[22152]^maintenance must be followed by the name of a maintenance command\.
[22153]^maintenance demangle takes an argument to demangle\.
[22154]^Can't demangle .*
[22155]^maintenance time takes a numeric argument\.
[22156]^maintenance info must be followed by the name of an info command\.
[22157]^requires argument \(address or section + address\)
[22158]^Need to specify <section\-name> and <address>
[22159]^Unknown section .*\.
[22160]^no symbol at .*:0x.*
[22161]^no symbol at 0x.*
[22162]^maintenance deprecate takes an argument, the command you want to deprecate, and optionally the replacement command enclosed in quotes\.
[22163]^maintenance undeprecate takes an argument, the command you want to undeprecate\.
[22164]^Can't find command '.*' to deprecate\.
[22165]^maintenance set must be followed by the name of a set command\.
[22166]^Profiling support is not available on this system\.
[22167]^Give GDB an internal error\.Cause GDB to behave as if an internal error was detected\.
[22168]^Give GDB an internal warning\.Cause GDB to behave as if an internal warning was reported\.
[22169]^bad aux index at symbol .*
[22170]^unknown external symbol .*
[22171]^cannot map ECOFF basic type 0x[a-fA-F0-9]{1,} for .*
[22172]^guessed tag type of .* incorrectly
[22173]^bad rfd entry for .*: file [0-9]{1,}, index [0-9]{1,}
[22174]^unexpected type code for .*
[22175]^Reading in symbols for .*\.\.\.
[22176].* not compiled with \-g, debugging support is limited\.
[22177]^You should compile with \-g2 or \-g3 for best debugging support\.
[22178]^unknown symbol type 0x[a-fA-F0-9]{1,}
[22179]^declaration block contains unhandled symbol type [0-9]{1,}
[22180]^stEnd with storage class [0-9]{1,} not handled
[22181]^unknown symbol type 0x[a-fA-F0-9]{1,}
[22182]^can't handle TIR fBitfield for .*
[22183]^unable to cross ref btIndirect for .*
[22184]^unable to cross ref btTypedef for .*
[22185]^illegal TIR continued for .*
[22186]^illegal array index type for .*, assuming int
[22187]^unknown type qualifier 0x[a-fA-F0-9]{1,}
[22188]^can't handle PDR for static proc at 0x%lx
[22189]^PDR for .*, but no symbol
[22190]^fixing bad setjmp PDR from libc
[22191]^Warning: .* `.*' is undefined \(in .*\)
[22192]^guessed size of linetable for .* incorrectly
[22193]^function `.*' appears to be defined outside of all compilation units
[22194]^bad ifd for external symbol: [0-9]{1,} \(max .*\)
[22195]^bad iss for external symbol: .* \(max .*\)
[22196]^unknown symbol descriptor `.'
[22197]^unknown symbol type .*
[22198]^bad proc end in aux found from symbol .*
[22199]^bad aux index at block symbol .*
[22200]^unknown local symbol .*
[22201]^with type [0-9]{1,}
[22202]^failed internal consistency check
[22203]^bad file number .*
[22204]^unknown stabs symbol .*
[22205]^File .* contains [0-9]{1,} unresolved references:
[22206]^illegal tq0 in forward typedef for .*
[22207]^illegal bt [0-9]{1,} in forward typedef for .*
[22208]^Error reading ECOFF debugging information: .*
[22209]^Software breakpoints not implemented for this target\.
[22210]^Switching to manual control of memory regions; use 
[22211]^invalid memory region: low >= high
[22212]^overlapping memory region
[22213]^No mem
[22214]^no lo address
[22215]^no hi address
[22216]^region bounds not 16 bit aligned
[22217]^region bounds not 32 bit aligned
[22218]^region bounds not 64 bit aligned
[22219]^unknown attribute: .*
[22220]^Using memory regions provided by the target\.
[22221]^Using user\-defined memory regions\.
[22222]^There are no memory regions defined\.
[22223]^No memory region number [0-9]{1,}\.
[22224]^Arguments must be memory region numbers\.
[22225]^Can not parse XML memory map; XML support was disabled 
[22226]^memory map: found 'property' element outside 'memory'
[22227]^While parsing element .*:.*
[22228]^Empty content of 'property' element
[22229]^Invalid content of the 'blocksize' property
[22230]^Unknown memory region property: .*
[22231]^Flash block size is not set
[22232]^while parsing element .*: .*
[22233]^Could not parse XML memory map: .*
[22234]^Couldn't get registers
[22235]^Couldn't get FP registers
[22236]^Couldn't get registers
[22237]^Couldn't set registers
[22238]^Couldn't get FP registers
[22239]^Couldn't set FP registers
[22240]^Bogon register number [0-9]{1,}\.
[22241]^Unknowable register number [0-9]{1,}\.
[22242]^Bogon register number [0-9]{1,}\.
[22243]^Unknowable register number [0-9]{1,}\.
[22244]^wrong size gregset struct in core file
[22245]^wrong size fpregset struct in core file
[22246]^can't handle ABI
[22247]^bad switch
[22248]^mips_register_name: bad register number [0-9]{1,}
[22249]^bad register size
[22250]^32\-bit compatibility mode not supported
[22251]^mips_mask_address_p: bad switch
[22252]^show_mask_address: bad switch
[22253]^GDB can't find the start of the function at 0x.*\.
[22254]^mips_eabi_push_dummy_call: sp=0x.* allocated .*
[22255]^can't read register [0-9]{1,} \(.*\)
[22256]^ <invalid float> 
[22257]^<invalid double>
[22258].*: \[Invalid\]
[22259]^can't read register [0-9]{1,} \(.*\)
[22260]^Not a valid register for the current processor type
[22261]^set mipsfpu failed
[22262]^unsupported ABI .*\.
[22263]^unrecognized \.gcc_compiled_longXX
[22264]^unknown ABI string
[22265]^unknown ABI in switch
[22266]^The MIPS ABI is unknown because the current architecture is not MIPS\.
[22267]^Cannot store return value [0-9]{1,} bytes long\.
[22268]^Cannot extract return value [0-9]{1,} bytes long\.
[22269]^Bogus register number in debug info: [0-9]{1,}
[22270]^mn10300_gdbarch_init: Unknown mn10300 variant
[22271]^Invalid hex digit [0-9]{1,}
[22272]^failed internal consistency check
[22273]^serial_write failed: .*
[22274]^Timeout reading from remote system\.
[22275]^GDB serial timeout has expired\.  Target detached\.
[22276]^compile_pattern: Can't compile pattern string `.*': .*!
[22277]^Magic number of monitor_ops struct wrong\.
[22278]^monitor_wait:  excessive response from monitor: .*\.
[22279]^Bad value returned from monitor while fetching register [a-fA-F0-9]{1,}\.
[22280]^failed internal consistency check
[22281]^Failed to read via monitor
[22282]^Args are not supported by the monitor\.
[22283]^No set_break defined for this monitor
[22284]^Too many breakpoints \(> [0-9]{1,}\) for monitor\.
[22285]^No clr_break defined for this monitor
[22286]^Can't find breakpoint associated with 0x.*
[22287]^monitor target not open\.
[22288]^Reply contains invalid hex digit 0x[a-fA-F0-9]{1,}
[22289]^Can't read symbols from .*: .*
[22290]^Lost the QNX node\.  Debug session probably over\.
[22291]^Invalid procfs arg
[22292]^Devctl failed\.
[22293]^alloca failed\.
[22294]^Invalid target CPU\.
[22295]^failed to opendir .* \- [0-9]{1,} \(.*\)
[22296]^failed to open .* \- [0-9]{1,} \(.*\)
[22297]^devctl DCMD_PROC_INFO failed \- [0-9]{1,} \(.*\)
[22298]^Attaching GDB to itself is not a good idea\.\.\.
[22299]^Couldn't open proc file .*, error [0-9]{1,} \(.*\)
[22300]^Couldn't stop process
[22301]^Error spawning .*: [0-9]{1,} \(.*\)
[22302]^Warning unable to write regset [0-9]{1,}: .*
[22303]^No struct type named .*\.
[22304]^This context has class, union or enum .*, not a struct\.
[22305]^no way to lookup Objective\-C classes
[22306]^NSString: internal error \-\- no way to create new NSString
[22307]^Can't find selector .*
[22308]^internal: compare_selectors\(1\)
[22309]^internal: compare_selectors\(2\)
[22310]^Invalid regexp \(.*\): .*
[22311]^No classes matching .*"\), regexp \? regexp : "\*
[22312]^Unable to locate _NSPrintForDebugger in child process
[22313]^object returns null description
[22314]^<object returns empty description>
[22315]^Can't find the file sections in `.*': .*
[22316]^cannot close .*: .*
[22317]^Failed to detach observer
[22318]^Failed to connect to OCD\.
[22319]^Argument given to detach when remotely debugging\.
[22320]^Can't stop target via BDM
[22321]^Truncated response packet from OCD device
[22322]^OCD device lost VCC at BDM interface\.
[22323]^OCD device cable appears to have been disconnected\.
[22324]^Register block size bad:  [0-9]{1,}
[22325]^Truncated response packet from OCD device
[22326]^Remote connection closed
[22327]^Remote communication error
[22328]^output_packet: write failed
[22329]^ocd_get_packet: bad packet checksum
[22330]^Response phase error\.  Got 0x[a-fA-F0-9]{1,}, expected 0x[a-fA-F0-9]{1,}
[22331]^Truncated response packet from OCD device
[22332]^OCD device can't detect VCC at BDM interface\.
[22333]^BDM cable appears to be disconnected\.
[22334]^Args are not supported by BDM\.
[22335]^bdm command must be followed by `reset'
[22336]^Not connected to OCD device\.
[22337]^Must specify file containing new OCD code\.
[22338]^Invalid OS ABI .* passed to command handler\.
[22339]^Updating OS ABI failed\.
[22340]^The current OS ABI is auto \(currently .*\)\.
[22341]^The default OS ABI is .*\.
[22342]^_initialize_gdb_osabi: gdb_osabi_names\[\] is inconsistent
[22343]^Set OS ABI of target\."\), _\("Show OS ABI of target\.
[22344]^internal error: no Pascal fundamental type [0-9]{1,}
[22345]^type not handled in pascal_type_print_varspec_prefix\(\)
[22346]^type not handled in pascal_type_print_varspec_suffix\(\)
[22347]^<undefined type> .*;
[22348]^record <unknown>
[22349]^<unknown type>
[22350]^<invalid unnamed pascal type code [0-9]{1,}>
[22351]^not implemented: member type in pascal_val_print
[22352]^<incomplete type>
[22353]^<error type>
[22354]^<incomplete type>
[22355]^<unknown>
[22356]^invalid pointer to member function
[22357]^<badly mangled name .*>
[22358]^<No data fields>
[22359]^<invalid address>
[22360]^\?error in operator_length_standard
[22361]^expression to compute
[22362]^Junk after end of expression\.
[22363]^Unable to fetch AltiVec register
[22364]^Unable to fetch SPE registers
[22365]^fetch_register: unexpected byte order: [0-9]{1,}
[22366]^Unable to fetch AltiVec registers
[22367]^Unable to fetch AltiVec register
[22368]^Unable to store AltiVec register
[22369]^Unable to set SPE registers
[22370]^Couldn't get AltiVec registers
[22371]^Couldn't write AltiVec registers
[22372]^Software breakpoints not implemented for this target\.
[22373]^bad switch
[22374]^Couldn't get registers
[22375]^Couldn't get FP registers
[22376]^Couldn't get registers
[22377]^Couldn't write registers
[22378]^Couldn't get FP registers
[22379]^Couldn't set FP registers
[22380]^Couldn't get registers
[22381]^Couldn't get floating point status
[22382]^Couldn't get registers
[22383]^Couldn't write registers
[22384]^Couldn't get floating point status
[22385]^Couldn't write floating point status
[22386]^The largest offset that will be printed in <symbol+1234> form is .*\.
[22387]^Printing of source filename and line number with <symbol> is .*\.
[22388]^failed internal consistency check
[22389]^Undefined output size .\.
[22390]^failed internal consistency check
//[22391]
[22392]^Undefined output format .\.
[22393]^No symbol matches .*\.
[22394]^Argument required\.
[22395]^No symbol .* in current context\.
[22396]^No display number [0-9]{1,}\.
[22397]^Arguments must be display numbers\.
[22398]^There are no auto\-display expressions now\.
[22399]^Auto\-display expressions now in effect:Num Enb Expression
[22400]^ \(cannot be evaluated in the current context\)
[22401]^Arguments must be display numbers\.
[22402]^Arguments must be display numbers\.
[22403]^format\-control string and values to print
[22404]^Bad format string, missing ''\.
[22405]^Bad format string, non\-terminated ''\.
[22406]^Unrecognized escape character . in format string\.
[22407]^Invalid argument syntax
[22408]^`\*' not supported for precision or width in printf
[22409]^Format specifier `n' not supported in printf
[22410]^Incomplete format specifier at end of format string
[22411]^Unrecognized format specifier '.' in printf
[22412]^Inappropriate modifiers to format specifier '.' in printf
[22413]^Wrong number of arguments for specified format\-string
[22414]^long double not supported in printf
[22415]^long long not supported in printf
[22416]^failed internal consitency check
[22417]^Describe where symbol SYM is stored\.
[22418]^procfs: couldn't find pid [0-9]{1,} \(kernel thread [0-9]{1,}\) in procinfo list\.
[22419]^procfs: couldn't find pid [0-9]{1,} in procinfo list\.
[22420]^load_syscalls: Can't open /proc/[0-9]{1,}/sysent
[22421]^load_syscalls: Error reading /proc/[0-9]{1,}/sysent
[22422]^load_syscalls: /proc/[0-9]{1,}/sysent contains no syscalls!
[22423]^load_syscalls: Error reading /proc/[0-9]{1,}/sysent
[22424]^procfs: fetch_registers failed to find procinfo for .*
[22425]^procfs: store_registers: failed to find procinfo for .*
[22426]^procfs: couldn't stop process [0-9]{1,}: wait returned [0-9]{1,}\.
[22427]^procfs: trapped on entry to 
//[22428]^\[.* exited\]
[22429]^procfs: trapped on exit from 
[22430]^child stopped for unknown reason:
[22431]^resume: target already running\.  Pretend to resume, and hope for the best!
[22432]^Use the run command to start a Unix child process\.
[22433]^procfs: create_procinfo failed in child\.
[22434]^procfs:[0-9]{1,} \-\- Can't find shell .* in PATH
[22435]^procfs_find_LDT_entry: could not find procinfo for [0-9]{1,}:[0-9]{1,}\.
[22436]^procfs_find_LDT_entry: could not read gregs for [0-9]{1,}:[0-9]{1,}\.
[22437]^Unable to remove __dbx_link breakpoint\.
[22438]^Failed to create a bfd: .*\.
[22439]^Failed to insert dbx_link breakpoint\.
[22440]^No current process: you must name one\.
[22441]^you must be debugging a process to use this command\.
[22442]^Give a trace of entries into the syscall\.
[22443]^Give a trace of exits from the syscall\.
[22444]^Cancel a trace of entries into the syscall\.
[22445]^Cancel a trace of exits from the syscall\.
[22446]^gcore not implemented for this host\.
[22447]^read_pc_pid: Unable to find PC
[22448]^read_sp: Unable to find SP
[22449]^<cooked>
[22450]^<invalid>
[22451]^\*[0-9]{1,}: Inconsistent register sizes\.
[22452]^\*[0-9]{1,}: Inconsistent register offsets\.
[22453]^\*[0-9]{1,}: Register type's name NULL\.
[22454]^Print the internal register configuration including raw values\.Takes an optional file parameter\.
[22455]^Print the internal register configuration including cooked values\.Takes an optional file parameter\.
[22456]^Print the internal register configuration including each register's group\.Takes an optional file parameter\.
[22457]^serial_write failed: .*
[22458]^Timeout reading from remote system\.
[22459]^Can't pass arguments to remote E7000DEBUG process
[22460]^No executable file specified
[22461]^Syntax is ftplogin <machine> <user> <passwd> <directory>
[22462]^Bad arguments\.  Usage:target e7000 <device> <speed>or target e7000 <host>\[:<port>\]or target e7000 tcp_remote <host>\[:<port>\]or target e7000 pc
[22463]^Unable to synchronize with target\.
[22464]^Register set not selected\.
[22465]^out of sync in fetch registers wanted <.*>, got <. 0x[a-fA-F0-9]{1,}>
[22466]^failed internal consistency check
[22467]^Error writing memory
[22468]^Memory read error
[22469]^unknown option `.*'
[22470].* is not an object file: .*
[22471]^e7000_load: serial_write failed: .*
[22472]^Too many breakpoints \( > [0-9]{1,}\) for the E7000\.
[22473]^Can't find breakpoint associated with 0x.*\.
[22474]^e7000 target not open\.
[22475]^failed internal consistency check
[22476]^Send a command to the e7000 monitor\.
[22477]^Illegal argument for set remote system\-call\-allowed command
[22478]^Garbage after show remote system\-call\-allowed command: `.*'
[22479]^Cannot pass arguments to remote STDEBUG process
[22480]^Connection refused\.
[22481]^Cannot connect to SDI target\.
[22482]^Too many breakpoints
[22483]^Error while downloading .* section\.
[22484]^Timed out in read
[22485]^Reinitializing MIPS debugging mode
[22486]^Ignoring unexpected ACK
[22487]^Got new SYN after [0-9]{1,} chars \(wanted [0-9]{1,}\)
[22488]^Got SYN when wanted trailer
[22489]^Ignoring sequence number [0-9]{1,} \(want [0-9]{1,}\)
[22490]^common_breakpoint \(0x.*\): Warning: .*
[22491]^common_breakpoint \(0x.*\): Unknown warning: 0x[a-fA-F0-9]{1,}
[22492]^common_breakpoint \(0x.*\): Error: .*
[22493]^common_breakpoint \(0x.*\): Unknown error: 0x[a-fA-F0-9]{1,}
[22494]^failed internal consistency check
[22495]^common_breakpoint \(0x.*\):  Got error: 0x[a-fA-F0-9]{1,}
[22496]^Download got a NACK at byte .*!  Retrying\.
[22497]^Fast encoding bitcount must be a multiple of 12bits: [0-9]{1,}bit.*", n, \(n == 1\) \? "" : "s
[22498]^Fast encoding cannot process more than 36bits at the moment: [0-9]{1,}bits
[22499]^Failed to receive valid ACK for .*
[22500]^Load did not complete successfully\.
[22501]^Size of register .* \([0-9]{1,}/[0-9]{1,}\) incorrect \([0-9]{1,} instead of [0-9]{1,}\)\)
[22502]^Register size different to expected
[22503]^GDB sim does not yet support a load offset\.
[22504]^unable to load program
[22505]^No executable file specified\.
[22506]^No program loaded\.
[22507]^Insufficient memory available to allocate simulator arg list\.
[22508]^unable to create simulator instance
[22509]^The program is not being run\.
[22510]^No program loaded\.
[22511]^Not connected to the simulator target
[22512]^Send a command to the simulator\.
[22513]^serial_write failed: .*
[22514]^Timeout reading from remote system\.
[22515]^Invalid hex digit from remote system\.
[22516]^Can't pass arguments to remote STDEBUG process
[22517]^No executable file specified
[22518]^Bad arguments\.  Usage: target st2000 <device> <speed>or target st2000 <host> <port>
[22519]^Error writing log file\.
[22520]^Error closing log file\.
[22521]^Too many breakpoints \(> 16\) for STDBUG
[22522]^Can't find breakpoint associated with 0x[a-fA-F0-9]{1,}
[22523]^Missing command\.
[22524]^st2000 target not open\.
[22525]^Send a command to the STDBUG monitor\.
[22526]^Unrecognized arguments: `.*'\.
[22527]^Usage: target .* \[DEVICE \[SPEED \[DEBUG\]\]\]where DEVICE is the name of a device or HOST:PORT
[22528]^Timeout reading from remote system\.
[22529]^sr_write: Error writing to remote
[22530]^Invalid hex digit from remote system\.
[22531]^Argument given to detach when remotely debugging\.
[22532]^Can't pass arguments to remote process\.
[22533]^No executable file specified
[22534]port when debugging using remote targets\.
[22535]^Send a command to the remote monitor\.
[22536]^Remote device not open
[22537]^Argument required \(integer, `fixed' or `limited'\)\.
[22538]^Invalid .* \(bad syntax\)\.
[22539]^Invalid .* \(too large\)\.
[22540]^Protocol error: .* \(.*\) conflicting enabled responses\.
[22541]^Enabled packet .* \(.*\) not recognized by stub
[22542]^Packet .* \(.*\) is NOT supported
[22543]^Incomplete response to threadinfo request\.
[22544]^ERROR RMT Thread info mismatch\.
[22545]^ERROR RMT: threadinfo tag mismatch\.
[22546]^ERROR RMT: length of threadid is not 16\.
[22547]^ERROR RMT: 'exists' length too long\.
[22548]^ERROR RMT: unknown thread info tag\.
[22549]^Command can only be used when connected to the remote target\.
[22550]^empty item in qSupported response
[22551]^unrecognized item .* in qSupported response
[22552]^Argument given to detach when remotely debugging\.
[22553]^Reply contains invalid hex digit [0-9]{1,}
[22554]^Malformed packet\(a\) \(missing colon\): .*Packet: '.*'
[22555]^Remote sent bad register number .*: .*Packet: '.*'
[22556]^Remote reply is too short: .*
[22557]^Remote register badly formatted: .*here: .*
[22558]^Invalid remote reply: .*
[22559]^Remote failure reply: .*
[22560]^Remote reply is too short: .*
[22561]^Protocol error: p packet not recognized by stub
[22562]^Bad register packet; fetching a new packet
[22563]^Remote reply is of odd length: .*
[22564]^Remote reply is wrong length: .*
[22565]^Protocol error: P packet not recognized by stub
[22566]^Received too much data from remote target;
[22567]^Unmatched escape character in target response\.
[22568]^binary downloading NOT suppported by target
[22569]^binary downloading suppported by target
[22570]^minumum packet size too small to write data
[22571]^remote_write_bytes: bad internal state
[22572]^Communication problem with target\.
[22573]^Remote target does not support flash erase
[22574]^Error erasing flash with vFlashErase packet
[22575]^Remote target does not support vFlashDone
[22576]^Error finishing flash operation
[22577]^Remote connection closed
[22578]^Remote communication error
[22579]^Remote failure reply: .*
[22580]^putpkt: write failed
[22581]^Packet instead of Ack, ignoring it
[22582]^Bad checksum, sentsum=0x[a-fA-F0-9]{1,}, csum=0x[a-fA-F0-9]{1,}, buf=
[22583]^Invalid run length encoding: .*
[22584]^Watchdog has expired\.  Target detached\.
[22585]^Ignoring packet error, continuing\.\.\.
[22586]^hw_bp_to_z: bad watchpoint type [0-9]{1,}
[22587]^command cannot be used without an exec file
[22588]^command can only be used with remote target
[22589]^target memory fault, section .*, range 0x.* \-\- 0x.*
[22590]^remote target does not support this operation
[22591]^One or more sections of the remote executable does not matchthe loaded file
[22592]^No loaded section named '.*'\.
[22593]^Unknown remote qXfer reply: .*
[22594]^Remote qXfer reply contained no data\.
[22595]^monitor command ``.*'' is too long\.
[22596]^Communication problem with target\.
[22597]^Target does not support this command\.
[22598]^Protocol error with Rcmd
[22599]^command can only be used with remote target
[22600]^remote\-packet command requires packet text as argument
[22601]^Remote threadset test
[22602]^Fetch and display info about one thread
[22603]^Test setting to a different thread
[22604]^Iterate through updating all remote thread info
[22605]^Remote target doesn't support qGetTLSAddr packet
[22606]^Remote target failed to process qGetTLSAddr request
[22607]^TLS not supported or disabled on this target
[22608]^Calling remote_async when async is masked
[22609]^Invalid hex digit [0-9]{1,}
[22610]^gdb error: register no [0-9]{1,} not implemented\.
[22611]^Gdb error: unknown parameter to fetch_core_registers\(\)\.
[22612]^Could not open `.*' as an executable file: .*
[22613].*: member .* missing\.
[22614].*: member .* not in executable format: .*\.
[22615].*: not in executable format: .*\.
[22616].* \(fd=[0-9]{1,}\) has disappeared, keeping its symbols
[22617]^Unable to stat .*, keeping its symbols
[22618]^Symbol file .*is not mapped; discarding it\.
[22619]^set_host_arch: failed to select architecture
[22620]^Couldn't get ldinfo from core file: .*
[22621]^Unable to find TOC entry for pc .*\.
[22622]^Register [0-9]{1,} size [0-9]{1,} unknown
[22623]^e500_pseudo_register_read: called on unexpected register '.*' \([0-9]{1,}\)
[22624]^e500_pseudo_register_read: called on unexpected register '.*' \([0-9]{1,}\)
[22625]^rs6000_store_return_value: unexpected array return type
[22626]^rs6000_gdbarch_init: received unexpected BFD 'arch' value
[22627]^Couldn't get registers
[22628]^Couldn't write registers
[22629]^Couldn't get floating point status
[22630]^Couldn't write floating point status
[22631]^Couldn't retrieve watchpoint status
[22632]^Couldn't modify watchpoint status
[22633]^Attempt to remove nonexistent watchpoint\.
[22634]^Unmapped DWARF Register #[0-9]{1,} encountered\.
[22635]^invalid regnum
[22636]^unknown argument type
[22637]^invalid return type
[22638]^Cannot set function return value\.
[22639]^Function return value unknown\.
[22640]^Value can't be converted to integer\.
[22641]^No symbol .* in current context\.
[22642]^net_open: No colon in host name!
[22643].*: unknown host
[22644]^set_tty_state failed: .*
[22645]^Invalid baud rate [0-9]{1,}\.  Closest values are [0-9]{1,} and [0-9]{1,}\.
[22646]^Invalid baud rate [0-9]{1,}\.  Minimum value is [0-9]{1,}\.
[22647]^Invalid baud rate [0-9]{1,}\.  Maximum value is [0-9]{1,}\.
[22648]^<Timeout: [0-9]{1,} seconds>
[22649]^serial_readchar: blocking read in async mode
[22650]^serial: FD not valid
[22651]^This command takes no args\.  They have been ignored\.
[22652]^connect
[22653]^Unable to open parallel port\.
[22654]^Target is not an SH3
[22655]^Invalid pseudo register number [0-9]{1,}
[22656]^\*value not available\*
[22657]^Invalid register number [0-9]{1,}
[22658]^Couldn't get registers
[22659]^Couldn't set registers
[22660]^Wrong size register set in core file\.
[22661]^This version of Solaris can't start inactive threads\.
[22662]^Specified thread .* seems to have terminated
[22663]^rw_common \(\): unable to read at addr 0x%lx
[22664]^rw_common \(\): unable to write at addr 0x%lx
[22665]^info sol\-thread: failed to get info for thread\.
[22666]^\[GDB will not be able to debug user\-mode threads: .*\]
[22667]^Could not find name of main executable in map file
[22668]^Unable to grok dynamic linker .* as an object file
[22669]^Unable to find dynamic linker breakpoint function\.GDB will be unable to debug shared library initializersand track explicitly loaded dynamic code\.
[22670]^Ignoring section .* when relocating the executable\.
[22671]^Could not find main executable in map file
[22672]^shared library handler failed to enable breakpoint
[22673]^aix_relocate_section_addresses: Can't find mapping for section .*
[22674]^Could not find gate page in map file
[22675]^lm_base: _GLOBAL_OFFSET_TABLE_ not found\.
[22676]^frv_current_sos: Unable to read link map entry\.  Shared object chain may be incomplete\.
[22677]^frv_current_sos: Unable to fetch load map\.  Shared object chain may be incomplete\.
[22678]^Can't read pathname for link map entry: .*\.
[22679]^Unable to grok dynamic linker .* as an object file
[22680]^Unable to determine dynamic linker loadmap address\.
[22681]^enable_break: interp_loadmap_addr = .*
[22682]^Unable to load dynamic linker loadmap at address .*\.
[22683]^Could not find symbol _dl_debug_addr in dynamic linker
[22684]^enable_break: _dl_debug_addr \(prior to relocation\) = .*
[22685]^enable_break: _dl_debug_addr \(after relocation\) = .*
[22686]^Unable to fetch contents of _dl_debug_addr \(at address .*\) from dynamic linker
[22687]^Unable to fetch _dl_debug_addr\->r_brk \(at address .*\) from dynamic linker
[22688]^Unable to fetch _dl_debug_addr\->\.r_brk entry point \(at address .*\) from dynamic linker
[22689]^enable_break: solib event breakpoint placed at entry point: .*
[22690]^enable_break: No \.interp section found\.
[22691]^Unable to load the executable's loadmap\.
[22692]^shared library handler failed to enable breakpoint
[22693]^Set internal debugging of shared library code for FR\-V\."\), _\("Show internal debugging of shared library code for FR\-V\."\), _\("When non\-zero, FR\-V solib specific internal debugging is enabled\.
[22694]^Unable to fetch shared library obj_info or obj_list info\.
[22695]^shared library handler failed to enable breakpoint
[22696]^shared library handler failed to disable breakpoint
[22697]^Can't read pathname for load map: .*\.
[22698]^failed to read exec filename from attached file: .*
[22699]^unable to read shared sec name at 0x%lx
[22700]^No object file symbols\.
[22701]^Unable to read in \.dynamic section information\.
[22702]^Error while reading in load map pointer\.
[22703]^Error trying to get information about dynamic linker\.
[22704]^Error while reading in \.dynamic section of the program\.
[22705]^Error while reading in \.dynamic section of the program\.
[22706]^Unable to read the \.dynamic section\.
[22707]^Unable to modify dynamic linker flags\.
[22708]^Unable to grok dynamic linker .* as an object file
[22709]^The shared libraries were not privately mapped; setting a
[22710]^Cannot select pa64 solib support for this configuration\.
[22711]^Unable to write __d_pid\.Suggest linking with /opt/langtools/lib/end\.o\.GDB will be unable to track shl_load/shl_unload calls
[22712]^Unable to find _DLD_HOOK symbol in object file\.Suggest linking with /opt/langtools/lib/end\.o\.GDB will be unable to track shl_load/shl_unload calls
[22713]^Unable to find __dld_hook symbol in object file\.Suggest linking with /opt/langtools/lib/end\.o\.GDB will be unable to track shl_load/shl_unload calls
[22714]^Unable to find __dld_d_trap symbol in object file\.Suggest linking with /opt/langtools/lib/end\.o\.GDB will be unable to track shl_load/shl_unload calls
[22715]^Unable to find __dld_flags symbol in object file\.
[22716]^Unable to read __dld_flags\.
[22717]^Unable to write __dld_flags\.
[22718]^Unable to find _start symbol in object file\.
[22719]^Unable to find __dld_flags symbol in object file\.
[22720]^__dld_list is not valid according to __dld_flags\.
[22721]^The shared libraries were not privately mapped; setting a
[22722]^Unable to find dynamic library list\.
[22723]^Can't read pathname for load map: .*\.
[22724]^failed to read exec filename from attached file: .*
[22725]^Unable to find $PRIVATE$ in shared library!
[22726]^Can't read pathname for load map: .*\.
[22727]^stopped at unknown breakpoint while handling shared libraries
[22728]^shared library handler failed to enable breakpoint
[22729]^shared library handler failed to disable breakpoint
[22730]^\.dynamic section for .* is not at the expected address
[22731]^difference appears to be caused by prelink, 	adjusting expectations
[22732]^\.dynamic section for .* is not at the expected address \(wrong library or version mismatch\?\)
[22733]^failed to read exec filename from attached file: .*
[22734]^Can't read pathname for load map: .*\.
[22735]^Can't read pathname for load map: .*\.
[22736]^Unable to grok dynamic linker .* as an object file
[22737]^Unable to find dynamic linker breakpoint function\.GDB will be unable to debug shared library initializersand track explicitly loaded dynamic code\.
[22738]^no shared library support for this OS / ABI
[22739]^shared library handler failed to enable breakpoint
[22740]^The search path for loading non\-absolute shared library symbol files is .*\.
[22741]^Could not open `.*' as an executable file: .*
[22742]^Full path name length of shared library exceeds SO_NAME_MAX_PATH_SIZE in so_list structure\.
[22743].*: not in executable format: .*\.
[22744]^Can't find the file sections in `.*': .*
[22745]^cannot close .*: .*
[22746]^Symbols already loaded for .*
[22747]^Symbol file not found for .*
[22748]^Invalid regexp: .*
[22749]^No shared libraries loaded at this time\.
[22750]^Couldn't read symbol dictionary!
[22751]^Can't read in HP string table\.
[22752]^Invalid symbol data; bad HP string table offset: [0-9]{1,}
[22753]^Number of source lines gdb will list by default is .*\.
//[22754]
[22755]^Can't find a default source file
[22756]^Reinitialize source path to empty\? 
[22757].* is not a directory\.
[22758]^No current source file\.
//[22759]^Current source file is .*
[22760]^No line number information available
[22761]^Line number [0-9]{1,} is out of range for .*\.
[22762]^Expression not found
[22763]^Too many arguments in command
[22764]^Source path substitution rule matching `.*':
[22765]^List of all source path substitution rules:
[22766]^Incorrect usage, too many arguments in command
[22767]^No substitution rule defined for `.*'
[22768]^Incorrect usage, too few arguments in command
[22769]^Incorrect usage, too many arguments in command
[22770]^First argument must be at least one character long
[22771]^Couldn't get floating point status
[22772]^Couldn't get registers
[22773]^Couldn't write registers
[22774]^Couldn't get floating\-point registers
[22775]^Couldn't write floating\-point registers
[22776]^Couldn't get StackGhost cookie
[22777]^invalid regnum
[22778]^invalid C++ abbreviation `.*'
[22779]^register number [0-9]{1,} too large \(max [0-9]{1,}\) in symbol .*
[22780]^Invalid symbol data: type number \([0-9]{1,},[0-9]{1,}\) out of range at symtab pos [0-9]{1,}\.
[22781]^GDB internal error: bad real_filenum
[22782]^Unknown C++ symbol name `.*'
[22783]^couldn't parse type; debugger out of date\?
[22784]^Unrecognized cross\-reference type `.'
[22785]^Prototyped function type didn't end arguments with `#':.*
[22786]^invalid \(minimal\) member type data format at symtab pos [0-9]{1,}\.
[22787]^GDB internal error, type is NULL in stabsread\.c\.
[22788]^Unknown builtin type [0-9]{1,}
[22789]^Method has bad physname .*
[22790]^const/volatile indicator missing, got '.'
[22791]^member function type missing, got '.'
[22792]^C++ abbreviated type name unknown at symtab pos [0-9]{1,}
[22793]^<no value>
[22794]^Unknown virtual character `.' for baseclass
[22795]^Unknown visibility `.' for baseclass
[22796]^virtual function table pointer not found when defining class `.*'
[22797]^Unknown visibility `.' for field
[22798]^struct/union type gets multiply defined: .*.*
[22799]^base type [0-9]{1,} of range type is not defined
[22800]^Invalid symbol data: common block within common block
[22801]^ECOMM symbol unmatched by BCOMM
[22802]^need a type name
[22803].*: common block `.*' from global_sym_chain unresolved
[22804]^invalid symbol name .*
[22805]^Too many args in frame specification
[22806]^Stack frame at 
[22807]^No stack\.
[22808]^\(More stack frames follow\.\.\.\)
[22809]^Backtrace stopped: .*
[22810]^No symbol table info available\.
[22811]^No locals\.
[22812]^No symbol table info available\.
[22813]^blockvector blotch
[22814]^blockvector botch
[22815]^No catches\.
[22816]^No frame selected\.
[22817]^Info catch not supported with this target/compiler combination\.
[22818]^No frame selected\.
[22819]^No symbol table info available\.
[22820]^No arguments\.
[22821]^No frame selected\.
[22822]^No stack\.
[22823]^Initial frame selected; you cannot go up\.
[22824]^Bottom \(innermost\) frame selected; you cannot go down\.
[22825]^Not confirmed
[22826]^Problem while popping stack frames \(corrupt stack\?\)
[22827]^'.*' not within current stack frame\.
[22828]^Exceptions that can be caught in the current stack frame\.
[22829]^backtrace\-limit", class_stack, set_backtrace_limit_command, _\("Specify maximum number of frames for backtrace to print by default\.
[22830]^backtrace\-limit", backtrace_limit_info, _\("The maximum number of frames for backtrace to print by default\.
[22831]^Standard register ``$sp'' is not available for this target
[22832]^Standard register ``$ps'' is not available for this target
// ok
[22833]^add\-symbol\-file\-from\-memory not supported for this target
[22834]^Failed to read a valid object file image from memory\.
[22835]^Got object file from memory but can't read symbols: .*\.
[22836]^add\-symbol\-file\-from\-memory requires an expression argument
[22837]^Must use symbol\-file or exec\-file before add\-symbol\-file\-from\-memory\.
[22838]^Could not load vsyscall page because no executable was specifiedtry using the file command first\.
[22839]^Load the symbols out of memory from a dynamically loaded object file\.Give an expression for the address of the file's shared object file header\.
[22840]^Dynamic symbol table reloading multiple times in one run is .*\.
[22841]^no loadable sections found in added symbol\-file .*
[22842]^Lowest section in .* is .* at .*
[22843]^section .* not found in .*
[22844]^Reading symbols from .*\.\.\.
[22845]^expanding to full symbols\.\.\.
[22846]^\(no debugging symbols found\)
[22847]^Discard symbol table from `.*'\? "\),
[22848]^No symbol file now\.
[22849]^unknown option `.*'
[22850]^no symbol file name was specified
[22851].*: can't open to read symbols: .*\.
[22852].*: can't read symbols: .*\.
[22853]^I'm sorry, Dave, I can't do that\.  Symbol format `.*' unknown\.
[22854]^Download verify read failed at 0x.*
[22855]^Download verify compare failed at 0x.*
[22856]^Canceled the download
[22857]^Invalid download offset:.*\.
[22858]^Too many parameters\.
[22859].* is not an object file: .*
[22860]^Load failed
[22861]^USAGE: add\-symbol\-file <filename> <textaddress> \[\-mapped\] \[\-readnow\] \[\-s <secname> <addr>\]\*
[22862]^The address where .* has been loaded is missing
[22863]^This command is not available in this configuration of GDB\.
[22864]^`.*' has disappeared; keeping its symbols\.
[22865]^`.*' has changed; re\-reading symbols\.
[22866]^Can't close BFD for .*: .*
[22867]^Can't open .* to read symbols\.
[22868]^Can't read symbols from .*: .*\.
[22869]^Can't find the file sections in `.*': .*
[22870]^\(no debugging symbols found\)
[22871]^Mapping between filename extension and source language is .*\.
[22872]^'.*': Filename extension must begin with '\.'
[22873]^'.*': two arguments required \-\- filename extension and language
[22874]^Filename extensions and the languages they represent:
[22875]^Replacing old symbols for `.*'
[22876]^Empty symbol table found for `.*'
[22877]^No sections are mapped\.
[22878]^Overlay debugging not enabled\.  Use either the 'overlay auto' orthe 'overlay manual' command\.
[22879]^Argument required: name of an overlay section
[22880]^Note: section .* unmapped by overlap
[22881]^No overlay section called .*
[22882]^Overlay debugging not enabled\.  Use either the 'overlay auto' orthe 'overlay manual' command\.
[22883]^Argument required: name of an overlay section
[22884]^Section .* is not mapped
[22885]^No overlay section called .*
[22886]^Automatic overlay debugging enabled\.
[22887]^Overlay debugging enabled\.
[22888]^Overlay debugging disabled\.
[22889]^This target does not know how to read its overlay state\.
[22890]^Assert that an overlay section is mapped\.
[22891]^Assert that an overlay section is unmapped\.
[22892]^List mappings of overlay sections\.
[22893]^Enable overlay debugging\.
[22894]^Disable overlay debugging\.
[22895]^Enable automatic overlay debugging\.
[22896]^Read the overlay mapping state from the target\.
[22897]^No minimal symbols found\.
[22898]^internal error:  minimal symbol count [0-9]{1,} != [0-9]{1,}
[22899]^unresolved
[22900]^Internal: readin .* pst for `.*' found when no symtab found\.
[22901]^failed internal consistency check
[22902]instantiation: .*<type>\)\.
[22903]^Internal: static symbol `.*' found in .* psymtab but not in symtab\..* may be an inlined function, or may be a template function\(if a template, try specifying an instantiation: .*<type>\)\.
[22904]^\(Internal error: pc 0x.* in read in psymtab, but not in symtab\.\)
[22905]^mismatched quoting on brackets, try 'operator\[\]'
[22906]^nothing is allowed between '\[' and '\]'
[22907]^`operator \(\)' must be specified without whitespace in `\(\)'
[22908]^`operator \?:' must be specified without whitespace in `\?:'
[22909]^`operator \[\]' must be specified without whitespace in `\[\]'
[22910]^`operator .*' not supported
//[22911]
[22912]^must search on specific domain
[22913]^Invalid regexp \(.*\): .*
[22914]^Empty line specification\.
[22915]^Junk at end of line specification: .*
[22916]^variables", variables_info, _\("All global and static variable names, or those matching REGEXP\.
[22917]^whereis", class_info, variables_info, _\("All global and static variable names, or those matching REGEXP\.
[22918]^All function names, or those matching REGEXP\.
[22919]^All type names, or those matching REGEXP\.
[22920]^Source files in the program\.
[22921]^Set a breakpoint for all functions matching REGEXP\.
[22922]^Source files in the program
[22923]^lg", class_info, variables_info, _\("All global and static variable names, or those matching REGEXP\.
[22924]^Section index is uninitialized
[22925]^Error writing data to flash
[22926]^Target debugging is .*\.
[22927]^You can't do that when your target is `.*'
[22928]^You can't do that without a process to debug\.
[22929]^No run\-time support for this
[22930]^No saved terminal information\.
[22931]^You are already running a program:
[22932]^Killing the program did not help\.
[22933]^Program not killed\.
[22934]^Magic number of .* target struct wrong
[22935]^failed internal consistency check
[22936]^pop_target couldn't find target .*
[22937]^failed internal consistency check
[22938]^TLS load module not found
[22939]^Cannot find thread\-local variables in this thread library\.
[22940]^Cannot find shared library `.*' in dynamic linker's load module list
[22941]^Cannot find executable file `.*' in dynamic linker's load module list
[22942]^Cannot find thread\-local storage for .*, shared library .*:.*
[22943]^Cannot find thread\-local storage for .*, executable file .*:.*
[22944]^Cannot find thread\-local variables on this target
[22945]^Writing to flash memory forbidden in this context
[22946]^Overlapping regions in memory map: ignoring
[22947]^While running this, GDB does not access memory from\.\.\.
[22948]^A program is being debugged already\.  Kill it\? 
[22949]^target_disconnect \(.*, [0-9]{1,}\)
[22950]^target_follow_fork \([0-9]{1,}\) = [0-9]{1,}
[22951]^Don't know how to .*\.  Try help target\.
[22952]^No target\.
[22953]^exited, status = [0-9]{1,}
[22954]^stopped, signal = .*
[22955]^signalled, signal = .*
[22956]^monitor command not supported by this target\.
[22957]^Couldn't restore frame in current thread, at frame 0
[22958]^Please specify a command following the thread ID list
[22959]^Please specify a thread ID list
[22960]^Please specify a command following the thread ID list
[22961]^Error parsing .*
[22962]^Unknown thread [0-9]{1,}\.
[22963]^Thread [0-9]{1,} \(.*\):
//[22964]^\[Current thread is [0-9]{1,} \(.*\)\]
[22965]^No stack\.
[22966]^Thread ID [0-9]{1,} not known\.
[22967]^Thread ID [0-9]{1,} has terminated\.
[22968]^IDs of currently known threads\.
[22969]^Apply a command to all threads\.
[22970]^Whether to confirm potentially dangerous operations is .*\.
[22971]^Cannot execute this command while the target is running\.
[22972]^That is not a command, just a help topic\.
[22973]^Command execution time: .*\.%06ld
[22974]^Space used: .* \(..* for this command\)
[22975]^Saving of the history record on exit is .*\.
[22976]^The size of the command history is .*\.
[22977]^The filename in which to record the command history is .*\.
[22978]^Erroneous arithmetic operation\.
[22979]^History size must be non\-negative
[22980]^set history must be followed by the name of a history subcommand\.
[22981]^Gdb's prompt is .*\.
[22982]^Editing of command lines as they are typed is .*\.
[22983]^Annotation_level is .*\.
[22984]^Notification of completion for asynchronous execution commands is .*\.
[22985]^Set gdb's prompt"\), _\("Show gdb's prompt
[22986]^tracepoint\.c: error in outgoing packet\.
[22987]^tracepoint\.c: error in outgoing packet at field #.*\.
[22988]^trace API error 0x.*\.
[22989]^Target returns error code '.*'\.
[22990]^Target does not support this command\.
[22991]^trace command requires an argument
[22992]^passcount command requires an argument \(count + optional TP num\)
[22993]^Junk at end of arguments\.
[22994]^This command cannot be used at the top level\.
[22995]^This command can only be used in a tracepoint actions list\.
[22996]^This command can only be used in a tracepoint actions list\.
[22997]^Already processing 'while\-stepping'
[22998]^'.*' is not an action that I know, or is ambiguous\.
[22999]^constant .* \(value .*\) will not be collected\.
[23000].* is optimized away and cannot be collected\.
[23001]^expression too complicated, try simplifying
[23002]^malformed expression
[23003]^gdb: Internal error: expression has min height < 0
[23004]^expression too complicated, try simplifying
[23005]^'.*': bad step\-count; command ignored\.
[23006]^'.*' is not a supported tracepoint action\.
[23007]^Internal: register number [0-9]{1,} too large for tracepoint
[23008]^don't know how to trace local symbol .*
[23009]^Bad action list item: .*
[23010]^malformed expression
[23011]^gdb: Internal error: expression has min height < 0
[23012]^expression too complicated, try simplifying
[23013]^Target does not support this command\.
[23014]^Target does not support tracepoints\.
[23015]^Error on target while setting tracepoints\.
[23016]^Bogus reply from target: .*
[23017]^Trace can only be run on remote targets\.
[23018]^Bogus reply from target: .*
[23019]^Target failed to find requested trace frame\.
[23020]^not debugging trace buffer
[23021]^already at start of trace buffer
[23022]^invalid input \([0-9]{1,} is less than zero\)
[23023]^No current tracepoint \-\- please supply an argument\.
[23024]^Cannot find a good line\.
[23025]^Line number [0-9]{1,} is out of range for .*\.
[23026]^Argument required \(file name in which to save tracepoints\)
[23027]^save\-tracepoints: no tracepoints to save\.
[23028]^Unable to open file '.*' for saving tracepoints \(.*\)
[23029]^Bad action list item: .*
[23030]^requires an argument \(function, line or \*addr\) to define a scope
[23031]^Trace can only be run on remote targets\.
[23032]^No current trace frame\.
[23033]^No known tracepoint matches 'current' tracepoint #[0-9]{1,}\.
[23034]^Bad action list item: .*
[23035]^List the variables local to a scope
[23036]^Tracing of program execution without stopping the program\.
[23037]^tracepoints", tracepoints_info, _\("Status of tracepoints, or tracepoint number NUMBER\.Convenience variable $tpnum contains the number of thelast tracepoint set\.
[23038]^Register .* not available
[23039]^tui_file_delete: bad magic number
[23040]^tui_file_isatty: bad magic number
[23041]^tui_file_rewind: bad magic number
[23042]^tui_file_put: bad magic number
[23043]^tui_file_get_strbuf: bad magic number
[23044]^tui_file_adjust_strbuf: bad magic number
[23045]^tui_file_flush: bad magic number
[23046]^Please answer y or n\.
[23047]^Cannot create pipe for readline
[23048]^Cannot redirect readline output
[23049]^Invalid layout specified\..*
[23050]^Display only floating point registers\.
[23051]^Display only general registers\.
[23052]^Display only system registers\.
[23053]^Display next register group\.
[23054]^Display only general registers
[23055]^Display only special registers
[23056]^Scroll the registers window forward
[23057]^Scroll the register window backward
[23058]^No function contains program counter for selected frame\.
[23059]^The attribute mode to use for the active TUI window border is .*\.
[23060]^The attribute mode to use for the TUI window borders is .*\.
[23061]^The kind of border for TUI windows is .*\.
[23062]^Invalid window specified\. The window name specified must be valid and visible\.
[23063]^Focus set to .* window\.
[23064]^Incorrect Number of Arguments\..*
[23065]^Tab widths greater than 0 must be specified\.
[23066]^Invalid window height specified\..*
[23067]^Language not supported\.
[23068]^internal error: unhandled type in print_type_scalar
[23069]^Invalid type code in symbol table\.
[23070]^ui_file_data: bad magic number
[23071]^mem_file_delete: bad magic number
[23072]^mem_file_rewind: bad magic number
[23073]^mem_file_put: bad magic number
[23074]^mem_file_write: bad magic number
[23075]^stdio_file_delete: bad magic number
[23076]^stdio_file_flush: bad magic number
[23077]^stdio_file_read: bad magic number
[23078]^stdio_file_write: bad magic number
[23079]^stdio_file_fputs: bad magic number
[23080]^stdio_file_isatty: bad magic number
[23081]^tee_file_delete: bad magic number
[23082]^tee_file_flush: bad magic number
[23083]^tee_file_write: bad magic number
[23084]^tee_file_fputs: bad magic number
[23085]^tee_file_isatty: bad magic number
[23086]^tables cannot be nested; table_begin found before 
[23087]^table_body outside a table is not valid; it must be 
[23088]^extra table_body call not allowed; there must be 
[23089]^number of headers differ from number of table columns\.
[23090]^misplaced table_end or missing table_begin\.
[23091]^table header must be specified after table_begin and before table_body\.
[23092]^table header or table_body expected; lists must be 
[23093]^table_body missing; table fields must be 
[23094]^ui\-out internal error in handling headers\.
[23095]^Demangling of encoded C++/ObjC names when displaying symbols is .*\.
[23096]^free_current_contents: NULL pointer
[23097].*:[0-9]{1,}: .*: .*A problem internal to GDB has been detected,further debugging may prove unreliable\.
[23098].*Quit this debugging session\? 
[23099]^bad switch
[23100].*Create a core file of GDB\? 
[23101]^virtual memory exhausted: can't allocate .* bytes\.
[23102]^virtual memory exhausted\.
[23103]^vasprintf call failed
[23104]^\(.* or .*\) \[answered .; input not from terminal\]
[23105]^\(.* or .*\) 
[23106]^Please answer .* or .*\.
[23107]^failed internal consistency check
[23108]^hex_string_custom: insufficient space to store result
[23109]^failed internal consistency check
[23110]^invalid hex .*
[23111]^invalid decimal .*
[23112]^can't open .*\.
[23113]^failed to create new thread structure
[23114]^Cannot perform pointer math on incomplete type .*, try casting to a known type, or void \*\.
[23115]^First argument of `\-' is a pointer and second argument is neitheran integer nor a pointer of the same type\.
[23116]^array or string index out of range
[23117]^bitstring index out of range
[23118]^not an array or string
[23119]^no such vector element
[23120]^Can't do that binary op on that type
[23121]^Invalid binary operation specified\.
[23122]^member function .* not found
[23123]^Can't do that unary op on that type
[23124]^Invalid unary operation specified\.
[23125]^member function .* not found
[23126]^unimplemented support for bitstring/boolean repeats
[23127]^can't repeat values of that type
[23128]^Strings can only be concatenated with other strings\.
[23129]^Bitstrings or booleans can only be concatenated with other bitstrings or booleans\.
[23130]^unimplemented support for bitstring/boolean concatenation\.
[23131]^illegal operands for concatenation\.
[23132]^Argument to arithmetic operation not a number or boolean\.
[23133]^Cannot perform exponentiation: .*
[23134]^Integer\-only operation on floating point number\.
[23135]^Invalid operation on booleans\.
[23136]^Cannot perform exponentiation: .*
[23137]^Invalid binary operation on numbers\.
[23138]^Cannot perform exponentiation: .*
[23139]^Division by zero
[23140]^Invalid binary operation on numbers\.
[23141]^Invalid type combination in equality test\.
[23142]^Invalid type combination in ordering comparison\.
[23143]^Argument to negate operation not a number\.
[23144]^Argument to complement operation not an integer or boolean\.
[23145]^Second argument of 'IN' has wrong type
[23146]^First argument of 'IN' has wrong type
[23147]^First argument of 'IN' not in range
[23148]^Overload resolution in evaluating C++ functions is .*\.
[23149].* exists in this program but is not a function\.
[23150]^evaluation of this expression requires the target program to be active
[23151]^evaluation of this expression requires the program to have a function .*\.
[23152]^No memory available to program now: you need to start the target first
[23153]^No memory available to program: call to malloc failed
[23154]^array element type size does not divide object size in cast
[23155]^Pointers to methods not supported with HP aCC
[23156]^value truncated
[23157]^Invalid cast\.
[23158]^Attempt to dereference a generic pointer\.
[23159]^Attempt to dereference a generic pointer\.
[23160]^Left operand of assignment is not a modifiable lvalue\.
[23161]^Can't handle bitfields which don't fit in a [0-9]{1,} bit word\.
[23162]^Value being assigned to is no longer active\.
[23163]^Left operand of assignment is not an lvalue\.
[23164]^Only values in memory can be extended with '@'\.
[23165]^Invalid number [0-9]{1,} of repetitions\.
[23166]^No frame is currently executing in block .*\.
[23167]^No frame is currently executing in specified block
[23168]^Address of symbol .* is unknown\.
// when -data-evaluate-expression &1
[23169]^Attempt to take address of value not located in memory\.
[23170]^not implemented: member types in value_ind
[23171]^Attempt to take contents of a non\-pointer value\.
[23172]^bad array bounds \([0-9]{1,}, [0-9]{1,}\)
[23173]^array elements must all be the same size
[23174]^typecmp: no argument list
[23175]^field .* is nonexistent or has been optimised out
[23176]^there is no field named .*
[23177]^virtual baseclass botch
[23178]^virtual baseclass botch
[23179]^Couldn't find virtual table \-\- object may not be constructed yet\.
[23180]^cannot resolve overloaded method `.*': no arguments supplied
[23181]^Virtual base class offset not found in vtable
[23182]^virtual baseclass botch
[23183]^virtual baseclass botch
[23184]^not implemented: member type in value_struct_elt
[23185]^Attempt to extract a component of a value that is not a .*\.
[23186]^Cannot get value of destructor
[23187]^Cannot take address of method .*\.
[23188]^There is no member or method named .*\.
[23189]^There is no member named .*\.
[23190]^could not find destructor function named .*\.
[23191]^destructor should not have any argument
[23192]^One of the arguments you tried to pass to .* could not be converted to what the function wants\.
[23193]^Structure has no component named .*\.
[23194]^Virtual base class offset not found in vtable
[23195]^virtual baseclass botch
[23196]^Not implemented: member type in value_find_oload_lis
[23197]^Attempt to extract a component of a value that is not a struct or union
[23198]^Cannot resolve function .* to any overloaded instance
[23199]^Using non\-standard conversion to match function .* to supplied arguments
[23200]^Overloaded method instance .*, # of parms [0-9]{1,}
[23201]^Overloaded function instance .* # of parms [0-9]{1,}
[23202]^\.\.\.Badness @ [0-9]{1,} : [0-9]{1,}
[23203]^Overload resolution champion is [0-9]{1,}, ambiguous\? [0-9]{1,}
[23204]^name of destructor must equal name of class
[23205]^not implemented: member type in check_field
[23206]^Internal error: `this' is not an aggregate
[23207]^non\-aggregate type in value_aggregate_elt
[23208]^Internal error: non\-aggregate type to value_struct_elt_for_reference
[23209]^static field .* has been optimized out
[23210]^pointers to bitfield members not allowed
[23211]^member pointers to destructors not implemented yet
[23212]^non\-unique member `.*' requires type instantiation
[23213]^no member function matches that type instantiation
[23214]^No symbol .* in namespace .*\.
[23215]^Couldn't retrieve complete object of RTTI type .*; object may be in register\(s\)\.
[23216]^no frame selected
[23217]^no `.*' in nameless context
[23218]^no args, no `.*'
[23219]^current stack frame does not contain a variable named `.*'
[23220]^`.*' argument unreadable
[23221]^cannot take slice of non\-array
[23222]^slice from bad array or bitstring
[23223]^slice out of range
[23224]^internal error accessing bitstring
[23225]^cannot cast non\-number to complex
[23226]^Set overload resolution in evaluating C++ functions\."\), _\("Show overload resolution in evaluating C++ functions\.
[23227]^Limit on string chars or array elements to print is .*\.
[23228]^Default input radix for entering numbers is .*\.
[23229]^Default output radix for printing of values is .*\.
[23230]^Printing of array indexes is .*\.
[23231]^Threshold for repeated print elements is .*\.
[23232]^Printing of char arrays to stop at first null char is .*\.
[23233]^Prettyprinting of structures is .*\.
[23234]^Prettyprinting of arrays is .*\.
[23235]^Printing of unions interior to structures is .*\.
[23236]^Printing of addresses is .*\.
[23237]^<incomplete type>
[23238]^<error reading variable>
[23239]^<address of value unknown>
[23240]^<value optimized out>
[23241]^failed internal consistency check
[23242]^Value out of range\.
[23243]^<invalid float value>
[23244]^Internal error in octal conversion;
[23245]^ out of bounds>
[23246]^ <Error reading address 
[23247]^Nonsense input radix ``decimal [0-9]{1,}''; input radix unchanged\.
[23248]^Input radix now set to decimal [0-9]{1,}, hex [a-fA-F0-9]{1,}, octal %o\.
[23249]^Unsupported output radix ``decimal [0-9]{1,}''; output radix unchanged\.
[23250]^Output radix now set to decimal [0-9]{1,}, hex [a-fA-F0-9]{1,}, octal %o\.
[23251]^Input and output radices now set to decimal [0-9]{1,}, hex [a-fA-F0-9]{1,}, octal %o\.
[23252]^Input and output radices set to decimal [0-9]{1,}, hex [a-fA-F0-9]{1,}, octal %o\.
[23253]^Input radix set to decimal [0-9]{1,}, hex [a-fA-F0-9]{1,}, octal %o\.
[23254]^Output radix set to decimal [0-9]{1,}, hex [a-fA-F0-9]{1,}, octal %o\.
//[23255]
[23256]^The history is empty\.
[23257]^There is only one value in the history\.
[23258]^History does not go back to $$[0-9]{1,}\.
[23259]^History has not yet reached $[0-9]{1,}\.
[23260]^Init\-if\-undefined requires an assignment expression\.
[23261]^The first parameter to init\-if\-undefined should be a GDB variable\.
[23262]^No debugger convenience variables now defined\.Convenience variables have names starting with $;
[23263]^Invalid floating value found in program\.
[23264]^not implemented: member types in unpack_long
[23265]^Value can't be converted to integer\.
[23266]^Value does not fit in [0-9]{1,} bits\.
[23267]^Unexpected type \([0-9]{1,}\) encountered for integer constant\.
[23268]^Unexpected type encountered for floating constant\.
[23269]^Function return type unknown\.
[23270]^convenience", no_class, show_convenience, _\(
[23271]^Elements of value history around item number IDX \(or last ten\)\.
[23272]^Attempt to use a type name as an expression\.
[23273]^Variable object not found
[23274]^varobj_delete: assertion failed \- mycount\(=[0-9]{1,}\) <> 0
[23275]^varobj_update: assertion failed \- vleft <> 0
[23276]^Duplicate variable object name
[23277]^Child of parent whose type does not allow children
[23278]^Set varobj debugging\."\), _\("Show varobj debugging\."\), _\("When non\-zero, varobj debugging is enabled\.
[23279]^Unable to determine location of registers
[23280]^Couldn't get registers
[23281]^Couldn't write registers
[23282]^Can't get module info
[23283]^Error getting dll name: [0-9]{1,}\.
[23284]^dll\-symbols requires a file name
[23285]^process\-id to attach
[23286]^Can't attach to process\.
[23287]^Can't detach process %lu \(error %lu\)
[23288]^Use the run command to start a Unix child process\.
[23289]^No executable specified, use `target exec'\.
[23290]^Error creating process .*, \(error [0-9]{1,}\)\.
[23291]^Core file register section too small \([0-9]{1,} bytes\)\.
[23292]^Load dll library symbols from FILE\.
[23293]^Invalid register [0-9]{1,} in cygwin_set_dr\.
[23294]^obsolete '.*' found\. Rename to '.*'\.
[23295]^Use the run command to start a child process\.
[23296]^no filename found to upload \- .*\.
[23297]^couldn't open .*
[23298]^error opening file .*\.  Windows error [0-9]{1,}\.
[23299]^error writing to remote device \- [0-9]{1,}\.
[23300]^error closing remote file \- [0-9]{1,}\.
[23301]^Can't initialize connection to remote device\.
[23302]^couldn't get hostname of this system\.
[23303]^couldn't bind socket
[23304]^Couldn't open socket for listening\.
[23305]^Unable to start remote stub '.*'\.  Windows CE error [0-9]{1,}\.
[23306]^couldn't set up server for connection\.
[23307]^No executable specified, use `target exec'\.
[23308]^Error creating process .*, \(error [0-9]{1,}\)\.
[23309]^Can't send signals to the child\.  signal [0-9]{1,}
[23310]^Unknown upload type: .*\.
[23311]^Mismatched \.ef symbol ignored starting at symnum [0-9]{1,}
[23312]^Nested C_BINCL symbols
[23313]^Mismatched C_BINCL/C_EINCL pair
[23314]^Bad line table offset in C_EINCL directive
[23315]^Unexpected symbol continuation
[23316]^Unrecognized storage class [0-9]{1,}\.
[23317]^Unexpected storage class: [0-9]{1,}
[23318]^Invalid symbol offset
[23319]^Psymtab for .* already read in\.  Shouldn't happen\.
[23320]^cannot seek to string table in .*: .*
[23321]^cannot read string table from .*: .*
[23322]^bad symbol file: string table does not end with null character
[23323]^function `.*' appears to be defined outside of all compilation units
[23324]^More than one XMC_TC0 symbol found\.
[23325]^Storage class [0-9]{1,} not recognized during scan
[23326]^unknown symbol descriptor `.'
[23327]^Error reading \.debug section of `.*': .*
[23328]^Error reading symbols from .*: .*
[23329]^reading symbol table
[23330]^Invalid regexp: .*
[23331]^Can't find attribute .*
[23332]^Can't convert value of attribute .*, .*, to integer
[23333]^Invalid enumerated value in XML: .*
[23334]^xstormy16_register_name: illegal register number [0-9]{1,}
[23335]^invalid register [0-9]{1,}
[23336]^invalid register number [0-9]{1,}
[23337]^invalid dwarf/stabs register number [0-9]{1,}
[23338]^size of all masks is larger than the register
[23339]^size of all masks is larger than the register
[23340]^trying to read FP
[23341]^cannot read register .*
[23342]^cannot read register
[23343]^invalid register number [0-9]{1,}
[23344]^trying to write FP
[23345]^cannot write register .*
[23346]^cannot write register
[23347]^invalid register number [0-9]{1,}
[23348]^cannot extract return value of [0-9]{1,} bytes long
[23349]^unimplemented for this length: [0-9]{1,}
[23350]^non\-windowed configurations are not supported
[23351]^num_aregs: Number of AR registers \([0-9]{1,}\) is not a power of two!
[23352]^pc_regnum: No PC register
[23353]^ps_regnum: No PS register
[23354]^wb_regnum: No WB register
[23355]^ws_regnum: No WS register
[23356]^ar_base: No AR registers
[23357]^a0_base: No Ax registers
[23358]^the following are invalid: .*
[23359]^xtensa_dump_tdep\(\): not implemented
[23360].*: option `.*' is ambiguous
[23361].*: option `\-\-.*' doesn't allow an argument
[23362].*: option `..*' doesn't allow an argument
[23363].*: option `.*' requires an argument
[23364].*: unrecognized option `\-\-.*'
[23365].*: unrecognized option `..*'
[23366].*: illegal option \-\- .
[23367].*: invalid option \-\- .
[23368].*: option requires an argument \-\- .
[23369].*: option `\-W .*' is ambiguous
[23370].*: option `\-W .*' doesn't allow an argument
[23371].*: option `.*' requires an argument
[23372].*: option requires an argument \-\- .
[23373]^branch operand unaligned
[23374]^jump hint unaligned
[23375]^unable to fit different valued constants into instruction
[23376]^auxiliary register not allowed here
[23377]^attempt to set readonly register
[23378]^attempt to read writeonly register
[23379]^attempt to set readonly register
[23380]^attempt to read writeonly register
[23381]^invalid register number `[0-9]{1,}'
[23382]^too many long constants
[23383]^too many long constants
[23384]^to many shimms in load
[23385]^too many long constants
[23386]^impossible store
[23387]^st operand error
[23388]^address writeback not allowed
[23389]^store value must be zero
[23390]^invalid load/shimm insn
[23391]^ld operand error
[23392]^address writeback not allowed
[23393]^jump flags, but no \.f seen
[23394]^jump flags, but no limm addr
[23395]^flag bits of jump address limm lost
[23396]^attempt to set HR bits
[23397]^bad jump flags value
[23398]^branch address not on 4 byte boundary
[23399]^must specify \.jd or no nullify suffix
[23400]^<illegal precision>
[23401]^Unrecognised register name set: .*
[23402]^Unrecognised disassembler option: .*
[23403]^The following ARM specific disassembler options are supported for use withthe \-M switch:
[23404]^undefined
[23405]^Internal disassembler error
[23406]^unknown constraint `.'
[23407]^operand out of range \(.* not between .* and .*\)
[23408]^<unknown register [0-9]{1,}>
[23409]^Unknown error [0-9]{1,}
[23410]^Address 0x.* is out of bounds\.
[23411]^Register number is not valid
[23412]^Register must be between r0 and r7
[23413]^Register must be between r8 and r15
[23414]^Register list is not valid
[23415]^Unrecognized field [0-9]{1,} while parsing\.
[23416]^missing mnemonic in syntax string
[23417]^unrecognized instruction
[23418]^syntax error \(expected char `.', found `.'\)
[23419]^syntax error \(expected char `.', found end of instruction\)
[23420]^junk at end of line
[23421]^unrecognized instruction
[23422]^Unrecognized field [0-9]{1,} while printing insn\.
[23423]^operand out of range \(.* not between .* and .*\)
[23424]^Unrecognized field [0-9]{1,} while building insn\.
[23425]^Unrecognized field [0-9]{1,} while decoding insn\.
[23426]^Unrecognized field [0-9]{1,} while getting int operand\.
[23427]^Unrecognized field [0-9]{1,} while getting vma operand\.
[23428]^Unrecognized field [0-9]{1,} while setting int operand\.
[23429]^Unrecognized field [0-9]{1,} while setting vma operand\.
[23430]^missing `\]'
[23431]^Special purpose register number is out of range
[23432]^Value of A operand must be 0 or 1
[23433]^register number must be even
[23434]^missing `\)'
[23435]^Unrecognized field [0-9]{1,} while parsing\.
[23436]^missing mnemonic in syntax string
[23437]^unrecognized instruction
[23438]^syntax error \(expected char `.', found `.'\)
[23439]^syntax error \(expected char `.', found end of instruction\)
[23440]^junk at end of line
[23441]^unrecognized instruction
[23442]^Unrecognized field [0-9]{1,} while printing insn\.
[23443]^operand out of range \(.* not between .* and .*\)
[23444]^Unrecognized field [0-9]{1,} while building insn\.
[23445]^Unrecognized field [0-9]{1,} while getting int operand\.
[23446]^Unrecognized field [0-9]{1,} while getting vma operand\.
[23447]^Hmmmm 0x[a-fA-F0-9]{1,}
[23448]^Don't understand 0x[a-fA-F0-9]{1,} 
[23449]^can't cope with insert [0-9]{1,}
[23450]^<internal disassembler error>
[23451].*: Error: 
[23452].*: Warning: 
[23453]^multiple note .* not handled
[23454]^can't find ia64\-ic\.tbl for reading
[23455]^multiple note .* not handled
[23456]^can't find .* for reading
[23457]^most recent format '.*'appears more restrictive than '.*'
[23458]^overlapping field .*\->.*
[23459]^overwriting note [0-9]{1,} with note [0-9]{1,} \(IC:.*\)
[23460]^Don't know how to specify # dependency .*
[23461]^IC:.* \[.*\] has no terminals or sub\-classes
[23462]^IC:.* has no terminals or sub\-classes
[23463]^no insns mapped directly to terminal IC .* \[.*\]
[23464]^no insns mapped directly to terminal IC .*
[23465]^class .* is defined but not used
[23466]^rsrc .* \(.*\) has no regs
[23467]^IC note [0-9]{1,} in opcode .* \(IC:.*\) conflicts with resource .* note [0-9]{1,}
[23468]^IC note [0-9]{1,} for opcode .* \(IC:.*\) conflicts with resource .* note [0-9]{1,}
[23469]^opcode .* has no class \(ops [0-9]{1,} [0-9]{1,} [0-9]{1,}\)
[23470]^unable to change directory to .*, errno = .*
[23471]^W keyword invalid in FR operand slot\.
[23472]^offset\(IP\) is not a valid form
[23473]^\(DP\) offset out of range\.
[23474]^\(SP\) offset out of range\.
[23475]^illegal use of parentheses
[23476]^operand out of range \(not between 1 and 255\)
[23477]^parse_addr16: invalid opindex\.
[23478]^Byte address required\. \- must be even\.
[23479]^cgen_parse_address returned a symbol\. Literal required\.
[23480]^percent\-operator operand is not a symbol
[23481]^Attempt to find bit index of 0
[23482]^Unrecognized field [0-9]{1,} while parsing\.
[23483]^missing mnemonic in syntax string
[23484]^unrecognized instruction
[23485]^unrecognized instruction
[23486]^syntax error \(expected char `.', found `.'\)
[23487]^syntax error \(expected char `.', found end of instruction\)
[23488]^junk at end of line
[23489]^unrecognized instruction
[23490]^Unrecognized field [0-9]{1,} while printing insn\.
[23491]^operand out of range \(.* not between .* and .*\)
[23492]^Unrecognized field [0-9]{1,} while building insn\.
[23493]^Unrecognized field [0-9]{1,} while decoding insn\.
[23494]^Unrecognized field [0-9]{1,} while setting vma operand\.
[23495]^immediate value cannot be register
[23496]^immediate value out of range
[23497]^21\-bit offset out of range
[23498]^Unrecognized field [0-9]{1,} while parsing\.
[23499]^missing mnemonic in syntax string
[23500]^unrecognized instruction
[23501]^syntax error \(expected char `.', found `.'\)
[23502]^syntax error \(expected char `.', found end of instruction\)
[23503]^junk at end of line
[23504]^dsp:8 immediate is out of range
[23505]^Immediate is out of range \-8 to 7
[23506]^Immediate is out of range \-7 to 8
[23507]^dsp:16 immediate is out of range
[23508]^dsp:20 immediate is out of range
[23509]^dsp:24 immediate is out of range
[23510]^immediate is out of range 1\-2
[23511]^immediate is out of range 1\-8
[23512]^immediate is out of range 0\-7
[23513]^immediate is out of range 2\-9
[23514]^Bit number for indexing general register is out of range 0\-15
[23515]^bit,base is out of range
[23516]^bit,base out of range for symbol
[23517]^not a valid r0l/r0h pair
[23518]^Invalid size specifier
[23519]^Register number is not valid
[23520]^Register list is not valid
[23521]^Unrecognized field [0-9]{1,} while parsing\.
[23522]^missing mnemonic in syntax string
[23523]^unrecognized instruction
[23524]^<internal error in opcode table: .* .*>
[23525]^# internal error, incomplete extension sequence \(+\)
[23526]^# internal error, undefined extension sequence \(+.\)
[23527]^# internal error, undefined modifier\(.\)
[23528]^# internal disassembler error, unrecognised modifier \(.\)
[23529]^Bad case [0-9]{1,} \(.*\) in .*:[0-9]{1,}
[23530]^Internal: Non\-debugged code \(test\-case missing\): .*:[0-9]{1,}
[23531]^Illegal as emulation instr
[23532]^Illegal as 2\-op instr
[23533]^Operand out of range\. Must be between \-32768 and 32767\.
[23534]^Biiiig Trouble in parse_imm16!
[23535]^%operator operand is not a symbol
[23536]^Operand out of range\. Must be between \-32768 and 32767\.
[23537]^invalid operand\.  type may have values 0,1,2 only\.
[23538]^Unrecognized field [0-9]{1,} while parsing\.
[23539]^missing mnemonic in syntax string
[23540]^unrecognized instruction
[23541]^unrecognized instruction
[23542]^syntax error \(expected char `.', found `.'\)
[23543]^syntax error \(expected char `.', found end of instruction\)
[23544]^invalid conditional option
[23545]^attempt to set y bit when using + or \- modifier
[23546]^offset not a multiple of 16
[23547]^offset not a multiple of 2
[23548]^offset greater than 62
[23549]^offset not a multiple of 4
[23550]^offset greater than 124
[23551]^offset not a multiple of 8
[23552]^offset greater than 248
[23553]^offset not a multiple of 4
[23554]^offset not between \-2048 and 2047
[23555]^offset not between \-8192 and 8191
[23556]^offset not a multiple of 4
[23557]^invalid mask field
[23558]^ignoring invalid mfcr mask
[23559]^ignoring least significant bits in branch offset
[23560]^illegal bitmask
[23561]^value out of range
[23562]^index register in load range
[23563]^source and target register operands must be different
[23564]^invalid register operand when updating
[23565]^target register operand must be even
[23566]^source register operand must be even
[23567]^invalid sprg number
[23568]^<illegal instruction>
[23569]^Internal error: bad sparc\-opcode\.h: .* == .*
[23570]^unknown operand shift: [a-fA-F0-9]{1,}
[23571]^unknown pop reg: [0-9]{1,}
[23572]^branch value not in range and to odd offset
[23573]^branch to odd offset
[23574]^branch value not in range and to an odd offset
[23575]^branch value out of range
[23576]^invalid register for stack adjustment
[23577]^immediate value not in range and not even
[23578]^immediate value must be even
[23579]^Missing '#' prefix
[23580]^Missing '\.' prefix
[23581]^Missing 'pof:' prefix
[23582]^Missing 'pag:' prefix
[23583]^Missing 'sof:' prefix
[23584]^Missing 'seg:' prefix
[23585]^Unrecognized field [0-9]{1,} while parsing\.
[23586]^missing mnemonic in syntax string
[23587]^syntax error \(expected char `.', found `.'\)
[23588]^syntax error \(expected char `.', found end of instruction\)
[23589]^junk at end of line
[23590]^unrecognized instruction
[23591]^Unrecognized field [0-9]{1,} while printing insn\.
[23592]^operand out of range \(.* not between .* and .*\)
[23593]^Unrecognized field [0-9]{1,} while building insn\.
[23594]^Bad register in preincrement
[23595]^Bad register in postincrement
[23596]^Bad register name
[23597]^Label conflicts with register name
[23598]^Label conflicts with `Rx'
[23599]^Bad immediate expression
[23600]^No relocation for small immediate
[23601]^Small operand was not an immediate number
[23602]^Operand is not a symbol
[23603]^Syntax error: No trailing '\)'
[23604]^Unrecognized field [0-9]{1,} while parsing\.
[23605]^missing mnemonic in syntax string
[23606]^unrecognized instruction
[23607]^syntax error \(expected char `.', found `.'\)
[23608]^syntax error \(expected char `.', found end of instruction\)
[23609]^junk at end of line
//
[23610]^Can't find member of namespace, class, struct, or union named .*
//[23611]^Hint: try '.*<TAB> or '.*<ESC\-\?>
//[23612]^\(Note leading single quote\.\)
// when -data-evaluate-expression &
[23613]^A .* error in expression, near `.*'\.
[23614]^A syntax error in expression, near `'\.
[/know_errors_list_gdb]
